[ 2016-05-08T19:45:40+08:00 ] 127.0.0.1 /
INFO: [ app_init ] --START--
INFO: Run Behavior\BuildLiteBehavior [ RunTime:0.000022s ]
INFO: [ app_init ] --END-- [ RunTime:0.000881s ]
INFO: [ app_begin ] --START--
INFO: Run Behavior\ReadHtmlCacheBehavior [ RunTime:0.014046s ]
INFO: [ app_begin ] --END-- [ RunTime:0.014191s ]
INFO: [ view_parse ] --START--
INFO: [ template_filter ] --START--
INFO: Run Behavior\ContentReplaceBehavior [ RunTime:0.000082s ]
INFO: [ template_filter ] --END-- [ RunTime:0.000168s ]
INFO: Run Behavior\ParseTemplateBehavior [ RunTime:0.058424s ]
INFO: [ view_parse ] --END-- [ RunTime:0.058532s ]
INFO: [ view_filter ] --START--
INFO: Run Behavior\WriteHtmlCacheBehavior [ RunTime:0.000978s ]
INFO: [ view_filter ] --END-- [ RunTime:0.001048s ]
INFO: [ app_end ] --START--
INFO: Run Behavior\ShowPageTraceBehavior [ RunTime:0.014023s ]
INFO: [ app_end ] --END-- [ RunTime:0.014148s ]

[ 2016-05-08T19:45:43+08:00 ] 127.0.0.1 /index.php/Home/index/main.html
INFO: [ app_init ] --START--
INFO: Run Behavior\BuildLiteBehavior [ RunTime:0.000025s ]
INFO: [ app_init ] --END-- [ RunTime:0.000398s ]
INFO: [ app_begin ] --START--
INFO: Run Behavior\ReadHtmlCacheBehavior [ RunTime:0.000452s ]
INFO: [ app_begin ] --END-- [ RunTime:0.000565s ]
INFO: [ view_parse ] --START--
INFO: [ template_filter ] --START--
INFO: Run Behavior\ContentReplaceBehavior [ RunTime:0.000078s ]
INFO: [ template_filter ] --END-- [ RunTime:0.000182s ]
INFO: Run Behavior\ParseTemplateBehavior [ RunTime:0.111966s ]
INFO: [ view_parse ] --END-- [ RunTime:0.112083s ]
INFO: [ view_filter ] --START--
INFO: Run Behavior\WriteHtmlCacheBehavior [ RunTime:0.000269s ]
INFO: [ view_filter ] --END-- [ RunTime:0.000340s ]
INFO: [ app_end ] --START--
INFO: Run Behavior\ShowPageTraceBehavior [ RunTime:0.000576s ]
INFO: [ app_end ] --END-- [ RunTime:0.000649s ]

[ 2016-05-08T19:45:47+08:00 ] 127.0.0.1 /index.php/Home/Teach/smallcourse.html
INFO: [ app_init ] --START--
INFO: Run Behavior\BuildLiteBehavior [ RunTime:0.000020s ]
INFO: [ app_init ] --END-- [ RunTime:0.000375s ]
INFO: [ app_begin ] --START--
INFO: Run Behavior\ReadHtmlCacheBehavior [ RunTime:0.000464s ]
INFO: [ app_begin ] --END-- [ RunTime:0.000563s ]
SQL: SHOW COLUMNS FROM `cww_course` [ RunTime:0.0187s ]
NOTIC: [8] Use of undefined constant int - assumed 'int' D:\Software\wamp\www\Application\Home\Controller\TeachController.class.php 第 9 行.
SQL: SELECT * FROM `cww_course` WHERE ( edulevel = '小学' ) ORDER BY subject LIMIT 0,8   [ RunTime:0.0184s ]
SQL: SELECT COUNT(*) AS tp_count FROM `cww_course` WHERE ( edulevel = '小学' ) LIMIT 1   [ RunTime:0.0184s ]
INFO: [ view_parse ] --START--
INFO: [ template_filter ] --START--
INFO: Run Behavior\ContentReplaceBehavior [ RunTime:0.000074s ]
INFO: [ template_filter ] --END-- [ RunTime:0.000157s ]
INFO: Run Behavior\ParseTemplateBehavior [ RunTime:0.010490s ]
INFO: [ view_parse ] --END-- [ RunTime:0.010602s ]
INFO: [ view_filter ] --START--
INFO: Run Behavior\WriteHtmlCacheBehavior [ RunTime:0.000369s ]
INFO: [ view_filter ] --END-- [ RunTime:0.000470s ]
INFO: [ app_end ] --START--
INFO: Run Behavior\ShowPageTraceBehavior [ RunTime:0.000458s ]
INFO: [ app_end ] --END-- [ RunTime:0.000548s ]

[ 2016-05-08T19:45:48+08:00 ] 127.0.0.1 /index.php/Home/Teach/middlecourse.html
INFO: [ app_init ] --START--
INFO: Run Behavior\BuildLiteBehavior [ RunTime:0.000034s ]
INFO: [ app_init ] --END-- [ RunTime:0.000376s ]
INFO: [ app_begin ] --START--
INFO: Run Behavior\ReadHtmlCacheBehavior [ RunTime:0.000402s ]
INFO: [ app_begin ] --END-- [ RunTime:0.000490s ]
SQL: SHOW COLUMNS FROM `cww_course` [ RunTime:0.0128s ]
NOTIC: [8] Use of undefined constant int - assumed 'int' D:\Software\wamp\www\Application\Home\Controller\TeachController.class.php 第 36 行.
SQL: SELECT * FROM `cww_course` WHERE ( edulevel = '初中' ) ORDER BY subject LIMIT 0,8   [ RunTime:0.0122s ]
SQL: SELECT COUNT(*) AS tp_count FROM `cww_course` WHERE ( edulevel = '初中' ) LIMIT 1   [ RunTime:0.0123s ]
NOTIC: [8] Use of undefined constant pagination - assumed 'pagination' D:\Software\wamp\www\ThinkPHP\Library\Think\Page.class.php 第 143 行.
NOTIC: [8] Undefined variable: middle_page D:\Software\wamp\www\Application\Home\Controller\TeachController.class.php 第 42 行.
INFO: [ view_parse ] --START--
INFO: [ template_filter ] --START--
INFO: Run Behavior\ContentReplaceBehavior [ RunTime:0.000069s ]
INFO: [ template_filter ] --END-- [ RunTime:0.000148s ]
INFO: Run Behavior\ParseTemplateBehavior [ RunTime:0.059299s ]
INFO: [ view_parse ] --END-- [ RunTime:0.059389s ]
INFO: [ view_filter ] --START--
INFO: Run Behavior\WriteHtmlCacheBehavior [ RunTime:0.000176s ]
INFO: [ view_filter ] --END-- [ RunTime:0.000243s ]
INFO: [ app_end ] --START--
INFO: Run Behavior\ShowPageTraceBehavior [ RunTime:0.000329s ]
INFO: [ app_end ] --END-- [ RunTime:0.000398s ]

[ 2016-05-08T19:45:56+08:00 ] 127.0.0.1 /index.php/Home/Teach/smallcourse.html
INFO: [ app_init ] --START--
INFO: Run Behavior\BuildLiteBehavior [ RunTime:0.000021s ]
INFO: [ app_init ] --END-- [ RunTime:0.000376s ]
INFO: [ app_begin ] --START--
INFO: Run Behavior\ReadHtmlCacheBehavior [ RunTime:0.000377s ]
INFO: [ app_begin ] --END-- [ RunTime:0.000469s ]
SQL: SHOW COLUMNS FROM `cww_course` [ RunTime:0.0180s ]
NOTIC: [8] Use of undefined constant int - assumed 'int' D:\Software\wamp\www\Application\Home\Controller\TeachController.class.php 第 9 行.
SQL: SELECT * FROM `cww_course` WHERE ( edulevel = '小学' ) ORDER BY subject LIMIT 0,8   [ RunTime:0.0163s ]
SQL: SELECT COUNT(*) AS tp_count FROM `cww_course` WHERE ( edulevel = '小学' ) LIMIT 1   [ RunTime:0.0181s ]
INFO: [ view_parse ] --START--
INFO: [ template_filter ] --START--
INFO: Run Behavior\ContentReplaceBehavior [ RunTime:0.000112s ]
INFO: [ template_filter ] --END-- [ RunTime:0.000242s ]
INFO: Run Behavior\ParseTemplateBehavior [ RunTime:0.009970s ]
INFO: [ view_parse ] --END-- [ RunTime:0.010069s ]
INFO: [ view_filter ] --START--
INFO: Run Behavior\WriteHtmlCacheBehavior [ RunTime:0.000214s ]
INFO: [ view_filter ] --END-- [ RunTime:0.000288s ]
INFO: [ app_end ] --START--
INFO: Run Behavior\ShowPageTraceBehavior [ RunTime:0.000401s ]
INFO: [ app_end ] --END-- [ RunTime:0.000478s ]

