[ 2016-05-27T14:49:34+08:00 ] 127.0.0.1 /
INFO: [ app_init ] --START--
INFO: Run Behavior\BuildLiteBehavior [ RunTime:0.000022s ]
INFO: [ app_init ] --END-- [ RunTime:0.001251s ]
INFO: [ app_begin ] --START--
INFO: Run Behavior\ReadHtmlCacheBehavior [ RunTime:0.022066s ]
INFO: [ app_begin ] --END-- [ RunTime:0.022174s ]
INFO: [ view_parse ] --START--
INFO: [ template_filter ] --START--
INFO: Run Behavior\ContentReplaceBehavior [ RunTime:0.000071s ]
INFO: [ template_filter ] --END-- [ RunTime:0.000154s ]
INFO: Run Behavior\ParseTemplateBehavior [ RunTime:0.044056s ]
INFO: [ view_parse ] --END-- [ RunTime:0.044152s ]
INFO: [ view_filter ] --START--
INFO: Run Behavior\WriteHtmlCacheBehavior [ RunTime:0.001304s ]
INFO: [ view_filter ] --END-- [ RunTime:0.001388s ]
INFO: [ app_end ] --START--
INFO: Run Behavior\ShowPageTraceBehavior [ RunTime:0.021923s ]
INFO: [ app_end ] --END-- [ RunTime:0.022018s ]

[ 2016-05-27T14:49:37+08:00 ] 127.0.0.1 /index.php/Home/index/main.html
INFO: [ app_init ] --START--
INFO: Run Behavior\BuildLiteBehavior [ RunTime:0.000018s ]
INFO: [ app_init ] --END-- [ RunTime:0.000419s ]
INFO: [ app_begin ] --START--
INFO: Run Behavior\ReadHtmlCacheBehavior [ RunTime:0.000905s ]
INFO: [ app_begin ] --END-- [ RunTime:0.001162s ]
INFO: [ view_parse ] --START--
INFO: [ template_filter ] --START--
INFO: Run Behavior\ContentReplaceBehavior [ RunTime:0.000064s ]
INFO: [ template_filter ] --END-- [ RunTime:0.000150s ]
INFO: Run Behavior\ParseTemplateBehavior [ RunTime:0.139344s ]
INFO: [ view_parse ] --END-- [ RunTime:0.139466s ]
INFO: [ view_filter ] --START--
INFO: Run Behavior\WriteHtmlCacheBehavior [ RunTime:0.000278s ]
INFO: [ view_filter ] --END-- [ RunTime:0.000351s ]
INFO: [ app_end ] --START--
INFO: Run Behavior\ShowPageTraceBehavior [ RunTime:0.000401s ]
INFO: [ app_end ] --END-- [ RunTime:0.000497s ]

[ 2016-05-27T14:49:39+08:00 ] 127.0.0.1 /index.php/Home/Forum/index.html
INFO: [ app_init ] --START--
INFO: Run Behavior\BuildLiteBehavior [ RunTime:0.000018s ]
INFO: [ app_init ] --END-- [ RunTime:0.000319s ]
INFO: [ app_begin ] --START--
INFO: Run Behavior\ReadHtmlCacheBehavior [ RunTime:0.000407s ]
INFO: [ app_begin ] --END-- [ RunTime:0.000489s ]
SQL: SHOW COLUMNS FROM `cww_forum` [ RunTime:0.0091s ]
NOTIC: [8] Use of undefined constant int - assumed 'int' D:\Software\wamp\www\Application\Home\Controller\ForumController.class.php 第 23 行.
SQL: SELECT * FROM `cww_forum` ORDER BY lastdate DESC LIMIT 0,9   [ RunTime:0.0089s ]
SQL: SELECT COUNT(*) AS tp_count FROM `cww_forum` LIMIT 1   [ RunTime:0.0107s ]
NOTIC: [8] Use of undefined constant pagination - assumed 'pagination' D:\Software\wamp\www\ThinkPHP\Library\Think\Page.class.php 第 143 行.
INFO: [ view_parse ] --START--
INFO: [ template_filter ] --START--
INFO: Run Behavior\ContentReplaceBehavior [ RunTime:0.000090s ]
INFO: [ template_filter ] --END-- [ RunTime:0.000175s ]
INFO: Run Behavior\ParseTemplateBehavior [ RunTime:0.010314s ]
INFO: [ view_parse ] --END-- [ RunTime:0.010415s ]
INFO: [ view_filter ] --START--
INFO: Run Behavior\WriteHtmlCacheBehavior [ RunTime:0.000251s ]
INFO: [ view_filter ] --END-- [ RunTime:0.000319s ]
INFO: [ app_end ] --START--
INFO: Run Behavior\ShowPageTraceBehavior [ RunTime:0.000383s ]
INFO: [ app_end ] --END-- [ RunTime:0.000475s ]

[ 2016-05-27T14:49:42+08:00 ] 127.0.0.1 /index.php/Home/Forum/hot.html
INFO: [ app_init ] --START--
INFO: Run Behavior\BuildLiteBehavior [ RunTime:0.000017s ]
INFO: [ app_init ] --END-- [ RunTime:0.000281s ]
INFO: [ app_begin ] --START--
INFO: Run Behavior\ReadHtmlCacheBehavior [ RunTime:0.000329s ]
INFO: [ app_begin ] --END-- [ RunTime:0.000406s ]
SQL: SHOW COLUMNS FROM `cww_notice` [ RunTime:0.0102s ]

[ 2016-05-27T14:50:03+08:00 ] 127.0.0.1 /index.php/Home/Forum/hot.html
INFO: [ app_init ] --START--
INFO: Run Behavior\BuildLiteBehavior [ RunTime:0.000018s ]
INFO: [ app_init ] --END-- [ RunTime:0.000338s ]
INFO: [ app_begin ] --START--
INFO: Run Behavior\ReadHtmlCacheBehavior [ RunTime:0.000563s ]
INFO: [ app_begin ] --END-- [ RunTime:0.000654s ]
SQL: SHOW COLUMNS FROM `cww_notice` [ RunTime:0.0153s ]
SQL: SELECT * FROM `cww_notice` ORDER BY id DESC  [ RunTime:0.0159s ]
SQL: SHOW COLUMNS FROM `cww_forum` [ RunTime:0.0183s ]
NOTIC: [8] Use of undefined constant int - assumed 'int' D:\Software\wamp\www\Application\Home\Controller\ForumController.class.php 第 191 行.
SQL: SELECT * FROM `cww_forum` ORDER BY viewnum DESC LIMIT 0,9   [ RunTime:0.0165s ]
SQL: SELECT COUNT(*) AS tp_count FROM `cww_forum` LIMIT 1   [ RunTime:0.0164s ]
NOTIC: [8] Use of undefined constant pagination - assumed 'pagination' D:\Software\wamp\www\ThinkPHP\Library\Think\Page.class.php 第 143 行.
INFO: [ view_parse ] --START--
INFO: [ template_filter ] --START--
INFO: Run Behavior\ContentReplaceBehavior [ RunTime:0.000098s ]
INFO: [ template_filter ] --END-- [ RunTime:0.000190s ]
INFO: Run Behavior\ParseTemplateBehavior [ RunTime:0.010510s ]
INFO: [ view_parse ] --END-- [ RunTime:0.010597s ]
INFO: [ view_filter ] --START--
INFO: Run Behavior\WriteHtmlCacheBehavior [ RunTime:0.000179s ]
INFO: [ view_filter ] --END-- [ RunTime:0.000245s ]
INFO: [ app_end ] --START--
INFO: Run Behavior\ShowPageTraceBehavior [ RunTime:0.000350s ]
INFO: [ app_end ] --END-- [ RunTime:0.000419s ]

[ 2016-05-27T14:50:36+08:00 ] 127.0.0.1 /index.php/Home/Forum/hot.html
INFO: [ app_init ] --START--
INFO: Run Behavior\BuildLiteBehavior [ RunTime:0.000019s ]
INFO: [ app_init ] --END-- [ RunTime:0.000303s ]
INFO: [ app_begin ] --START--
INFO: Run Behavior\ReadHtmlCacheBehavior [ RunTime:0.000405s ]
INFO: [ app_begin ] --END-- [ RunTime:0.000491s ]
SQL: SHOW COLUMNS FROM `cww_notice` [ RunTime:0.0111s ]
SQL: SELECT * FROM `cww_notice` ORDER BY id DESC  [ RunTime:0.0092s ]
SQL: SHOW COLUMNS FROM `cww_forum` [ RunTime:0.0102s ]
NOTIC: [8] Use of undefined constant int - assumed 'int' D:\Software\wamp\www\Application\Home\Controller\ForumController.class.php 第 191 行.
SQL: SELECT * FROM `cww_forum` ORDER BY viewnum DESC LIMIT 0,9   [ RunTime:0.4356s ]
SQL: SELECT COUNT(*) AS tp_count FROM `cww_forum` LIMIT 1   [ RunTime:0.0121s ]
NOTIC: [8] Use of undefined constant pagination - assumed 'pagination' D:\Software\wamp\www\ThinkPHP\Library\Think\Page.class.php 第 143 行.
INFO: [ view_parse ] --START--
INFO: [ template_filter ] --START--
INFO: Run Behavior\ContentReplaceBehavior [ RunTime:0.000088s ]
INFO: [ template_filter ] --END-- [ RunTime:0.000170s ]
INFO: Run Behavior\ParseTemplateBehavior [ RunTime:0.011148s ]
INFO: [ view_parse ] --END-- [ RunTime:0.011246s ]
INFO: [ view_filter ] --START--
INFO: Run Behavior\WriteHtmlCacheBehavior [ RunTime:0.000527s ]
INFO: [ view_filter ] --END-- [ RunTime:0.001264s ]
INFO: [ app_end ] --START--
INFO: Run Behavior\ShowPageTraceBehavior [ RunTime:0.000425s ]
INFO: [ app_end ] --END-- [ RunTime:0.000525s ]

[ 2016-05-27T14:52:06+08:00 ] 127.0.0.1 /index.php/Home/Forum/hot.html
INFO: [ app_init ] --START--
INFO: Run Behavior\BuildLiteBehavior [ RunTime:0.000018s ]
INFO: [ app_init ] --END-- [ RunTime:0.000301s ]
INFO: [ app_begin ] --START--
INFO: Run Behavior\ReadHtmlCacheBehavior [ RunTime:0.000508s ]
INFO: [ app_begin ] --END-- [ RunTime:0.000583s ]
SQL: SHOW COLUMNS FROM `cww_notice` [ RunTime:0.0095s ]
SQL: SELECT * FROM `cww_notice` ORDER BY id DESC  [ RunTime:0.0108s ]
SQL: SHOW COLUMNS FROM `cww_forum` [ RunTime:0.0125s ]
NOTIC: [8] Use of undefined constant int - assumed 'int' D:\Software\wamp\www\Application\Home\Controller\ForumController.class.php 第 201 行.
SQL: SELECT * FROM `cww_forum` ORDER BY viewnum DESC LIMIT 0,9   [ RunTime:0.0107s ]
SQL: SELECT COUNT(*) AS tp_count FROM `cww_forum` LIMIT 1   [ RunTime:0.0113s ]
NOTIC: [8] Use of undefined constant pagination - assumed 'pagination' D:\Software\wamp\www\ThinkPHP\Library\Think\Page.class.php 第 143 行.
INFO: [ view_parse ] --START--
INFO: [ template_filter ] --START--
INFO: Run Behavior\ContentReplaceBehavior [ RunTime:0.000091s ]
INFO: [ template_filter ] --END-- [ RunTime:0.000193s ]
INFO: Run Behavior\ParseTemplateBehavior [ RunTime:0.012651s ]
INFO: [ view_parse ] --END-- [ RunTime:0.012776s ]
INFO: [ view_filter ] --START--
INFO: Run Behavior\WriteHtmlCacheBehavior [ RunTime:0.000290s ]
INFO: [ view_filter ] --END-- [ RunTime:0.000361s ]
INFO: [ app_end ] --START--
INFO: Run Behavior\ShowPageTraceBehavior [ RunTime:0.000408s ]
INFO: [ app_end ] --END-- [ RunTime:0.000482s ]

[ 2016-05-27T14:52:08+08:00 ] 127.0.0.1 /index.php/Home/Forum/recommend.html
INFO: [ app_init ] --START--
INFO: Run Behavior\BuildLiteBehavior [ RunTime:0.000018s ]
INFO: [ app_init ] --END-- [ RunTime:0.000327s ]
INFO: [ app_begin ] --START--
INFO: Run Behavior\ReadHtmlCacheBehavior [ RunTime:0.000446s ]
INFO: [ app_begin ] --END-- [ RunTime:0.000535s ]
SQL: SHOW COLUMNS FROM `cww_notice` [ RunTime:0.0106s ]
SQL: SELECT * FROM `cww_notice` ORDER BY id DESC  [ RunTime:0.0093s ]
SQL: SHOW COLUMNS FROM `cww_forum` [ RunTime:0.0118s ]
NOTIC: [8] Use of undefined constant int - assumed 'int' D:\Software\wamp\www\Application\Home\Controller\ForumController.class.php 第 166 行.
SQL: SELECT * FROM `cww_forum` ORDER BY replynum DESC LIMIT 0,9   [ RunTime:0.0114s ]
SQL: SELECT COUNT(*) AS tp_count FROM `cww_forum` LIMIT 1   [ RunTime:0.0093s ]
NOTIC: [8] Use of undefined constant pagination - assumed 'pagination' D:\Software\wamp\www\ThinkPHP\Library\Think\Page.class.php 第 143 行.
INFO: [ view_parse ] --START--
INFO: [ template_filter ] --START--
INFO: Run Behavior\ContentReplaceBehavior [ RunTime:0.000176s ]
INFO: [ template_filter ] --END-- [ RunTime:0.000271s ]
INFO: Run Behavior\ParseTemplateBehavior [ RunTime:0.012641s ]
INFO: [ view_parse ] --END-- [ RunTime:0.012738s ]
INFO: [ view_filter ] --START--
INFO: Run Behavior\WriteHtmlCacheBehavior [ RunTime:0.000310s ]
INFO: [ view_filter ] --END-- [ RunTime:0.000381s ]
INFO: [ app_end ] --START--
INFO: Run Behavior\ShowPageTraceBehavior [ RunTime:0.000548s ]
INFO: [ app_end ] --END-- [ RunTime:0.000623s ]

[ 2016-05-27T14:52:09+08:00 ] 127.0.0.1 /index.php/Home/Forum/index.html
INFO: [ app_init ] --START--
INFO: Run Behavior\BuildLiteBehavior [ RunTime:0.000017s ]
INFO: [ app_init ] --END-- [ RunTime:0.000271s ]
INFO: [ app_begin ] --START--
INFO: Run Behavior\ReadHtmlCacheBehavior [ RunTime:0.000320s ]
INFO: [ app_begin ] --END-- [ RunTime:0.000395s ]
SQL: SHOW COLUMNS FROM `cww_notice` [ RunTime:0.0199s ]
SQL: SELECT * FROM `cww_notice` ORDER BY id DESC  [ RunTime:0.0211s ]
SQL: SHOW COLUMNS FROM `cww_forum` [ RunTime:0.0203s ]
NOTIC: [8] Use of undefined constant int - assumed 'int' D:\Software\wamp\www\Application\Home\Controller\ForumController.class.php 第 28 行.
SQL: SELECT * FROM `cww_forum` ORDER BY lastdate DESC LIMIT 0,9   [ RunTime:0.0194s ]
SQL: SELECT COUNT(*) AS tp_count FROM `cww_forum` LIMIT 1   [ RunTime:0.0155s ]
NOTIC: [8] Use of undefined constant pagination - assumed 'pagination' D:\Software\wamp\www\ThinkPHP\Library\Think\Page.class.php 第 143 行.
INFO: [ view_parse ] --START--
INFO: [ template_filter ] --START--
INFO: Run Behavior\ContentReplaceBehavior [ RunTime:0.000089s ]
INFO: [ template_filter ] --END-- [ RunTime:0.000181s ]
INFO: Run Behavior\ParseTemplateBehavior [ RunTime:0.010049s ]
INFO: [ view_parse ] --END-- [ RunTime:0.010134s ]
INFO: [ view_filter ] --START--
INFO: Run Behavior\WriteHtmlCacheBehavior [ RunTime:0.000174s ]
INFO: [ view_filter ] --END-- [ RunTime:0.000242s ]
INFO: [ app_end ] --START--
INFO: Run Behavior\ShowPageTraceBehavior [ RunTime:0.000350s ]
INFO: [ app_end ] --END-- [ RunTime:0.000422s ]

[ 2016-05-27T14:53:07+08:00 ] 127.0.0.1 /index.php/Home/Forum/index.html
INFO: [ app_init ] --START--
INFO: Run Behavior\BuildLiteBehavior [ RunTime:0.000025s ]
INFO: [ app_init ] --END-- [ RunTime:0.000374s ]
INFO: [ app_begin ] --START--
INFO: Run Behavior\ReadHtmlCacheBehavior [ RunTime:0.000344s ]
INFO: [ app_begin ] --END-- [ RunTime:0.000422s ]
SQL: SHOW COLUMNS FROM `cww_notice` [ RunTime:0.0180s ]
SQL: SELECT * FROM `cww_notice` ORDER BY id DESC  [ RunTime:0.0167s ]
SQL: SHOW COLUMNS FROM `cww_forum` [ RunTime:0.0158s ]
NOTIC: [8] Use of undefined constant int - assumed 'int' D:\Software\wamp\www\Application\Home\Controller\ForumController.class.php 第 28 行.
SQL: SELECT * FROM `cww_forum` ORDER BY lastdate DESC LIMIT 0,9   [ RunTime:0.0174s ]
SQL: SELECT COUNT(*) AS tp_count FROM `cww_forum` LIMIT 1   [ RunTime:0.0161s ]
NOTIC: [8] Use of undefined constant pagination - assumed 'pagination' D:\Software\wamp\www\ThinkPHP\Library\Think\Page.class.php 第 143 行.
INFO: [ view_parse ] --START--
INFO: [ template_filter ] --START--
INFO: Run Behavior\ContentReplaceBehavior [ RunTime:0.000156s ]
INFO: [ template_filter ] --END-- [ RunTime:0.000245s ]
INFO: Run Behavior\ParseTemplateBehavior [ RunTime:0.009747s ]
INFO: [ view_parse ] --END-- [ RunTime:0.009839s ]
INFO: [ view_filter ] --START--
INFO: Run Behavior\WriteHtmlCacheBehavior [ RunTime:0.000210s ]
INFO: [ view_filter ] --END-- [ RunTime:0.000277s ]
INFO: [ app_end ] --START--
INFO: Run Behavior\ShowPageTraceBehavior [ RunTime:0.000356s ]
INFO: [ app_end ] --END-- [ RunTime:0.000427s ]

[ 2016-05-27T14:53:19+08:00 ] 127.0.0.1 /index.php/Home/Forum/index.html
INFO: [ app_init ] --START--
INFO: Run Behavior\BuildLiteBehavior [ RunTime:0.000019s ]
INFO: [ app_init ] --END-- [ RunTime:0.000317s ]
INFO: [ app_begin ] --START--
INFO: Run Behavior\ReadHtmlCacheBehavior [ RunTime:0.000410s ]
INFO: [ app_begin ] --END-- [ RunTime:0.000488s ]
SQL: SHOW COLUMNS FROM `cww_notice` [ RunTime:0.0101s ]
SQL: SELECT * FROM `cww_notice` ORDER BY id DESC  [ RunTime:0.0102s ]
SQL: SHOW COLUMNS FROM `cww_forum` [ RunTime:0.0116s ]
NOTIC: [8] Use of undefined constant int - assumed 'int' D:\Software\wamp\www\Application\Home\Controller\ForumController.class.php 第 28 行.
SQL: SELECT * FROM `cww_forum` ORDER BY lastdate DESC LIMIT 0,9   [ RunTime:0.0113s ]
SQL: SELECT COUNT(*) AS tp_count FROM `cww_forum` LIMIT 1   [ RunTime:0.0140s ]
NOTIC: [8] Use of undefined constant pagination - assumed 'pagination' D:\Software\wamp\www\ThinkPHP\Library\Think\Page.class.php 第 143 行.
INFO: [ view_parse ] --START--
INFO: [ template_filter ] --START--
INFO: Run Behavior\ContentReplaceBehavior [ RunTime:0.000091s ]
INFO: [ template_filter ] --END-- [ RunTime:0.000170s ]
INFO: Run Behavior\ParseTemplateBehavior [ RunTime:0.010327s ]
INFO: [ view_parse ] --END-- [ RunTime:0.010409s ]
INFO: [ view_filter ] --START--
INFO: Run Behavior\WriteHtmlCacheBehavior [ RunTime:0.000388s ]
INFO: [ view_filter ] --END-- [ RunTime:0.000494s ]
INFO: [ app_end ] --START--
INFO: Run Behavior\ShowPageTraceBehavior [ RunTime:0.000462s ]
INFO: [ app_end ] --END-- [ RunTime:0.000549s ]

[ 2016-05-27T14:53:32+08:00 ] 127.0.0.1 /index.php/Home/Forum/index.html
INFO: [ app_init ] --START--
INFO: Run Behavior\BuildLiteBehavior [ RunTime:0.000017s ]
INFO: [ app_init ] --END-- [ RunTime:0.000293s ]
INFO: [ app_begin ] --START--
INFO: Run Behavior\ReadHtmlCacheBehavior [ RunTime:0.000543s ]
INFO: [ app_begin ] --END-- [ RunTime:0.000623s ]
SQL: SHOW COLUMNS FROM `cww_notice` [ RunTime:0.0150s ]
SQL: SELECT * FROM `cww_notice` ORDER BY id DESC  [ RunTime:0.0187s ]
SQL: SHOW COLUMNS FROM `cww_forum` [ RunTime:0.0181s ]
NOTIC: [8] Use of undefined constant int - assumed 'int' D:\Software\wamp\www\Application\Home\Controller\ForumController.class.php 第 28 行.
SQL: SELECT * FROM `cww_forum` ORDER BY lastdate DESC LIMIT 0,9   [ RunTime:0.0166s ]
SQL: SELECT COUNT(*) AS tp_count FROM `cww_forum` LIMIT 1   [ RunTime:0.0154s ]
NOTIC: [8] Use of undefined constant pagination - assumed 'pagination' D:\Software\wamp\www\ThinkPHP\Library\Think\Page.class.php 第 143 行.
INFO: [ view_parse ] --START--
INFO: [ template_filter ] --START--
INFO: Run Behavior\ContentReplaceBehavior [ RunTime:0.000148s ]
INFO: [ template_filter ] --END-- [ RunTime:0.000299s ]
INFO: Run Behavior\ParseTemplateBehavior [ RunTime:0.012128s ]
INFO: [ view_parse ] --END-- [ RunTime:0.012226s ]
INFO: [ view_filter ] --START--
INFO: Run Behavior\WriteHtmlCacheBehavior [ RunTime:0.000281s ]
INFO: [ view_filter ] --END-- [ RunTime:0.000355s ]
INFO: [ app_end ] --START--
INFO: Run Behavior\ShowPageTraceBehavior [ RunTime:0.000422s ]
INFO: [ app_end ] --END-- [ RunTime:0.000499s ]

[ 2016-05-27T14:53:44+08:00 ] 127.0.0.1 /index.php/Home/Forum/index.html
INFO: [ app_init ] --START--
INFO: Run Behavior\BuildLiteBehavior [ RunTime:0.000018s ]
INFO: [ app_init ] --END-- [ RunTime:0.000294s ]
INFO: [ app_begin ] --START--
INFO: Run Behavior\ReadHtmlCacheBehavior [ RunTime:0.000426s ]
INFO: [ app_begin ] --END-- [ RunTime:0.000512s ]
SQL: SHOW COLUMNS FROM `cww_notice` [ RunTime:0.0130s ]
SQL: SELECT * FROM `cww_notice` ORDER BY id DESC  [ RunTime:0.0117s ]
SQL: SHOW COLUMNS FROM `cww_forum` [ RunTime:0.0118s ]
NOTIC: [8] Use of undefined constant int - assumed 'int' D:\Software\wamp\www\Application\Home\Controller\ForumController.class.php 第 28 行.
SQL: SELECT * FROM `cww_forum` ORDER BY lastdate DESC LIMIT 0,9   [ RunTime:0.0084s ]
SQL: SELECT COUNT(*) AS tp_count FROM `cww_forum` LIMIT 1   [ RunTime:0.0093s ]
NOTIC: [8] Use of undefined constant pagination - assumed 'pagination' D:\Software\wamp\www\ThinkPHP\Library\Think\Page.class.php 第 143 行.
INFO: [ view_parse ] --START--
INFO: [ template_filter ] --START--
INFO: Run Behavior\ContentReplaceBehavior [ RunTime:0.000092s ]
INFO: [ template_filter ] --END-- [ RunTime:0.000177s ]
INFO: Run Behavior\ParseTemplateBehavior [ RunTime:0.012742s ]
INFO: [ view_parse ] --END-- [ RunTime:0.012831s ]
INFO: [ view_filter ] --START--
INFO: Run Behavior\WriteHtmlCacheBehavior [ RunTime:0.000257s ]
INFO: [ view_filter ] --END-- [ RunTime:0.000325s ]
INFO: [ app_end ] --START--
INFO: Run Behavior\ShowPageTraceBehavior [ RunTime:0.000413s ]
INFO: [ app_end ] --END-- [ RunTime:0.000498s ]

[ 2016-05-27T14:54:05+08:00 ] 127.0.0.1 /index.php/Home/Forum/index.html
INFO: [ app_init ] --START--
INFO: Run Behavior\BuildLiteBehavior [ RunTime:0.000024s ]
INFO: [ app_init ] --END-- [ RunTime:0.000395s ]
INFO: [ app_begin ] --START--
INFO: Run Behavior\ReadHtmlCacheBehavior [ RunTime:0.000520s ]
INFO: [ app_begin ] --END-- [ RunTime:0.000627s ]
SQL: SHOW COLUMNS FROM `cww_notice` [ RunTime:0.0145s ]
SQL: SELECT * FROM `cww_notice` ORDER BY id DESC  [ RunTime:0.0132s ]
SQL: SHOW COLUMNS FROM `cww_forum` [ RunTime:0.0147s ]
NOTIC: [8] Use of undefined constant int - assumed 'int' D:\Software\wamp\www\Application\Home\Controller\ForumController.class.php 第 28 行.
SQL: SELECT * FROM `cww_forum` ORDER BY lastdate DESC LIMIT 0,9   [ RunTime:0.0142s ]
SQL: SELECT COUNT(*) AS tp_count FROM `cww_forum` LIMIT 1   [ RunTime:0.0135s ]
NOTIC: [8] Use of undefined constant pagination - assumed 'pagination' D:\Software\wamp\www\ThinkPHP\Library\Think\Page.class.php 第 143 行.
INFO: [ view_parse ] --START--
INFO: [ template_filter ] --START--
INFO: Run Behavior\ContentReplaceBehavior [ RunTime:0.000167s ]
INFO: [ template_filter ] --END-- [ RunTime:0.000333s ]
INFO: Run Behavior\ParseTemplateBehavior [ RunTime:0.012970s ]
INFO: [ view_parse ] --END-- [ RunTime:0.013066s ]
INFO: [ view_filter ] --START--
INFO: Run Behavior\WriteHtmlCacheBehavior [ RunTime:0.000192s ]
INFO: [ view_filter ] --END-- [ RunTime:0.000343s ]
INFO: [ app_end ] --START--
INFO: Run Behavior\ShowPageTraceBehavior [ RunTime:0.000360s ]
INFO: [ app_end ] --END-- [ RunTime:0.000439s ]

[ 2016-05-27T14:54:10+08:00 ] 127.0.0.1 /index.php/Home/Forum/index.html
INFO: [ app_init ] --START--
INFO: Run Behavior\BuildLiteBehavior [ RunTime:0.000019s ]
INFO: [ app_init ] --END-- [ RunTime:0.000305s ]
INFO: [ app_begin ] --START--
INFO: Run Behavior\ReadHtmlCacheBehavior [ RunTime:0.000604s ]
INFO: [ app_begin ] --END-- [ RunTime:0.000710s ]
SQL: SHOW COLUMNS FROM `cww_notice` [ RunTime:0.0172s ]
SQL: SELECT * FROM `cww_notice` ORDER BY id DESC  [ RunTime:0.0210s ]
SQL: SHOW COLUMNS FROM `cww_forum` [ RunTime:0.0198s ]
NOTIC: [8] Use of undefined constant int - assumed 'int' D:\Software\wamp\www\Application\Home\Controller\ForumController.class.php 第 28 行.
SQL: SELECT * FROM `cww_forum` ORDER BY lastdate DESC LIMIT 0,9   [ RunTime:0.0201s ]
SQL: SELECT COUNT(*) AS tp_count FROM `cww_forum` LIMIT 1   [ RunTime:0.0158s ]
NOTIC: [8] Use of undefined constant pagination - assumed 'pagination' D:\Software\wamp\www\ThinkPHP\Library\Think\Page.class.php 第 143 行.
INFO: [ view_parse ] --START--
INFO: [ template_filter ] --START--
INFO: Run Behavior\ContentReplaceBehavior [ RunTime:0.000093s ]
INFO: [ template_filter ] --END-- [ RunTime:0.000183s ]
INFO: Run Behavior\ParseTemplateBehavior [ RunTime:0.010157s ]
INFO: [ view_parse ] --END-- [ RunTime:0.010261s ]
INFO: [ view_filter ] --START--
INFO: Run Behavior\WriteHtmlCacheBehavior [ RunTime:0.000310s ]
INFO: [ view_filter ] --END-- [ RunTime:0.000392s ]
INFO: [ app_end ] --START--
INFO: Run Behavior\ShowPageTraceBehavior [ RunTime:0.000491s ]
INFO: [ app_end ] --END-- [ RunTime:0.000580s ]

[ 2016-05-27T14:54:16+08:00 ] 127.0.0.1 /index.php/Home/Forum/index.html
INFO: [ app_init ] --START--
INFO: Run Behavior\BuildLiteBehavior [ RunTime:0.000018s ]
INFO: [ app_init ] --END-- [ RunTime:0.000310s ]
INFO: [ app_begin ] --START--
INFO: Run Behavior\ReadHtmlCacheBehavior [ RunTime:0.000399s ]
INFO: [ app_begin ] --END-- [ RunTime:0.000490s ]
SQL: SHOW COLUMNS FROM `cww_notice` [ RunTime:0.0185s ]
SQL: SELECT * FROM `cww_notice` ORDER BY id DESC  [ RunTime:0.0173s ]
SQL: SHOW COLUMNS FROM `cww_forum` [ RunTime:0.0158s ]
NOTIC: [8] Use of undefined constant int - assumed 'int' D:\Software\wamp\www\Application\Home\Controller\ForumController.class.php 第 28 行.
SQL: SELECT * FROM `cww_forum` ORDER BY lastdate DESC LIMIT 0,9   [ RunTime:0.0149s ]
SQL: SELECT COUNT(*) AS tp_count FROM `cww_forum` LIMIT 1   [ RunTime:0.0199s ]
NOTIC: [8] Use of undefined constant pagination - assumed 'pagination' D:\Software\wamp\www\ThinkPHP\Library\Think\Page.class.php 第 143 行.
INFO: [ view_parse ] --START--
INFO: [ template_filter ] --START--
INFO: Run Behavior\ContentReplaceBehavior [ RunTime:0.000094s ]
INFO: [ template_filter ] --END-- [ RunTime:0.000183s ]
INFO: Run Behavior\ParseTemplateBehavior [ RunTime:0.014265s ]
INFO: [ view_parse ] --END-- [ RunTime:0.014397s ]
INFO: [ view_filter ] --START--
INFO: Run Behavior\WriteHtmlCacheBehavior [ RunTime:0.000493s ]
INFO: [ view_filter ] --END-- [ RunTime:0.000617s ]
INFO: [ app_end ] --START--
INFO: Run Behavior\ShowPageTraceBehavior [ RunTime:0.000796s ]
INFO: [ app_end ] --END-- [ RunTime:0.000910s ]

[ 2016-05-27T14:54:26+08:00 ] 127.0.0.1 /index.php/Home/Forum/index.html
INFO: [ app_init ] --START--
INFO: Run Behavior\BuildLiteBehavior [ RunTime:0.000020s ]
INFO: [ app_init ] --END-- [ RunTime:0.000326s ]
INFO: [ app_begin ] --START--
INFO: Run Behavior\ReadHtmlCacheBehavior [ RunTime:0.000466s ]
INFO: [ app_begin ] --END-- [ RunTime:0.000562s ]
SQL: SHOW COLUMNS FROM `cww_notice` [ RunTime:0.0137s ]
SQL: SELECT * FROM `cww_notice` ORDER BY id DESC  [ RunTime:0.0115s ]
SQL: SHOW COLUMNS FROM `cww_forum` [ RunTime:0.0111s ]
NOTIC: [8] Use of undefined constant int - assumed 'int' D:\Software\wamp\www\Application\Home\Controller\ForumController.class.php 第 28 行.
SQL: SELECT * FROM `cww_forum` ORDER BY lastdate DESC LIMIT 0,9   [ RunTime:0.0117s ]
SQL: SELECT COUNT(*) AS tp_count FROM `cww_forum` LIMIT 1   [ RunTime:0.0085s ]
NOTIC: [8] Use of undefined constant pagination - assumed 'pagination' D:\Software\wamp\www\ThinkPHP\Library\Think\Page.class.php 第 143 行.
INFO: [ view_parse ] --START--
INFO: [ template_filter ] --START--
INFO: Run Behavior\ContentReplaceBehavior [ RunTime:0.000137s ]
INFO: [ template_filter ] --END-- [ RunTime:0.000275s ]
INFO: Run Behavior\ParseTemplateBehavior [ RunTime:0.015647s ]
INFO: [ view_parse ] --END-- [ RunTime:0.015787s ]
INFO: [ view_filter ] --START--
INFO: Run Behavior\WriteHtmlCacheBehavior [ RunTime:0.000555s ]
INFO: [ view_filter ] --END-- [ RunTime:0.000707s ]
INFO: [ app_end ] --START--
INFO: Run Behavior\ShowPageTraceBehavior [ RunTime:0.000669s ]
INFO: [ app_end ] --END-- [ RunTime:0.000770s ]

[ 2016-05-27T14:54:37+08:00 ] 127.0.0.1 /index.php/Home/Forum/index.html
INFO: [ app_init ] --START--
INFO: Run Behavior\BuildLiteBehavior [ RunTime:0.000037s ]
INFO: [ app_init ] --END-- [ RunTime:0.000522s ]
INFO: [ app_begin ] --START--
INFO: Run Behavior\ReadHtmlCacheBehavior [ RunTime:0.000415s ]
INFO: [ app_begin ] --END-- [ RunTime:0.000499s ]
SQL: SHOW COLUMNS FROM `cww_notice` [ RunTime:0.0155s ]
SQL: SELECT * FROM `cww_notice` ORDER BY id DESC  [ RunTime:0.0154s ]
SQL: SHOW COLUMNS FROM `cww_forum` [ RunTime:0.0171s ]
NOTIC: [8] Use of undefined constant int - assumed 'int' D:\Software\wamp\www\Application\Home\Controller\ForumController.class.php 第 28 行.
SQL: SELECT * FROM `cww_forum` ORDER BY lastdate DESC LIMIT 0,9   [ RunTime:0.0156s ]
SQL: SELECT COUNT(*) AS tp_count FROM `cww_forum` LIMIT 1   [ RunTime:0.0169s ]
NOTIC: [8] Use of undefined constant pagination - assumed 'pagination' D:\Software\wamp\www\ThinkPHP\Library\Think\Page.class.php 第 143 行.
INFO: [ view_parse ] --START--
INFO: [ template_filter ] --START--
INFO: Run Behavior\ContentReplaceBehavior [ RunTime:0.000090s ]
INFO: [ template_filter ] --END-- [ RunTime:0.000174s ]
INFO: Run Behavior\ParseTemplateBehavior [ RunTime:0.009705s ]
INFO: [ view_parse ] --END-- [ RunTime:0.009789s ]
INFO: [ view_filter ] --START--
INFO: Run Behavior\WriteHtmlCacheBehavior [ RunTime:0.000184s ]
INFO: [ view_filter ] --END-- [ RunTime:0.000251s ]
INFO: [ app_end ] --START--
INFO: Run Behavior\ShowPageTraceBehavior [ RunTime:0.000337s ]
INFO: [ app_end ] --END-- [ RunTime:0.000454s ]

[ 2016-05-27T14:55:10+08:00 ] 127.0.0.1 /index.php/Home/Forum/index.html
INFO: [ app_init ] --START--
INFO: Run Behavior\BuildLiteBehavior [ RunTime:0.000018s ]
INFO: [ app_init ] --END-- [ RunTime:0.000322s ]
INFO: [ app_begin ] --START--
INFO: Run Behavior\ReadHtmlCacheBehavior [ RunTime:0.000440s ]
INFO: [ app_begin ] --END-- [ RunTime:0.000522s ]
SQL: SHOW COLUMNS FROM `cww_notice` [ RunTime:0.0094s ]
SQL: SELECT * FROM `cww_notice` ORDER BY id DESC  [ RunTime:0.0109s ]
SQL: SHOW COLUMNS FROM `cww_forum` [ RunTime:0.0112s ]
NOTIC: [8] Use of undefined constant int - assumed 'int' D:\Software\wamp\www\Application\Home\Controller\ForumController.class.php 第 28 行.
SQL: SELECT * FROM `cww_forum` ORDER BY lastdate DESC LIMIT 0,9   [ RunTime:0.0105s ]
SQL: SELECT COUNT(*) AS tp_count FROM `cww_forum` LIMIT 1   [ RunTime:0.0088s ]
NOTIC: [8] Use of undefined constant pagination - assumed 'pagination' D:\Software\wamp\www\ThinkPHP\Library\Think\Page.class.php 第 143 行.
INFO: [ view_parse ] --START--
INFO: [ template_filter ] --START--
INFO: Run Behavior\ContentReplaceBehavior [ RunTime:0.000094s ]
INFO: [ template_filter ] --END-- [ RunTime:0.000182s ]
INFO: Run Behavior\ParseTemplateBehavior [ RunTime:0.012703s ]
INFO: [ view_parse ] --END-- [ RunTime:0.012832s ]
INFO: [ view_filter ] --START--
INFO: Run Behavior\WriteHtmlCacheBehavior [ RunTime:0.000286s ]
INFO: [ view_filter ] --END-- [ RunTime:0.000357s ]
INFO: [ app_end ] --START--
INFO: Run Behavior\ShowPageTraceBehavior [ RunTime:0.000497s ]
INFO: [ app_end ] --END-- [ RunTime:0.000578s ]

[ 2016-05-27T14:55:17+08:00 ] 127.0.0.1 /index.php/Home/Forum/index.html
INFO: [ app_init ] --START--
INFO: Run Behavior\BuildLiteBehavior [ RunTime:0.000019s ]
INFO: [ app_init ] --END-- [ RunTime:0.000285s ]
INFO: [ app_begin ] --START--
INFO: Run Behavior\ReadHtmlCacheBehavior [ RunTime:0.000331s ]
INFO: [ app_begin ] --END-- [ RunTime:0.000406s ]
SQL: SHOW COLUMNS FROM `cww_notice` [ RunTime:0.0166s ]
SQL: SELECT * FROM `cww_notice` ORDER BY id DESC  [ RunTime:0.0156s ]
SQL: SHOW COLUMNS FROM `cww_forum` [ RunTime:0.0152s ]
NOTIC: [8] Use of undefined constant int - assumed 'int' D:\Software\wamp\www\Application\Home\Controller\ForumController.class.php 第 28 行.
SQL: SELECT * FROM `cww_forum` ORDER BY lastdate DESC LIMIT 0,9   [ RunTime:0.0159s ]
SQL: SELECT COUNT(*) AS tp_count FROM `cww_forum` LIMIT 1   [ RunTime:0.0164s ]
NOTIC: [8] Use of undefined constant pagination - assumed 'pagination' D:\Software\wamp\www\ThinkPHP\Library\Think\Page.class.php 第 143 行.
INFO: [ view_parse ] --START--
INFO: [ template_filter ] --START--
INFO: Run Behavior\ContentReplaceBehavior [ RunTime:0.000088s ]
INFO: [ template_filter ] --END-- [ RunTime:0.000193s ]
INFO: Run Behavior\ParseTemplateBehavior [ RunTime:0.010187s ]
INFO: [ view_parse ] --END-- [ RunTime:0.010287s ]
INFO: [ view_filter ] --START--
INFO: Run Behavior\WriteHtmlCacheBehavior [ RunTime:0.000238s ]
INFO: [ view_filter ] --END-- [ RunTime:0.000328s ]
INFO: [ app_end ] --START--
INFO: Run Behavior\ShowPageTraceBehavior [ RunTime:0.000417s ]
INFO: [ app_end ] --END-- [ RunTime:0.000525s ]

[ 2016-05-27T14:55:25+08:00 ] 127.0.0.1 /index.php/Home/Forum/index.html
INFO: [ app_init ] --START--
INFO: Run Behavior\BuildLiteBehavior [ RunTime:0.000018s ]
INFO: [ app_init ] --END-- [ RunTime:0.000280s ]
INFO: [ app_begin ] --START--
INFO: Run Behavior\ReadHtmlCacheBehavior [ RunTime:0.000332s ]
INFO: [ app_begin ] --END-- [ RunTime:0.000408s ]
SQL: SHOW COLUMNS FROM `cww_notice` [ RunTime:0.0162s ]
SQL: SELECT * FROM `cww_notice` ORDER BY id DESC  [ RunTime:0.0155s ]
SQL: SHOW COLUMNS FROM `cww_forum` [ RunTime:0.0172s ]
NOTIC: [8] Use of undefined constant int - assumed 'int' D:\Software\wamp\www\Application\Home\Controller\ForumController.class.php 第 28 行.
SQL: SELECT * FROM `cww_forum` ORDER BY lastdate DESC LIMIT 0,9   [ RunTime:0.0155s ]
SQL: SELECT COUNT(*) AS tp_count FROM `cww_forum` LIMIT 1   [ RunTime:0.0154s ]
NOTIC: [8] Use of undefined constant pagination - assumed 'pagination' D:\Software\wamp\www\ThinkPHP\Library\Think\Page.class.php 第 143 行.
INFO: [ view_parse ] --START--
INFO: [ template_filter ] --START--
INFO: Run Behavior\ContentReplaceBehavior [ RunTime:0.000097s ]
INFO: [ template_filter ] --END-- [ RunTime:0.000187s ]
INFO: Run Behavior\ParseTemplateBehavior [ RunTime:0.010726s ]
INFO: [ view_parse ] --END-- [ RunTime:0.010823s ]
INFO: [ view_filter ] --START--
INFO: Run Behavior\WriteHtmlCacheBehavior [ RunTime:0.000263s ]
INFO: [ view_filter ] --END-- [ RunTime:0.000332s ]
INFO: [ app_end ] --START--
INFO: Run Behavior\ShowPageTraceBehavior [ RunTime:0.000386s ]
INFO: [ app_end ] --END-- [ RunTime:0.000468s ]

[ 2016-05-27T14:55:33+08:00 ] 127.0.0.1 /index.php/Home/Forum/index.html
INFO: [ app_init ] --START--
INFO: Run Behavior\BuildLiteBehavior [ RunTime:0.000017s ]
INFO: [ app_init ] --END-- [ RunTime:0.000281s ]
INFO: [ app_begin ] --START--
INFO: Run Behavior\ReadHtmlCacheBehavior [ RunTime:0.000362s ]
INFO: [ app_begin ] --END-- [ RunTime:0.000442s ]
SQL: SHOW COLUMNS FROM `cww_notice` [ RunTime:0.0145s ]
SQL: SELECT * FROM `cww_notice` ORDER BY id DESC  [ RunTime:0.0144s ]
SQL: SHOW COLUMNS FROM `cww_forum` [ RunTime:0.0143s ]
NOTIC: [8] Use of undefined constant int - assumed 'int' D:\Software\wamp\www\Application\Home\Controller\ForumController.class.php 第 28 行.
SQL: SELECT * FROM `cww_forum` ORDER BY lastdate DESC LIMIT 0,9   [ RunTime:0.0146s ]
SQL: SELECT COUNT(*) AS tp_count FROM `cww_forum` LIMIT 1   [ RunTime:0.0138s ]
NOTIC: [8] Use of undefined constant pagination - assumed 'pagination' D:\Software\wamp\www\ThinkPHP\Library\Think\Page.class.php 第 143 行.
INFO: [ view_parse ] --START--
INFO: [ template_filter ] --START--
INFO: Run Behavior\ContentReplaceBehavior [ RunTime:0.000092s ]
INFO: [ template_filter ] --END-- [ RunTime:0.000177s ]
INFO: Run Behavior\ParseTemplateBehavior [ RunTime:0.010409s ]
INFO: [ view_parse ] --END-- [ RunTime:0.010491s ]
INFO: [ view_filter ] --START--
INFO: Run Behavior\WriteHtmlCacheBehavior [ RunTime:0.000174s ]
INFO: [ view_filter ] --END-- [ RunTime:0.000241s ]
INFO: [ app_end ] --START--
INFO: Run Behavior\ShowPageTraceBehavior [ RunTime:0.000440s ]
INFO: [ app_end ] --END-- [ RunTime:0.000514s ]

[ 2016-05-27T15:00:38+08:00 ] 127.0.0.1 /index.php/Home/Forum/send.html
INFO: [ app_init ] --START--
INFO: Run Behavior\BuildLiteBehavior [ RunTime:0.000023s ]
INFO: [ app_init ] --END-- [ RunTime:0.000375s ]
INFO: [ app_begin ] --START--
INFO: Run Behavior\ReadHtmlCacheBehavior [ RunTime:0.000551s ]
INFO: [ app_begin ] --END-- [ RunTime:0.000674s ]
INFO: [ app_end ] --START--
INFO: Run Behavior\ShowPageTraceBehavior [ RunTime:0.000540s ]
INFO: [ app_end ] --END-- [ RunTime:0.000672s ]

[ 2016-05-27T15:00:40+08:00 ] 127.0.0.1 /index.php/Home/Login/login.html
INFO: [ app_init ] --START--
INFO: Run Behavior\BuildLiteBehavior [ RunTime:0.000019s ]
INFO: [ app_init ] --END-- [ RunTime:0.000317s ]
INFO: [ app_begin ] --START--
INFO: Run Behavior\ReadHtmlCacheBehavior [ RunTime:0.000407s ]
INFO: [ app_begin ] --END-- [ RunTime:0.000489s ]
INFO: [ view_parse ] --START--
INFO: [ template_filter ] --START--
INFO: Run Behavior\ContentReplaceBehavior [ RunTime:0.000063s ]
INFO: [ template_filter ] --END-- [ RunTime:0.000155s ]
INFO: Run Behavior\ParseTemplateBehavior [ RunTime:0.018412s ]
INFO: [ view_parse ] --END-- [ RunTime:0.018537s ]
INFO: [ view_filter ] --START--
INFO: Run Behavior\WriteHtmlCacheBehavior [ RunTime:0.000545s ]
INFO: [ view_filter ] --END-- [ RunTime:0.000650s ]
INFO: [ app_end ] --START--
INFO: Run Behavior\ShowPageTraceBehavior [ RunTime:0.000518s ]
INFO: [ app_end ] --END-- [ RunTime:0.000629s ]

[ 2016-05-27T15:00:42+08:00 ] 127.0.0.1 /index.php/Home/Login/testLogin.html
INFO: [ app_init ] --START--
INFO: Run Behavior\BuildLiteBehavior [ RunTime:0.000037s ]
INFO: [ app_init ] --END-- [ RunTime:0.000636s ]
INFO: [ app_begin ] --START--
INFO: Run Behavior\ReadHtmlCacheBehavior [ RunTime:0.000572s ]
INFO: [ app_begin ] --END-- [ RunTime:0.000712s ]
SQL: SHOW COLUMNS FROM `cww_user` [ RunTime:0.0129s ]
SQL: SELECT * FROM `cww_user` WHERE ( username='qxg_manager' ) LIMIT 1   [ RunTime:0.0133s ]
INFO: [ app_end ] --START--
INFO: Run Behavior\ShowPageTraceBehavior [ RunTime:0.000445s ]
INFO: [ app_end ] --END-- [ RunTime:0.000516s ]

[ 2016-05-27T15:01:37+08:00 ] 127.0.0.1 /index.php/Home/Login/register.html
INFO: [ app_init ] --START--
INFO: Run Behavior\BuildLiteBehavior [ RunTime:0.000017s ]
INFO: [ app_init ] --END-- [ RunTime:0.000280s ]
INFO: [ app_begin ] --START--
INFO: Run Behavior\ReadHtmlCacheBehavior [ RunTime:0.000341s ]
INFO: [ app_begin ] --END-- [ RunTime:0.000416s ]
INFO: [ view_parse ] --START--
INFO: [ template_filter ] --START--
INFO: Run Behavior\ContentReplaceBehavior [ RunTime:0.000064s ]
INFO: [ template_filter ] --END-- [ RunTime:0.000167s ]
INFO: Run Behavior\ParseTemplateBehavior [ RunTime:0.056688s ]
INFO: [ view_parse ] --END-- [ RunTime:0.056765s ]
INFO: [ view_filter ] --START--
INFO: Run Behavior\WriteHtmlCacheBehavior [ RunTime:0.000169s ]
INFO: [ view_filter ] --END-- [ RunTime:0.000234s ]
INFO: [ app_end ] --START--
INFO: Run Behavior\ShowPageTraceBehavior [ RunTime:0.000358s ]
INFO: [ app_end ] --END-- [ RunTime:0.000427s ]

[ 2016-05-27T15:01:56+08:00 ] 127.0.0.1 /index.php/Home/Index/main.html
INFO: [ app_init ] --START--
INFO: Run Behavior\BuildLiteBehavior [ RunTime:0.000030s ]
INFO: [ app_init ] --END-- [ RunTime:0.000432s ]
INFO: [ app_begin ] --START--
INFO: Run Behavior\ReadHtmlCacheBehavior [ RunTime:0.000534s ]
INFO: [ app_begin ] --END-- [ RunTime:0.000656s ]
INFO: [ view_parse ] --START--
INFO: [ template_filter ] --START--
INFO: Run Behavior\ContentReplaceBehavior [ RunTime:0.000069s ]
INFO: [ template_filter ] --END-- [ RunTime:0.000158s ]
INFO: Run Behavior\ParseTemplateBehavior [ RunTime:0.009309s ]
INFO: [ view_parse ] --END-- [ RunTime:0.009427s ]
INFO: [ view_filter ] --START--
INFO: Run Behavior\WriteHtmlCacheBehavior [ RunTime:0.000244s ]
INFO: [ view_filter ] --END-- [ RunTime:0.000314s ]
INFO: [ app_end ] --START--
INFO: Run Behavior\ShowPageTraceBehavior [ RunTime:0.000336s ]
INFO: [ app_end ] --END-- [ RunTime:0.000407s ]

[ 2016-05-27T15:01:59+08:00 ] 127.0.0.1 /index.php/Home/Login/login
INFO: [ app_init ] --START--
INFO: Run Behavior\BuildLiteBehavior [ RunTime:0.000018s ]
INFO: [ app_init ] --END-- [ RunTime:0.000279s ]
INFO: [ app_begin ] --START--
INFO: Run Behavior\ReadHtmlCacheBehavior [ RunTime:0.000342s ]
INFO: [ app_begin ] --END-- [ RunTime:0.000420s ]
INFO: [ view_parse ] --START--
INFO: [ template_filter ] --START--
INFO: Run Behavior\ContentReplaceBehavior [ RunTime:0.000062s ]
INFO: [ template_filter ] --END-- [ RunTime:0.000159s ]
INFO: Run Behavior\ParseTemplateBehavior [ RunTime:0.004950s ]
INFO: [ view_parse ] --END-- [ RunTime:0.005028s ]
INFO: [ view_filter ] --START--
INFO: Run Behavior\WriteHtmlCacheBehavior [ RunTime:0.000170s ]
INFO: [ view_filter ] --END-- [ RunTime:0.000249s ]
INFO: [ app_end ] --START--
INFO: Run Behavior\ShowPageTraceBehavior [ RunTime:0.000338s ]
INFO: [ app_end ] --END-- [ RunTime:0.000408s ]

[ 2016-05-27T15:02:03+08:00 ] 127.0.0.1 /index.php/Home/Login/testLogin.html
INFO: [ app_init ] --START--
INFO: Run Behavior\BuildLiteBehavior [ RunTime:0.000018s ]
INFO: [ app_init ] --END-- [ RunTime:0.000277s ]
INFO: [ app_begin ] --START--
INFO: Run Behavior\ReadHtmlCacheBehavior [ RunTime:0.000356s ]
INFO: [ app_begin ] --END-- [ RunTime:0.000432s ]
SQL: SHOW COLUMNS FROM `cww_user` [ RunTime:0.0110s ]
SQL: SELECT * FROM `cww_user` WHERE ( username='q123456' ) LIMIT 1   [ RunTime:0.0089s ]
INFO: [ app_end ] --START--
INFO: Run Behavior\ShowPageTraceBehavior [ RunTime:0.000434s ]
INFO: [ app_end ] --END-- [ RunTime:0.000507s ]

[ 2016-05-27T15:02:03+08:00 ] 127.0.0.1 /index.php/Home/Index/main.html
INFO: [ app_init ] --START--
INFO: Run Behavior\BuildLiteBehavior [ RunTime:0.000018s ]
INFO: [ app_init ] --END-- [ RunTime:0.000276s ]
INFO: [ app_begin ] --START--
INFO: Run Behavior\ReadHtmlCacheBehavior [ RunTime:0.000332s ]
INFO: [ app_begin ] --END-- [ RunTime:0.000409s ]
INFO: [ view_parse ] --START--
INFO: [ template_filter ] --START--
INFO: Run Behavior\ContentReplaceBehavior [ RunTime:0.000066s ]
INFO: [ template_filter ] --END-- [ RunTime:0.000159s ]
INFO: Run Behavior\ParseTemplateBehavior [ RunTime:0.008115s ]
INFO: [ view_parse ] --END-- [ RunTime:0.008230s ]
INFO: [ view_filter ] --START--
INFO: Run Behavior\WriteHtmlCacheBehavior [ RunTime:0.000183s ]
INFO: [ view_filter ] --END-- [ RunTime:0.000250s ]
INFO: [ app_end ] --START--
INFO: Run Behavior\ShowPageTraceBehavior [ RunTime:0.000330s ]
INFO: [ app_end ] --END-- [ RunTime:0.000401s ]

[ 2016-05-27T15:02:07+08:00 ] 127.0.0.1 /index.php/Home/Forum/index.html
INFO: [ app_init ] --START--
INFO: Run Behavior\BuildLiteBehavior [ RunTime:0.000019s ]
INFO: [ app_init ] --END-- [ RunTime:0.000286s ]
INFO: [ app_begin ] --START--
INFO: Run Behavior\ReadHtmlCacheBehavior [ RunTime:0.000341s ]
INFO: [ app_begin ] --END-- [ RunTime:0.000423s ]
SQL: SHOW COLUMNS FROM `cww_notice` [ RunTime:0.0101s ]
SQL: SELECT * FROM `cww_notice` ORDER BY id DESC  [ RunTime:0.0082s ]
SQL: SHOW COLUMNS FROM `cww_forum` [ RunTime:0.0111s ]
NOTIC: [8] Use of undefined constant int - assumed 'int' D:\Software\wamp\www\Application\Home\Controller\ForumController.class.php 第 28 行.
SQL: SELECT * FROM `cww_forum` ORDER BY lastdate DESC LIMIT 0,9   [ RunTime:0.0090s ]
SQL: SELECT COUNT(*) AS tp_count FROM `cww_forum` LIMIT 1   [ RunTime:0.0102s ]
NOTIC: [8] Use of undefined constant pagination - assumed 'pagination' D:\Software\wamp\www\ThinkPHP\Library\Think\Page.class.php 第 143 行.
INFO: [ view_parse ] --START--
INFO: [ template_filter ] --START--
INFO: Run Behavior\ContentReplaceBehavior [ RunTime:0.000099s ]
INFO: [ template_filter ] --END-- [ RunTime:0.000194s ]
INFO: Run Behavior\ParseTemplateBehavior [ RunTime:0.011972s ]
INFO: [ view_parse ] --END-- [ RunTime:0.012096s ]
INFO: [ view_filter ] --START--
INFO: Run Behavior\WriteHtmlCacheBehavior [ RunTime:0.000189s ]
INFO: [ view_filter ] --END-- [ RunTime:0.000257s ]
INFO: [ app_end ] --START--
INFO: Run Behavior\ShowPageTraceBehavior [ RunTime:0.000330s ]
INFO: [ app_end ] --END-- [ RunTime:0.000400s ]

[ 2016-05-27T15:03:07+08:00 ] 127.0.0.1 /index.php/Home/Forum/send.html
INFO: [ app_init ] --START--
INFO: Run Behavior\BuildLiteBehavior [ RunTime:0.000019s ]
INFO: [ app_init ] --END-- [ RunTime:0.000345s ]
INFO: [ app_begin ] --START--
INFO: Run Behavior\ReadHtmlCacheBehavior [ RunTime:0.000408s ]
INFO: [ app_begin ] --END-- [ RunTime:0.000480s ]
SQL: SHOW COLUMNS FROM `cww_forum` [ RunTime:0.0171s ]
SQL: INSERT INTO `cww_forum` (`subject`,`title`,`content`,`autherid`,`replynum`,`senddate`,`lastdate`,`viewnum`) VALUES ('心情分享','数据库课程设计测试贴','　　上学时和同学一起去打热水，回宿舍路上暖瓶吱吱的响。
　　我说：“不好要炸啦。”
　　这哥们嗖的一声把暖瓶扔出去了，嘭，果然炸了。
　　这哥们心有余悸的说：“还好我扔的快，没炸到我。”‍‍‍‍','q123456','0','2016-05-27 15:03:07','2016-05-27 15:03:07','0') [ RunTime:0.0169s ]
INFO: [ app_end ] --START--
INFO: Run Behavior\ShowPageTraceBehavior [ RunTime:0.000604s ]
INFO: [ app_end ] --END-- [ RunTime:0.000676s ]

[ 2016-05-27T15:03:07+08:00 ] 127.0.0.1 /index.php/Home/Forum/index.html
INFO: [ app_init ] --START--
INFO: Run Behavior\BuildLiteBehavior [ RunTime:0.000017s ]
INFO: [ app_init ] --END-- [ RunTime:0.000273s ]
INFO: [ app_begin ] --START--
INFO: Run Behavior\ReadHtmlCacheBehavior [ RunTime:0.000379s ]
INFO: [ app_begin ] --END-- [ RunTime:0.000464s ]
SQL: SHOW COLUMNS FROM `cww_notice` [ RunTime:0.0127s ]
SQL: SELECT * FROM `cww_notice` ORDER BY id DESC  [ RunTime:0.0111s ]
SQL: SHOW COLUMNS FROM `cww_forum` [ RunTime:0.0108s ]
NOTIC: [8] Use of undefined constant int - assumed 'int' D:\Software\wamp\www\Application\Home\Controller\ForumController.class.php 第 28 行.
SQL: SELECT * FROM `cww_forum` ORDER BY lastdate DESC LIMIT 0,9   [ RunTime:0.0110s ]
SQL: SELECT COUNT(*) AS tp_count FROM `cww_forum` LIMIT 1   [ RunTime:0.0135s ]
NOTIC: [8] Use of undefined constant pagination - assumed 'pagination' D:\Software\wamp\www\ThinkPHP\Library\Think\Page.class.php 第 143 行.
INFO: [ view_parse ] --START--
INFO: [ template_filter ] --START--
INFO: Run Behavior\ContentReplaceBehavior [ RunTime:0.000097s ]
INFO: [ template_filter ] --END-- [ RunTime:0.000194s ]
INFO: Run Behavior\ParseTemplateBehavior [ RunTime:0.010677s ]
INFO: [ view_parse ] --END-- [ RunTime:0.010768s ]
INFO: [ view_filter ] --START--
INFO: Run Behavior\WriteHtmlCacheBehavior [ RunTime:0.000271s ]
INFO: [ view_filter ] --END-- [ RunTime:0.000340s ]
INFO: [ app_end ] --START--
INFO: Run Behavior\ShowPageTraceBehavior [ RunTime:0.000532s ]
INFO: [ app_end ] --END-- [ RunTime:0.000659s ]

[ 2016-05-27T15:03:10+08:00 ] 127.0.0.1 /index.php/Home/Forum/foruminfo.html?id=27
INFO: [ app_init ] --START--
INFO: Run Behavior\BuildLiteBehavior [ RunTime:0.000018s ]
INFO: [ app_init ] --END-- [ RunTime:0.000313s ]
INFO: [ app_begin ] --START--
INFO: Run Behavior\ReadHtmlCacheBehavior [ RunTime:0.000359s ]
INFO: [ app_begin ] --END-- [ RunTime:0.000433s ]
NOTIC: [8] Use of undefined constant int - assumed 'int' D:\Software\wamp\www\Application\Home\Controller\ForumController.class.php 第 111 行.
SQL: SHOW COLUMNS FROM `cww_forum` [ RunTime:0.0138s ]
SQL: SHOW COLUMNS FROM `cww_reply` [ RunTime:0.0149s ]
SQL: SELECT * FROM `cww_forum` WHERE ( id = 27 )  [ RunTime:0.0138s ]
SQL: UPDATE `cww_forum` SET `subject`='心情分享',`title`='数据库课程设计测试贴',`content`='　　上学时和同学一起去打热水，回宿舍路上暖瓶吱吱的响。
　　我说：“不好要炸啦。”
　　这哥们嗖的一声把暖瓶扔出去了，嘭，果然炸了。
　　这哥们心有余悸的说：“还好我扔的快，没炸到我。”????',`autherid`='q123456',`replynum`='0',`senddate`='2016-05-27 15:03:07',`lastdate`='2016-05-27 15:03:07',`viewnum`='1' WHERE `id` = 27 [ RunTime:0.0151s ]
SQL: SELECT * FROM `cww_reply` WHERE ( forumid = 27 ) ORDER BY floor LIMIT 0,9   [ RunTime:0.0141s ]
SQL: SELECT COUNT(*) AS tp_count FROM `cww_reply` WHERE ( forumid = 27 ) LIMIT 1   [ RunTime:0.0131s ]
INFO: [ view_parse ] --START--
INFO: [ template_filter ] --START--
INFO: Run Behavior\ContentReplaceBehavior [ RunTime:0.000094s ]
INFO: [ template_filter ] --END-- [ RunTime:0.000201s ]
INFO: Run Behavior\ParseTemplateBehavior [ RunTime:0.012218s ]
INFO: [ view_parse ] --END-- [ RunTime:0.012304s ]
INFO: [ view_filter ] --START--
INFO: Run Behavior\WriteHtmlCacheBehavior [ RunTime:0.000174s ]
INFO: [ view_filter ] --END-- [ RunTime:0.000241s ]
INFO: [ app_end ] --START--
INFO: Run Behavior\ShowPageTraceBehavior [ RunTime:0.000322s ]
INFO: [ app_end ] --END-- [ RunTime:0.000391s ]

[ 2016-05-27T15:03:30+08:00 ] 127.0.0.1 /index.php/Home/Forum/foruminfo.html?id=27
INFO: [ app_init ] --START--
INFO: Run Behavior\BuildLiteBehavior [ RunTime:0.000017s ]
INFO: [ app_init ] --END-- [ RunTime:0.000271s ]
INFO: [ app_begin ] --START--
INFO: Run Behavior\ReadHtmlCacheBehavior [ RunTime:0.000319s ]
INFO: [ app_begin ] --END-- [ RunTime:0.000393s ]
NOTIC: [8] Use of undefined constant int - assumed 'int' D:\Software\wamp\www\Application\Home\Controller\ForumController.class.php 第 111 行.
SQL: SHOW COLUMNS FROM `cww_forum` [ RunTime:0.0099s ]
SQL: SHOW COLUMNS FROM `cww_reply` [ RunTime:0.2203s ]
SQL: SELECT * FROM `cww_forum` WHERE ( id = 27 )  [ RunTime:0.0096s ]
SQL: UPDATE `cww_forum` SET `subject`='心情分享',`title`='数据库课程设计测试贴',`content`='　　上学时和同学一起去打热水，回宿舍路上暖瓶吱吱的响。
　　我说：“不好要炸啦。”
　　这哥们嗖的一声把暖瓶扔出去了，嘭，果然炸了。
　　这哥们心有余悸的说：“还好我扔的快，没炸到我。”????',`autherid`='q123456',`replynum`='0',`senddate`='2016-05-27 15:03:07',`lastdate`='2016-05-27 15:03:07',`viewnum`='2' WHERE `id` = 27 [ RunTime:0.0125s ]
SQL: SELECT * FROM `cww_reply` WHERE ( forumid = 27 ) ORDER BY floor LIMIT 0,9   [ RunTime:0.0099s ]
SQL: SELECT COUNT(*) AS tp_count FROM `cww_reply` WHERE ( forumid = 27 ) LIMIT 1   [ RunTime:0.0116s ]
INFO: [ view_parse ] --START--
INFO: [ template_filter ] --START--
INFO: Run Behavior\ContentReplaceBehavior [ RunTime:0.000115s ]
INFO: [ template_filter ] --END-- [ RunTime:0.000240s ]
INFO: Run Behavior\ParseTemplateBehavior [ RunTime:0.012800s ]
INFO: [ view_parse ] --END-- [ RunTime:0.012939s ]
INFO: [ view_filter ] --START--
INFO: Run Behavior\WriteHtmlCacheBehavior [ RunTime:0.000328s ]
INFO: [ view_filter ] --END-- [ RunTime:0.000419s ]
INFO: [ app_end ] --START--
INFO: Run Behavior\ShowPageTraceBehavior [ RunTime:0.000367s ]
INFO: [ app_end ] --END-- [ RunTime:0.000439s ]

[ 2016-05-27T15:03:46+08:00 ] 127.0.0.1 /index.php/Home/Forum/reply.html?id=27
INFO: [ app_init ] --START--
INFO: Run Behavior\BuildLiteBehavior [ RunTime:0.000018s ]
INFO: [ app_init ] --END-- [ RunTime:0.000312s ]
INFO: [ app_begin ] --START--
INFO: Run Behavior\ReadHtmlCacheBehavior [ RunTime:0.000343s ]
INFO: [ app_begin ] --END-- [ RunTime:0.000410s ]
SQL: SHOW COLUMNS FROM `cww_forum` [ RunTime:0.0172s ]
SQL: SELECT * FROM `cww_forum` WHERE ( id = 27 ) LIMIT 1   [ RunTime:0.0170s ]
SQL: SHOW COLUMNS FROM `cww_reply` [ RunTime:0.0181s ]
SQL: INSERT INTO `cww_reply` (`forumid`,`floor`,`autherid`,`content`,`replydate`) VALUES ('27','1','q123456','哈哈哈哈哈哈','2016-05-27 15:03:46') [ RunTime:0.0157s ]
SQL: UPDATE `cww_forum` SET `subject`='心情分享',`title`='数据库课程设计测试贴',`content`='　　上学时和同学一起去打热水，回宿舍路上暖瓶吱吱的响。
　　我说：“不好要炸啦。”
　　这哥们嗖的一声把暖瓶扔出去了，嘭，果然炸了。
　　这哥们心有余悸的说：“还好我扔的快，没炸到我。”????',`autherid`='q123456',`replynum`='1',`senddate`='2016-05-27 15:03:07',`lastdate`='2016-05-27 15:03:46',`viewnum`='2' WHERE `id` = 27 [ RunTime:0.0170s ]
INFO: [ app_end ] --START--
INFO: Run Behavior\ShowPageTraceBehavior [ RunTime:0.000510s ]
INFO: [ app_end ] --END-- [ RunTime:0.000588s ]

[ 2016-05-27T15:03:46+08:00 ] 127.0.0.1 /index.php/Home/Forum/foruminfo.html?id=27
INFO: [ app_init ] --START--
INFO: Run Behavior\BuildLiteBehavior [ RunTime:0.000021s ]
INFO: [ app_init ] --END-- [ RunTime:0.000484s ]
INFO: [ app_begin ] --START--
INFO: Run Behavior\ReadHtmlCacheBehavior [ RunTime:0.001080s ]
INFO: [ app_begin ] --END-- [ RunTime:0.001266s ]
NOTIC: [8] Use of undefined constant int - assumed 'int' D:\Software\wamp\www\Application\Home\Controller\ForumController.class.php 第 111 行.
SQL: SHOW COLUMNS FROM `cww_forum` [ RunTime:0.0104s ]
SQL: SHOW COLUMNS FROM `cww_reply` [ RunTime:0.0087s ]
SQL: SELECT * FROM `cww_forum` WHERE ( id = 27 )  [ RunTime:0.0089s ]
SQL: UPDATE `cww_forum` SET `subject`='心情分享',`title`='数据库课程设计测试贴',`content`='　　上学时和同学一起去打热水，回宿舍路上暖瓶吱吱的响。
　　我说：“不好要炸啦。”
　　这哥们嗖的一声把暖瓶扔出去了，嘭，果然炸了。
　　这哥们心有余悸的说：“还好我扔的快，没炸到我。”????',`autherid`='q123456',`replynum`='1',`senddate`='2016-05-27 15:03:07',`lastdate`='2016-05-27 15:03:46',`viewnum`='3' WHERE `id` = 27 [ RunTime:0.0102s ]
SQL: SELECT * FROM `cww_reply` WHERE ( forumid = 27 ) ORDER BY floor LIMIT 0,9   [ RunTime:0.0087s ]
SQL: SELECT COUNT(*) AS tp_count FROM `cww_reply` WHERE ( forumid = 27 ) LIMIT 1   [ RunTime:0.0097s ]
NOTIC: [8] Use of undefined constant pagination - assumed 'pagination' D:\Software\wamp\www\ThinkPHP\Library\Think\Page.class.php 第 143 行.
INFO: [ view_parse ] --START--
INFO: [ template_filter ] --START--
INFO: Run Behavior\ContentReplaceBehavior [ RunTime:0.000102s ]
INFO: [ template_filter ] --END-- [ RunTime:0.000203s ]
INFO: Run Behavior\ParseTemplateBehavior [ RunTime:0.014757s ]
INFO: [ view_parse ] --END-- [ RunTime:0.014857s ]
INFO: [ view_filter ] --START--
INFO: Run Behavior\WriteHtmlCacheBehavior [ RunTime:0.000177s ]
INFO: [ view_filter ] --END-- [ RunTime:0.000246s ]
INFO: [ app_end ] --START--
INFO: Run Behavior\ShowPageTraceBehavior [ RunTime:0.000328s ]
INFO: [ app_end ] --END-- [ RunTime:0.000413s ]

[ 2016-05-27T15:06:31+08:00 ] 127.0.0.1 /index.php/Home/Forum/reply.html?id=27
INFO: [ app_init ] --START--
INFO: Run Behavior\BuildLiteBehavior [ RunTime:0.000019s ]
INFO: [ app_init ] --END-- [ RunTime:0.000346s ]
INFO: [ app_begin ] --START--
INFO: Run Behavior\ReadHtmlCacheBehavior [ RunTime:0.000396s ]
INFO: [ app_begin ] --END-- [ RunTime:0.000466s ]
SQL: SHOW COLUMNS FROM `cww_forum` [ RunTime:0.0150s ]
SQL: SELECT * FROM `cww_forum` WHERE ( id = 27 ) LIMIT 1   [ RunTime:0.0156s ]
SQL: SHOW COLUMNS FROM `cww_reply` [ RunTime:0.0166s ]
SQL: INSERT INTO `cww_reply` (`forumid`,`floor`,`autherid`,`content`,`replydate`) VALUES ('27','2','q123456','凑一个楼层','2016-05-27 15:06:31') [ RunTime:0.0148s ]
SQL: UPDATE `cww_forum` SET `subject`='心情分享',`title`='数据库课程设计测试贴',`content`='　　上学时和同学一起去打热水，回宿舍路上暖瓶吱吱的响。
　　我说：“不好要炸啦。”
　　这哥们嗖的一声把暖瓶扔出去了，嘭，果然炸了。
　　这哥们心有余悸的说：“还好我扔的快，没炸到我。”????',`autherid`='q123456',`replynum`='2',`senddate`='2016-05-27 15:03:07',`lastdate`='2016-05-27 15:06:31',`viewnum`='3' WHERE `id` = 27 [ RunTime:0.0150s ]
INFO: [ app_end ] --START--
INFO: Run Behavior\ShowPageTraceBehavior [ RunTime:0.000495s ]
INFO: [ app_end ] --END-- [ RunTime:0.000561s ]

[ 2016-05-27T15:06:32+08:00 ] 127.0.0.1 /index.php/Home/Forum/foruminfo.html?id=27
INFO: [ app_init ] --START--
INFO: Run Behavior\BuildLiteBehavior [ RunTime:0.000021s ]
INFO: [ app_init ] --END-- [ RunTime:0.000348s ]
INFO: [ app_begin ] --START--
INFO: Run Behavior\ReadHtmlCacheBehavior [ RunTime:0.000340s ]
INFO: [ app_begin ] --END-- [ RunTime:0.000416s ]
NOTIC: [8] Use of undefined constant int - assumed 'int' D:\Software\wamp\www\Application\Home\Controller\ForumController.class.php 第 111 行.
SQL: SHOW COLUMNS FROM `cww_forum` [ RunTime:0.0154s ]
SQL: SHOW COLUMNS FROM `cww_reply` [ RunTime:0.0168s ]
SQL: SELECT * FROM `cww_forum` WHERE ( id = 27 )  [ RunTime:0.0172s ]
SQL: UPDATE `cww_forum` SET `subject`='心情分享',`title`='数据库课程设计测试贴',`content`='　　上学时和同学一起去打热水，回宿舍路上暖瓶吱吱的响。
　　我说：“不好要炸啦。”
　　这哥们嗖的一声把暖瓶扔出去了，嘭，果然炸了。
　　这哥们心有余悸的说：“还好我扔的快，没炸到我。”????',`autherid`='q123456',`replynum`='2',`senddate`='2016-05-27 15:03:07',`lastdate`='2016-05-27 15:06:31',`viewnum`='4' WHERE `id` = 27 [ RunTime:0.0163s ]
SQL: SELECT * FROM `cww_reply` WHERE ( forumid = 27 ) ORDER BY floor LIMIT 0,9   [ RunTime:0.0176s ]
SQL: SELECT COUNT(*) AS tp_count FROM `cww_reply` WHERE ( forumid = 27 ) LIMIT 1   [ RunTime:0.0180s ]
NOTIC: [8] Use of undefined constant pagination - assumed 'pagination' D:\Software\wamp\www\ThinkPHP\Library\Think\Page.class.php 第 143 行.
INFO: [ view_parse ] --START--
INFO: [ template_filter ] --START--
INFO: Run Behavior\ContentReplaceBehavior [ RunTime:0.000094s ]
INFO: [ template_filter ] --END-- [ RunTime:0.000208s ]
INFO: Run Behavior\ParseTemplateBehavior [ RunTime:0.012679s ]
INFO: [ view_parse ] --END-- [ RunTime:0.012766s ]
INFO: [ view_filter ] --START--
INFO: Run Behavior\WriteHtmlCacheBehavior [ RunTime:0.000246s ]
INFO: [ view_filter ] --END-- [ RunTime:0.000313s ]
INFO: [ app_end ] --START--
INFO: Run Behavior\ShowPageTraceBehavior [ RunTime:0.000322s ]
INFO: [ app_end ] --END-- [ RunTime:0.000392s ]

[ 2016-05-27T15:06:46+08:00 ] 127.0.0.1 /index.php/Home/Forum/reply.html?id=27
INFO: [ app_init ] --START--
INFO: Run Behavior\BuildLiteBehavior [ RunTime:0.000019s ]
INFO: [ app_init ] --END-- [ RunTime:0.000340s ]
INFO: [ app_begin ] --START--
INFO: Run Behavior\ReadHtmlCacheBehavior [ RunTime:0.000493s ]
INFO: [ app_begin ] --END-- [ RunTime:0.000635s ]
SQL: SHOW COLUMNS FROM `cww_forum` [ RunTime:0.0105s ]
SQL: SELECT * FROM `cww_forum` WHERE ( id = 27 ) LIMIT 1   [ RunTime:0.0117s ]
SQL: SHOW COLUMNS FROM `cww_reply` [ RunTime:0.0103s ]
SQL: INSERT INTO `cww_reply` (`forumid`,`floor`,`autherid`,`content`,`replydate`) VALUES ('27','3','q123456','嘿嘿嘿嘿嘿','2016-05-27 15:06:46') [ RunTime:0.0100s ]
SQL: UPDATE `cww_forum` SET `subject`='心情分享',`title`='数据库课程设计测试贴',`content`='　　上学时和同学一起去打热水，回宿舍路上暖瓶吱吱的响。
　　我说：“不好要炸啦。”
　　这哥们嗖的一声把暖瓶扔出去了，嘭，果然炸了。
　　这哥们心有余悸的说：“还好我扔的快，没炸到我。”????',`autherid`='q123456',`replynum`='3',`senddate`='2016-05-27 15:03:07',`lastdate`='2016-05-27 15:06:46',`viewnum`='4' WHERE `id` = 27 [ RunTime:0.0144s ]
INFO: [ app_end ] --START--
INFO: Run Behavior\ShowPageTraceBehavior [ RunTime:0.000649s ]
INFO: [ app_end ] --END-- [ RunTime:0.000766s ]

[ 2016-05-27T15:06:47+08:00 ] 127.0.0.1 /index.php/Home/Forum/foruminfo.html?id=27
INFO: [ app_init ] --START--
INFO: Run Behavior\BuildLiteBehavior [ RunTime:0.000021s ]
INFO: [ app_init ] --END-- [ RunTime:0.000328s ]
INFO: [ app_begin ] --START--
INFO: Run Behavior\ReadHtmlCacheBehavior [ RunTime:0.000374s ]
INFO: [ app_begin ] --END-- [ RunTime:0.000460s ]
NOTIC: [8] Use of undefined constant int - assumed 'int' D:\Software\wamp\www\Application\Home\Controller\ForumController.class.php 第 111 行.
SQL: SHOW COLUMNS FROM `cww_forum` [ RunTime:0.0157s ]
SQL: SHOW COLUMNS FROM `cww_reply` [ RunTime:0.0167s ]
SQL: SELECT * FROM `cww_forum` WHERE ( id = 27 )  [ RunTime:0.0180s ]
SQL: UPDATE `cww_forum` SET `subject`='心情分享',`title`='数据库课程设计测试贴',`content`='　　上学时和同学一起去打热水，回宿舍路上暖瓶吱吱的响。
　　我说：“不好要炸啦。”
　　这哥们嗖的一声把暖瓶扔出去了，嘭，果然炸了。
　　这哥们心有余悸的说：“还好我扔的快，没炸到我。”????',`autherid`='q123456',`replynum`='3',`senddate`='2016-05-27 15:03:07',`lastdate`='2016-05-27 15:06:46',`viewnum`='5' WHERE `id` = 27 [ RunTime:0.0182s ]
SQL: SELECT * FROM `cww_reply` WHERE ( forumid = 27 ) ORDER BY floor LIMIT 0,9   [ RunTime:0.0155s ]
SQL: SELECT COUNT(*) AS tp_count FROM `cww_reply` WHERE ( forumid = 27 ) LIMIT 1   [ RunTime:0.0140s ]
NOTIC: [8] Use of undefined constant pagination - assumed 'pagination' D:\Software\wamp\www\ThinkPHP\Library\Think\Page.class.php 第 143 行.
INFO: [ view_parse ] --START--
INFO: [ template_filter ] --START--
INFO: Run Behavior\ContentReplaceBehavior [ RunTime:0.000092s ]
INFO: [ template_filter ] --END-- [ RunTime:0.000182s ]
INFO: Run Behavior\ParseTemplateBehavior [ RunTime:0.011968s ]
INFO: [ view_parse ] --END-- [ RunTime:0.012057s ]
INFO: [ view_filter ] --START--
INFO: Run Behavior\WriteHtmlCacheBehavior [ RunTime:0.000255s ]
INFO: [ view_filter ] --END-- [ RunTime:0.000322s ]
INFO: [ app_end ] --START--
INFO: Run Behavior\ShowPageTraceBehavior [ RunTime:0.000329s ]
INFO: [ app_end ] --END-- [ RunTime:0.000399s ]

[ 2016-05-27T15:06:58+08:00 ] 127.0.0.1 /index.php/Home/Forum/reply.html?id=27
INFO: [ app_init ] --START--
INFO: Run Behavior\BuildLiteBehavior [ RunTime:0.000027s ]
INFO: [ app_init ] --END-- [ RunTime:0.000332s ]
INFO: [ app_begin ] --START--
INFO: Run Behavior\ReadHtmlCacheBehavior [ RunTime:0.000331s ]
INFO: [ app_begin ] --END-- [ RunTime:0.000398s ]
SQL: SHOW COLUMNS FROM `cww_forum` [ RunTime:0.0120s ]
SQL: SELECT * FROM `cww_forum` WHERE ( id = 27 ) LIMIT 1   [ RunTime:0.0110s ]
SQL: SHOW COLUMNS FROM `cww_reply` [ RunTime:0.0109s ]
SQL: INSERT INTO `cww_reply` (`forumid`,`floor`,`autherid`,`content`,`replydate`) VALUES ('27','4','q123456','。。','2016-05-27 15:06:58') [ RunTime:0.0079s ]
SQL: UPDATE `cww_forum` SET `subject`='心情分享',`title`='数据库课程设计测试贴',`content`='　　上学时和同学一起去打热水，回宿舍路上暖瓶吱吱的响。
　　我说：“不好要炸啦。”
　　这哥们嗖的一声把暖瓶扔出去了，嘭，果然炸了。
　　这哥们心有余悸的说：“还好我扔的快，没炸到我。”????',`autherid`='q123456',`replynum`='4',`senddate`='2016-05-27 15:03:07',`lastdate`='2016-05-27 15:06:58',`viewnum`='5' WHERE `id` = 27 [ RunTime:0.0103s ]
INFO: [ app_end ] --START--
INFO: Run Behavior\ShowPageTraceBehavior [ RunTime:0.000433s ]
INFO: [ app_end ] --END-- [ RunTime:0.000510s ]

[ 2016-05-27T15:06:59+08:00 ] 127.0.0.1 /index.php/Home/Forum/foruminfo.html?id=27
INFO: [ app_init ] --START--
INFO: Run Behavior\BuildLiteBehavior [ RunTime:0.000018s ]
INFO: [ app_init ] --END-- [ RunTime:0.000311s ]
INFO: [ app_begin ] --START--
INFO: Run Behavior\ReadHtmlCacheBehavior [ RunTime:0.000326s ]
INFO: [ app_begin ] --END-- [ RunTime:0.000400s ]
NOTIC: [8] Use of undefined constant int - assumed 'int' D:\Software\wamp\www\Application\Home\Controller\ForumController.class.php 第 111 行.
SQL: SHOW COLUMNS FROM `cww_forum` [ RunTime:0.0157s ]
SQL: SHOW COLUMNS FROM `cww_reply` [ RunTime:0.0179s ]
SQL: SELECT * FROM `cww_forum` WHERE ( id = 27 )  [ RunTime:0.0180s ]
SQL: UPDATE `cww_forum` SET `subject`='心情分享',`title`='数据库课程设计测试贴',`content`='　　上学时和同学一起去打热水，回宿舍路上暖瓶吱吱的响。
　　我说：“不好要炸啦。”
　　这哥们嗖的一声把暖瓶扔出去了，嘭，果然炸了。
　　这哥们心有余悸的说：“还好我扔的快，没炸到我。”????',`autherid`='q123456',`replynum`='4',`senddate`='2016-05-27 15:03:07',`lastdate`='2016-05-27 15:06:58',`viewnum`='6' WHERE `id` = 27 [ RunTime:0.0168s ]
SQL: SELECT * FROM `cww_reply` WHERE ( forumid = 27 ) ORDER BY floor LIMIT 0,9   [ RunTime:0.0195s ]
SQL: SELECT COUNT(*) AS tp_count FROM `cww_reply` WHERE ( forumid = 27 ) LIMIT 1   [ RunTime:0.0180s ]
NOTIC: [8] Use of undefined constant pagination - assumed 'pagination' D:\Software\wamp\www\ThinkPHP\Library\Think\Page.class.php 第 143 行.
INFO: [ view_parse ] --START--
INFO: [ template_filter ] --START--
INFO: Run Behavior\ContentReplaceBehavior [ RunTime:0.000094s ]
INFO: [ template_filter ] --END-- [ RunTime:0.000195s ]
INFO: Run Behavior\ParseTemplateBehavior [ RunTime:0.012663s ]
INFO: [ view_parse ] --END-- [ RunTime:0.012745s ]
INFO: [ view_filter ] --START--
INFO: Run Behavior\WriteHtmlCacheBehavior [ RunTime:0.000174s ]
INFO: [ view_filter ] --END-- [ RunTime:0.000241s ]
INFO: [ app_end ] --START--
INFO: Run Behavior\ShowPageTraceBehavior [ RunTime:0.000351s ]
INFO: [ app_end ] --END-- [ RunTime:0.000420s ]

[ 2016-05-27T15:07:23+08:00 ] 127.0.0.1 /index.php/Home/Forum/index.html
INFO: [ app_init ] --START--
INFO: Run Behavior\BuildLiteBehavior [ RunTime:0.000018s ]
INFO: [ app_init ] --END-- [ RunTime:0.000279s ]
INFO: [ app_begin ] --START--
INFO: Run Behavior\ReadHtmlCacheBehavior [ RunTime:0.000322s ]
INFO: [ app_begin ] --END-- [ RunTime:0.000396s ]
SQL: SHOW COLUMNS FROM `cww_notice` [ RunTime:0.0192s ]
SQL: SELECT * FROM `cww_notice` ORDER BY id DESC  [ RunTime:0.0216s ]
SQL: SHOW COLUMNS FROM `cww_forum` [ RunTime:0.0190s ]
NOTIC: [8] Use of undefined constant int - assumed 'int' D:\Software\wamp\www\Application\Home\Controller\ForumController.class.php 第 28 行.
SQL: SELECT * FROM `cww_forum` ORDER BY lastdate DESC LIMIT 0,9   [ RunTime:0.0183s ]
SQL: SELECT COUNT(*) AS tp_count FROM `cww_forum` LIMIT 1   [ RunTime:0.0167s ]
NOTIC: [8] Use of undefined constant pagination - assumed 'pagination' D:\Software\wamp\www\ThinkPHP\Library\Think\Page.class.php 第 143 行.
INFO: [ view_parse ] --START--
INFO: [ template_filter ] --START--
INFO: Run Behavior\ContentReplaceBehavior [ RunTime:0.000090s ]
INFO: [ template_filter ] --END-- [ RunTime:0.000181s ]
INFO: Run Behavior\ParseTemplateBehavior [ RunTime:0.010462s ]
INFO: [ view_parse ] --END-- [ RunTime:0.010548s ]
INFO: [ view_filter ] --START--
INFO: Run Behavior\WriteHtmlCacheBehavior [ RunTime:0.000182s ]
INFO: [ view_filter ] --END-- [ RunTime:0.000250s ]
INFO: [ app_end ] --START--
INFO: Run Behavior\ShowPageTraceBehavior [ RunTime:0.000403s ]
INFO: [ app_end ] --END-- [ RunTime:0.000490s ]

[ 2016-05-27T15:10:27+08:00 ] 127.0.0.1 /index.php/Home/Forum/index.html
INFO: [ app_init ] --START--
INFO: Run Behavior\BuildLiteBehavior [ RunTime:0.000018s ]
INFO: [ app_init ] --END-- [ RunTime:0.000297s ]
INFO: [ app_begin ] --START--
INFO: Run Behavior\ReadHtmlCacheBehavior [ RunTime:0.000445s ]
INFO: [ app_begin ] --END-- [ RunTime:0.000530s ]
SQL: SHOW COLUMNS FROM `cww_notice` [ RunTime:0.0130s ]
SQL: SELECT * FROM `cww_notice` ORDER BY id DESC  [ RunTime:0.0105s ]
SQL: SHOW COLUMNS FROM `cww_forum` [ RunTime:0.0095s ]
NOTIC: [8] Use of undefined constant int - assumed 'int' D:\Software\wamp\www\Application\Home\Controller\ForumController.class.php 第 28 行.
SQL: SELECT * FROM `cww_forum` ORDER BY lastdate DESC LIMIT 0,9   [ RunTime:0.0105s ]
SQL: SELECT COUNT(*) AS tp_count FROM `cww_forum` LIMIT 1   [ RunTime:0.0085s ]
NOTIC: [8] Use of undefined constant pagination - assumed 'pagination' D:\Software\wamp\www\ThinkPHP\Library\Think\Page.class.php 第 143 行.
INFO: [ view_parse ] --START--
INFO: [ template_filter ] --START--
INFO: Run Behavior\ContentReplaceBehavior [ RunTime:0.000095s ]
INFO: [ template_filter ] --END-- [ RunTime:0.000200s ]
INFO: Run Behavior\ParseTemplateBehavior [ RunTime:0.011043s ]
INFO: [ view_parse ] --END-- [ RunTime:0.011132s ]
INFO: [ view_filter ] --START--
INFO: Run Behavior\WriteHtmlCacheBehavior [ RunTime:0.000271s ]
INFO: [ view_filter ] --END-- [ RunTime:0.000344s ]
INFO: [ app_end ] --START--
INFO: Run Behavior\ShowPageTraceBehavior [ RunTime:0.000406s ]
INFO: [ app_end ] --END-- [ RunTime:0.000480s ]

[ 2016-05-27T15:10:30+08:00 ] 127.0.0.1 /index.php/Home/Forum/foruminfo.html?id=27
INFO: [ app_init ] --START--
INFO: Run Behavior\BuildLiteBehavior [ RunTime:0.000018s ]
INFO: [ app_init ] --END-- [ RunTime:0.000296s ]
INFO: [ app_begin ] --START--
INFO: Run Behavior\ReadHtmlCacheBehavior [ RunTime:0.000409s ]
INFO: [ app_begin ] --END-- [ RunTime:0.000483s ]
NOTIC: [8] Use of undefined constant int - assumed 'int' D:\Software\wamp\www\Application\Home\Controller\ForumController.class.php 第 111 行.
SQL: SHOW COLUMNS FROM `cww_forum` [ RunTime:0.0093s ]
SQL: SHOW COLUMNS FROM `cww_reply` [ RunTime:0.0100s ]
SQL: SELECT * FROM `cww_forum` WHERE ( id = 27 )  [ RunTime:0.0087s ]
SQL: UPDATE `cww_forum` SET `subject`='心情分享',`title`='数据库课程设计测试贴',`content`='　　上学时和同学一起去打热水，回宿舍路上暖瓶吱吱的响。
　　我说：“不好要炸啦。”
　　这哥们嗖的一声把暖瓶扔出去了，嘭，果然炸了。
　　这哥们心有余悸的说：“还好我扔的快，没炸到我。”????',`autherid`='q123456',`replynum`='4',`senddate`='2016-05-27 15:03:07',`lastdate`='2016-05-27 15:06:58',`viewnum`='7' WHERE `id` = 27 [ RunTime:0.0091s ]
SQL: SELECT * FROM `cww_reply` WHERE ( forumid = 27 ) ORDER BY floor LIMIT 0,9   [ RunTime:0.0081s ]
SQL: SELECT COUNT(*) AS tp_count FROM `cww_reply` WHERE ( forumid = 27 ) LIMIT 1   [ RunTime:0.0110s ]
NOTIC: [8] Use of undefined constant pagination - assumed 'pagination' D:\Software\wamp\www\ThinkPHP\Library\Think\Page.class.php 第 143 行.
INFO: [ view_parse ] --START--
INFO: [ template_filter ] --START--
INFO: Run Behavior\ContentReplaceBehavior [ RunTime:0.000096s ]
INFO: [ template_filter ] --END-- [ RunTime:0.000221s ]
INFO: Run Behavior\ParseTemplateBehavior [ RunTime:0.013536s ]
INFO: [ view_parse ] --END-- [ RunTime:0.013628s ]
INFO: [ view_filter ] --START--
INFO: Run Behavior\WriteHtmlCacheBehavior [ RunTime:0.000257s ]
INFO: [ view_filter ] --END-- [ RunTime:0.000324s ]
INFO: [ app_end ] --START--
INFO: Run Behavior\ShowPageTraceBehavior [ RunTime:0.000586s ]
INFO: [ app_end ] --END-- [ RunTime:0.000674s ]

[ 2016-05-27T15:10:33+08:00 ] 127.0.0.1 /index.php/Home/Forum/foruminfo.html?id=27
INFO: [ app_init ] --START--
INFO: Run Behavior\BuildLiteBehavior [ RunTime:0.000018s ]
INFO: [ app_init ] --END-- [ RunTime:0.000274s ]
INFO: [ app_begin ] --START--
INFO: Run Behavior\ReadHtmlCacheBehavior [ RunTime:0.000384s ]
INFO: [ app_begin ] --END-- [ RunTime:0.000474s ]
NOTIC: [8] Use of undefined constant int - assumed 'int' D:\Software\wamp\www\Application\Home\Controller\ForumController.class.php 第 111 行.
SQL: SHOW COLUMNS FROM `cww_forum` [ RunTime:0.0085s ]
SQL: SHOW COLUMNS FROM `cww_reply` [ RunTime:0.0083s ]
SQL: SELECT * FROM `cww_forum` WHERE ( id = 27 )  [ RunTime:0.0090s ]
SQL: UPDATE `cww_forum` SET `subject`='心情分享',`title`='数据库课程设计测试贴',`content`='　　上学时和同学一起去打热水，回宿舍路上暖瓶吱吱的响。
　　我说：“不好要炸啦。”
　　这哥们嗖的一声把暖瓶扔出去了，嘭，果然炸了。
　　这哥们心有余悸的说：“还好我扔的快，没炸到我。”????',`autherid`='q123456',`replynum`='4',`senddate`='2016-05-27 15:03:07',`lastdate`='2016-05-27 15:06:58',`viewnum`='8' WHERE `id` = 27 [ RunTime:0.0103s ]
SQL: SELECT * FROM `cww_reply` WHERE ( forumid = 27 ) ORDER BY floor LIMIT 0,9   [ RunTime:0.0088s ]
SQL: SELECT COUNT(*) AS tp_count FROM `cww_reply` WHERE ( forumid = 27 ) LIMIT 1   [ RunTime:0.0085s ]
NOTIC: [8] Use of undefined constant pagination - assumed 'pagination' D:\Software\wamp\www\ThinkPHP\Library\Think\Page.class.php 第 143 行.
INFO: [ view_parse ] --START--
INFO: [ template_filter ] --START--
INFO: Run Behavior\ContentReplaceBehavior [ RunTime:0.000127s ]
INFO: [ template_filter ] --END-- [ RunTime:0.000229s ]
INFO: Run Behavior\ParseTemplateBehavior [ RunTime:0.013170s ]
INFO: [ view_parse ] --END-- [ RunTime:0.013259s ]
INFO: [ view_filter ] --START--
INFO: Run Behavior\WriteHtmlCacheBehavior [ RunTime:0.000316s ]
INFO: [ view_filter ] --END-- [ RunTime:0.000389s ]
INFO: [ app_end ] --START--
INFO: Run Behavior\ShowPageTraceBehavior [ RunTime:0.000370s ]
INFO: [ app_end ] --END-- [ RunTime:0.000447s ]

