[ 2016-03-26T12:13:14+08:00 ] 127.0.0.1 /
INFO: [ app_init ] --START--
INFO: Run Behavior\BuildLiteBehavior [ RunTime:0.000037s ]
INFO: [ app_init ] --END-- [ RunTime:0.001582s ]
INFO: [ app_begin ] --START--
INFO: Run Behavior\ReadHtmlCacheBehavior [ RunTime:0.013829s ]
INFO: [ app_begin ] --END-- [ RunTime:0.013971s ]
INFO: [ view_parse ] --START--
INFO: [ template_filter ] --START--
INFO: Run Behavior\ContentReplaceBehavior [ RunTime:0.000091s ]
INFO: [ template_filter ] --END-- [ RunTime:0.000190s ]
INFO: Run Behavior\ParseTemplateBehavior [ RunTime:0.038247s ]
INFO: [ view_parse ] --END-- [ RunTime:0.038441s ]
INFO: [ view_filter ] --START--
INFO: Run Behavior\WriteHtmlCacheBehavior [ RunTime:0.000507s ]
INFO: [ view_filter ] --END-- [ RunTime:0.000594s ]
INFO: [ app_end ] --START--
INFO: Run Behavior\ShowPageTraceBehavior [ RunTime:0.009890s ]
INFO: [ app_end ] --END-- [ RunTime:0.010027s ]

[ 2016-03-26T12:13:21+08:00 ] 127.0.0.1 /
INFO: [ app_init ] --START--
INFO: Run Behavior\BuildLiteBehavior [ RunTime:0.000021s ]
INFO: [ app_init ] --END-- [ RunTime:0.000330s ]
INFO: [ app_begin ] --START--
INFO: Run Behavior\ReadHtmlCacheBehavior [ RunTime:0.000395s ]
INFO: [ app_begin ] --END-- [ RunTime:0.000486s ]
INFO: [ view_parse ] --START--
INFO: [ template_filter ] --START--
INFO: Run Behavior\ContentReplaceBehavior [ RunTime:0.000089s ]
INFO: [ template_filter ] --END-- [ RunTime:0.000185s ]
INFO: Run Behavior\ParseTemplateBehavior [ RunTime:0.006738s ]
INFO: [ view_parse ] --END-- [ RunTime:0.006828s ]
INFO: [ view_filter ] --START--
INFO: Run Behavior\WriteHtmlCacheBehavior [ RunTime:0.000199s ]
INFO: [ view_filter ] --END-- [ RunTime:0.000277s ]
INFO: [ app_end ] --START--
INFO: Run Behavior\ShowPageTraceBehavior [ RunTime:0.000397s ]
INFO: [ app_end ] --END-- [ RunTime:0.000481s ]

[ 2016-03-26T12:13:25+08:00 ] 127.0.0.1 /index.php/Home/index/main.html
INFO: [ app_init ] --START--
INFO: Run Behavior\BuildLiteBehavior [ RunTime:0.000022s ]
INFO: [ app_init ] --END-- [ RunTime:0.000396s ]
INFO: [ app_begin ] --START--
INFO: Run Behavior\ReadHtmlCacheBehavior [ RunTime:0.000403s ]
INFO: [ app_begin ] --END-- [ RunTime:0.000499s ]
INFO: [ view_parse ] --START--
INFO: [ template_filter ] --START--
INFO: Run Behavior\ContentReplaceBehavior [ RunTime:0.000130s ]
INFO: [ template_filter ] --END-- [ RunTime:0.000313s ]
INFO: Run Behavior\ParseTemplateBehavior [ RunTime:0.129681s ]
INFO: [ view_parse ] --END-- [ RunTime:0.129841s ]
INFO: [ view_filter ] --START--
INFO: Run Behavior\WriteHtmlCacheBehavior [ RunTime:0.000402s ]
INFO: [ view_filter ] --END-- [ RunTime:0.000566s ]
INFO: [ app_end ] --START--
INFO: Run Behavior\ShowPageTraceBehavior [ RunTime:0.000745s ]
INFO: [ app_end ] --END-- [ RunTime:0.000860s ]

[ 2016-03-26T12:13:27+08:00 ] 127.0.0.1 /index.php/Home/Teach/smallcourse.html
INFO: [ app_init ] --START--
INFO: Run Behavior\BuildLiteBehavior [ RunTime:0.000021s ]
INFO: [ app_init ] --END-- [ RunTime:0.000360s ]
INFO: [ app_begin ] --START--
INFO: Run Behavior\ReadHtmlCacheBehavior [ RunTime:0.000484s ]
INFO: [ app_begin ] --END-- [ RunTime:0.000579s ]
SQL: SHOW COLUMNS FROM `cww_course` [ RunTime:0.0182s ]
NOTIC: [8] Use of undefined constant int - assumed 'int' D:\Software\wamp\www\Application\Home\Controller\TeachController.class.php 第 10 行.
SQL: SELECT * FROM `cww_course` WHERE ( edulevel = '小学' ) ORDER BY subject LIMIT 0,8   [ RunTime:0.0182s ]
SQL: SELECT COUNT(*) AS tp_count FROM `cww_course` WHERE ( edulevel = '小学' ) LIMIT 1   [ RunTime:0.0186s ]
NOTIC: [8] Use of undefined constant pagination - assumed 'pagination' D:\Software\wamp\www\ThinkPHP\Library\Think\Page.class.php 第 143 行.
INFO: [ view_parse ] --START--
INFO: [ template_filter ] --START--
INFO: Run Behavior\ContentReplaceBehavior [ RunTime:0.000085s ]
INFO: [ template_filter ] --END-- [ RunTime:0.000189s ]
INFO: Run Behavior\ParseTemplateBehavior [ RunTime:0.033619s ]
INFO: [ view_parse ] --END-- [ RunTime:0.033748s ]
INFO: [ view_filter ] --START--
INFO: Run Behavior\WriteHtmlCacheBehavior [ RunTime:0.000283s ]
INFO: [ view_filter ] --END-- [ RunTime:0.000365s ]
INFO: [ app_end ] --START--
INFO: Run Behavior\ShowPageTraceBehavior [ RunTime:0.000461s ]
INFO: [ app_end ] --END-- [ RunTime:0.000545s ]

[ 2016-03-26T12:13:37+08:00 ] 127.0.0.1 /index.php/Home/Teach/middlecourse.html
INFO: [ app_init ] --START--
INFO: Run Behavior\BuildLiteBehavior [ RunTime:0.000022s ]
INFO: [ app_init ] --END-- [ RunTime:0.000350s ]
INFO: [ app_begin ] --START--
INFO: Run Behavior\ReadHtmlCacheBehavior [ RunTime:0.000396s ]
INFO: [ app_begin ] --END-- [ RunTime:0.000485s ]
SQL: SHOW COLUMNS FROM `cww_course` [ RunTime:0.0223s ]
NOTIC: [8] Use of undefined constant int - assumed 'int' D:\Software\wamp\www\Application\Home\Controller\TeachController.class.php 第 48 行.
SQL: SELECT * FROM `cww_course` WHERE ( edulevel = '初中' ) ORDER BY subject LIMIT 0,8   [ RunTime:0.0233s ]
SQL: SELECT COUNT(*) AS tp_count FROM `cww_course` WHERE ( edulevel = '初中' ) LIMIT 1   [ RunTime:0.0237s ]
INFO: [ view_parse ] --START--
INFO: [ template_filter ] --START--
INFO: Run Behavior\ContentReplaceBehavior [ RunTime:0.000084s ]
INFO: [ template_filter ] --END-- [ RunTime:0.000186s ]
INFO: Run Behavior\ParseTemplateBehavior [ RunTime:0.038222s ]
INFO: [ view_parse ] --END-- [ RunTime:0.038351s ]
INFO: [ view_filter ] --START--
INFO: Run Behavior\WriteHtmlCacheBehavior [ RunTime:0.000434s ]
INFO: [ view_filter ] --END-- [ RunTime:0.000521s ]
INFO: [ app_end ] --START--
INFO: Run Behavior\ShowPageTraceBehavior [ RunTime:0.000424s ]
INFO: [ app_end ] --END-- [ RunTime:0.000508s ]

[ 2016-03-26T12:13:39+08:00 ] 127.0.0.1 /index.php/Home/Teach/smallcourse.html
INFO: [ app_init ] --START--
INFO: Run Behavior\BuildLiteBehavior [ RunTime:0.000020s ]
INFO: [ app_init ] --END-- [ RunTime:0.000324s ]
INFO: [ app_begin ] --START--
INFO: Run Behavior\ReadHtmlCacheBehavior [ RunTime:0.000421s ]
INFO: [ app_begin ] --END-- [ RunTime:0.000511s ]
SQL: SHOW COLUMNS FROM `cww_course` [ RunTime:0.0185s ]
NOTIC: [8] Use of undefined constant int - assumed 'int' D:\Software\wamp\www\Application\Home\Controller\TeachController.class.php 第 10 行.
SQL: SELECT * FROM `cww_course` WHERE ( edulevel = '小学' ) ORDER BY subject LIMIT 0,8   [ RunTime:0.0178s ]
SQL: SELECT COUNT(*) AS tp_count FROM `cww_course` WHERE ( edulevel = '小学' ) LIMIT 1   [ RunTime:0.0168s ]
NOTIC: [8] Use of undefined constant pagination - assumed 'pagination' D:\Software\wamp\www\ThinkPHP\Library\Think\Page.class.php 第 143 行.
INFO: [ view_parse ] --START--
INFO: [ template_filter ] --START--
INFO: Run Behavior\ContentReplaceBehavior [ RunTime:0.000085s ]
INFO: [ template_filter ] --END-- [ RunTime:0.000268s ]
INFO: Run Behavior\ParseTemplateBehavior [ RunTime:0.010392s ]
INFO: [ view_parse ] --END-- [ RunTime:0.010499s ]
INFO: [ view_filter ] --START--
INFO: Run Behavior\WriteHtmlCacheBehavior [ RunTime:0.000270s ]
INFO: [ view_filter ] --END-- [ RunTime:0.000350s ]
INFO: [ app_end ] --START--
INFO: Run Behavior\ShowPageTraceBehavior [ RunTime:0.000406s ]
INFO: [ app_end ] --END-- [ RunTime:0.000490s ]

[ 2016-03-26T12:13:40+08:00 ] 127.0.0.1 /index.php/Home/Forum/index.html
INFO: [ app_init ] --START--
INFO: Run Behavior\BuildLiteBehavior [ RunTime:0.000019s ]
INFO: [ app_init ] --END-- [ RunTime:0.000325s ]
INFO: [ app_begin ] --START--
INFO: Run Behavior\ReadHtmlCacheBehavior [ RunTime:0.000434s ]
INFO: [ app_begin ] --END-- [ RunTime:0.000531s ]
SQL: SHOW COLUMNS FROM `cww_forum` [ RunTime:0.0247s ]
NOTIC: [8] Use of undefined constant int - assumed 'int' D:\Software\wamp\www\Application\Home\Controller\ForumController.class.php 第 23 行.
SQL: SELECT * FROM `cww_forum` ORDER BY lastdate DESC LIMIT 0,9   [ RunTime:0.0278s ]
SQL: SELECT COUNT(*) AS tp_count FROM `cww_forum` LIMIT 1   [ RunTime:0.0245s ]
NOTIC: [8] Use of undefined constant pagination - assumed 'pagination' D:\Software\wamp\www\ThinkPHP\Library\Think\Page.class.php 第 143 行.
INFO: [ view_parse ] --START--
INFO: [ template_filter ] --START--
INFO: Run Behavior\ContentReplaceBehavior [ RunTime:0.000111s ]
INFO: [ template_filter ] --END-- [ RunTime:0.000213s ]
INFO: Run Behavior\ParseTemplateBehavior [ RunTime:0.031334s ]
INFO: [ view_parse ] --END-- [ RunTime:0.031460s ]
INFO: [ view_filter ] --START--
INFO: Run Behavior\WriteHtmlCacheBehavior [ RunTime:0.000275s ]
INFO: [ view_filter ] --END-- [ RunTime:0.000357s ]
INFO: [ app_end ] --START--
INFO: Run Behavior\ShowPageTraceBehavior [ RunTime:0.000409s ]
INFO: [ app_end ] --END-- [ RunTime:0.000494s ]

[ 2016-03-26T12:13:46+08:00 ] 127.0.0.1 /index.php/Home/Forum/index/p/2.html
INFO: [ app_init ] --START--
INFO: Run Behavior\BuildLiteBehavior [ RunTime:0.000020s ]
INFO: [ app_init ] --END-- [ RunTime:0.000371s ]
INFO: [ app_begin ] --START--
INFO: Run Behavior\ReadHtmlCacheBehavior [ RunTime:0.000517s ]
INFO: [ app_begin ] --END-- [ RunTime:0.000612s ]
SQL: SHOW COLUMNS FROM `cww_forum` [ RunTime:0.0186s ]
NOTIC: [8] Use of undefined constant int - assumed 'int' D:\Software\wamp\www\Application\Home\Controller\ForumController.class.php 第 23 行.
SQL: SELECT * FROM `cww_forum` ORDER BY lastdate DESC LIMIT 9,9   [ RunTime:0.0177s ]
SQL: SELECT COUNT(*) AS tp_count FROM `cww_forum` LIMIT 1   [ RunTime:0.0179s ]
NOTIC: [8] Use of undefined constant pagination - assumed 'pagination' D:\Software\wamp\www\ThinkPHP\Library\Think\Page.class.php 第 143 行.
INFO: [ view_parse ] --START--
INFO: [ template_filter ] --START--
INFO: Run Behavior\ContentReplaceBehavior [ RunTime:0.000113s ]
INFO: [ template_filter ] --END-- [ RunTime:0.000229s ]
INFO: Run Behavior\ParseTemplateBehavior [ RunTime:0.013165s ]
INFO: [ view_parse ] --END-- [ RunTime:0.013274s ]
INFO: [ view_filter ] --START--
INFO: Run Behavior\WriteHtmlCacheBehavior [ RunTime:0.000455s ]
INFO: [ view_filter ] --END-- [ RunTime:0.000554s ]
INFO: [ app_end ] --START--
INFO: Run Behavior\ShowPageTraceBehavior [ RunTime:0.000539s ]
INFO: [ app_end ] --END-- [ RunTime:0.000642s ]

[ 2016-03-26T12:13:49+08:00 ] 127.0.0.1 /index.php/Home/Forum/index/p/1.html
INFO: [ app_init ] --START--
INFO: Run Behavior\BuildLiteBehavior [ RunTime:0.000020s ]
INFO: [ app_init ] --END-- [ RunTime:0.000328s ]
INFO: [ app_begin ] --START--
INFO: Run Behavior\ReadHtmlCacheBehavior [ RunTime:0.000456s ]
INFO: [ app_begin ] --END-- [ RunTime:0.000552s ]
SQL: SHOW COLUMNS FROM `cww_forum` [ RunTime:0.0241s ]
NOTIC: [8] Use of undefined constant int - assumed 'int' D:\Software\wamp\www\Application\Home\Controller\ForumController.class.php 第 23 行.
SQL: SELECT * FROM `cww_forum` ORDER BY lastdate DESC LIMIT 0,9   [ RunTime:0.0232s ]
SQL: SELECT COUNT(*) AS tp_count FROM `cww_forum` LIMIT 1   [ RunTime:0.0229s ]
NOTIC: [8] Use of undefined constant pagination - assumed 'pagination' D:\Software\wamp\www\ThinkPHP\Library\Think\Page.class.php 第 143 行.
INFO: [ view_parse ] --START--
INFO: [ template_filter ] --START--
INFO: Run Behavior\ContentReplaceBehavior [ RunTime:0.000109s ]
INFO: [ template_filter ] --END-- [ RunTime:0.000208s ]
INFO: Run Behavior\ParseTemplateBehavior [ RunTime:0.012002s ]
INFO: [ view_parse ] --END-- [ RunTime:0.012099s ]
INFO: [ view_filter ] --START--
INFO: Run Behavior\WriteHtmlCacheBehavior [ RunTime:0.000207s ]
INFO: [ view_filter ] --END-- [ RunTime:0.000287s ]
INFO: [ app_end ] --START--
INFO: Run Behavior\ShowPageTraceBehavior [ RunTime:0.000391s ]
INFO: [ app_end ] --END-- [ RunTime:0.000474s ]

[ 2016-03-26T12:13:51+08:00 ] 127.0.0.1 /index.php/Home/Forum/index/p/2.html
INFO: [ app_init ] --START--
INFO: Run Behavior\BuildLiteBehavior [ RunTime:0.000020s ]
INFO: [ app_init ] --END-- [ RunTime:0.000338s ]
INFO: [ app_begin ] --START--
INFO: Run Behavior\ReadHtmlCacheBehavior [ RunTime:0.000392s ]
INFO: [ app_begin ] --END-- [ RunTime:0.000481s ]
SQL: SHOW COLUMNS FROM `cww_forum` [ RunTime:0.0212s ]
NOTIC: [8] Use of undefined constant int - assumed 'int' D:\Software\wamp\www\Application\Home\Controller\ForumController.class.php 第 23 行.
SQL: SELECT * FROM `cww_forum` ORDER BY lastdate DESC LIMIT 9,9   [ RunTime:0.0200s ]
SQL: SELECT COUNT(*) AS tp_count FROM `cww_forum` LIMIT 1   [ RunTime:0.0189s ]
NOTIC: [8] Use of undefined constant pagination - assumed 'pagination' D:\Software\wamp\www\ThinkPHP\Library\Think\Page.class.php 第 143 行.
INFO: [ view_parse ] --START--
INFO: [ template_filter ] --START--
INFO: Run Behavior\ContentReplaceBehavior [ RunTime:0.000109s ]
INFO: [ template_filter ] --END-- [ RunTime:0.000204s ]
INFO: Run Behavior\ParseTemplateBehavior [ RunTime:0.011950s ]
INFO: [ view_parse ] --END-- [ RunTime:0.012058s ]
INFO: [ view_filter ] --START--
INFO: Run Behavior\WriteHtmlCacheBehavior [ RunTime:0.000279s ]
INFO: [ view_filter ] --END-- [ RunTime:0.000361s ]
INFO: [ app_end ] --START--
INFO: Run Behavior\ShowPageTraceBehavior [ RunTime:0.000418s ]
INFO: [ app_end ] --END-- [ RunTime:0.000505s ]

[ 2016-03-26T12:13:53+08:00 ] 127.0.0.1 /index.php/Home/Forum/index/p/1.html
INFO: [ app_init ] --START--
INFO: Run Behavior\BuildLiteBehavior [ RunTime:0.000020s ]
INFO: [ app_init ] --END-- [ RunTime:0.000326s ]
INFO: [ app_begin ] --START--
INFO: Run Behavior\ReadHtmlCacheBehavior [ RunTime:0.000388s ]
INFO: [ app_begin ] --END-- [ RunTime:0.000476s ]
SQL: SHOW COLUMNS FROM `cww_forum` [ RunTime:0.0218s ]
NOTIC: [8] Use of undefined constant int - assumed 'int' D:\Software\wamp\www\Application\Home\Controller\ForumController.class.php 第 23 行.
SQL: SELECT * FROM `cww_forum` ORDER BY lastdate DESC LIMIT 0,9   [ RunTime:0.0244s ]
SQL: SELECT COUNT(*) AS tp_count FROM `cww_forum` LIMIT 1   [ RunTime:0.0232s ]
NOTIC: [8] Use of undefined constant pagination - assumed 'pagination' D:\Software\wamp\www\ThinkPHP\Library\Think\Page.class.php 第 143 行.
INFO: [ view_parse ] --START--
INFO: [ template_filter ] --START--
INFO: Run Behavior\ContentReplaceBehavior [ RunTime:0.000111s ]
INFO: [ template_filter ] --END-- [ RunTime:0.000211s ]
INFO: Run Behavior\ParseTemplateBehavior [ RunTime:0.012374s ]
INFO: [ view_parse ] --END-- [ RunTime:0.012474s ]
INFO: [ view_filter ] --START--
INFO: Run Behavior\WriteHtmlCacheBehavior [ RunTime:0.000224s ]
INFO: [ view_filter ] --END-- [ RunTime:0.000303s ]
INFO: [ app_end ] --START--
INFO: Run Behavior\ShowPageTraceBehavior [ RunTime:0.000396s ]
INFO: [ app_end ] --END-- [ RunTime:0.000481s ]

