[ 2016-03-22T11:43:52+08:00 ] 127.0.0.1 /index.php/Home/Index/main.html
INFO: [ app_init ] --START--
INFO: Run Behavior\BuildLiteBehavior [ RunTime:0.000026s ]
INFO: [ app_init ] --END-- [ RunTime:0.000852s ]
INFO: [ app_begin ] --START--
INFO: Run Behavior\ReadHtmlCacheBehavior [ RunTime:0.011844s ]
INFO: [ app_begin ] --END-- [ RunTime:0.011960s ]
INFO: [ view_parse ] --START--
INFO: [ template_filter ] --START--
INFO: Run Behavior\ContentReplaceBehavior [ RunTime:0.000090s ]
INFO: [ template_filter ] --END-- [ RunTime:0.000208s ]
INFO: Run Behavior\ParseTemplateBehavior [ RunTime:0.059547s ]
INFO: [ view_parse ] --END-- [ RunTime:0.059663s ]
INFO: [ view_filter ] --START--
INFO: Run Behavior\WriteHtmlCacheBehavior [ RunTime:0.003212s ]
INFO: [ view_filter ] --END-- [ RunTime:0.003332s ]
INFO: [ app_end ] --START--
INFO: Run Behavior\ShowPageTraceBehavior [ RunTime:0.012611s ]
INFO: [ app_end ] --END-- [ RunTime:0.012729s ]

[ 2016-03-22T11:43:57+08:00 ] 127.0.0.1 /index.php/Home/Teach/service.html?id=1
INFO: [ app_init ] --START--
INFO: Run Behavior\BuildLiteBehavior [ RunTime:0.000022s ]
INFO: [ app_init ] --END-- [ RunTime:0.000368s ]
INFO: [ app_begin ] --START--
INFO: Run Behavior\ReadHtmlCacheBehavior [ RunTime:0.000457s ]
INFO: [ app_begin ] --END-- [ RunTime:0.000551s ]
INFO: [ view_parse ] --START--
INFO: [ template_filter ] --START--
INFO: Run Behavior\ContentReplaceBehavior [ RunTime:0.000153s ]
INFO: [ template_filter ] --END-- [ RunTime:0.000263s ]
NOTIC: [8] Undefined variable: first D:\Software\wamp\www\Application\Runtime\Cache\Home\1de97f4d9fe26af43588a83af0b47755.php 第 71 行.
NOTIC: [8] Undefined variable: second D:\Software\wamp\www\Application\Runtime\Cache\Home\1de97f4d9fe26af43588a83af0b47755.php 第 72 行.
INFO: Run Behavior\ParseTemplateBehavior [ RunTime:0.037909s ]
INFO: [ view_parse ] --END-- [ RunTime:0.038018s ]
INFO: [ view_filter ] --START--
INFO: Run Behavior\WriteHtmlCacheBehavior [ RunTime:0.000227s ]
INFO: [ view_filter ] --END-- [ RunTime:0.000308s ]
INFO: [ app_end ] --START--
INFO: Run Behavior\ShowPageTraceBehavior [ RunTime:0.000611s ]
INFO: [ app_end ] --END-- [ RunTime:0.000710s ]

[ 2016-03-22T11:43:58+08:00 ] 127.0.0.1 /index.php/Home/Teach/smallcourse.html
INFO: [ app_init ] --START--
INFO: Run Behavior\BuildLiteBehavior [ RunTime:0.000063s ]
INFO: [ app_init ] --END-- [ RunTime:0.000727s ]
INFO: [ app_begin ] --START--
INFO: Run Behavior\ReadHtmlCacheBehavior [ RunTime:0.000963s ]
INFO: [ app_begin ] --END-- [ RunTime:0.001220s ]
SQL: SHOW COLUMNS FROM `cww_course` [ RunTime:0.0094s ]
NOTIC: [8] Use of undefined constant int - assumed 'int' D:\Software\wamp\www\Application\Home\Controller\TeachController.class.php 第 10 行.
SQL: SELECT * FROM `cww_course` WHERE ( edulevel = '小学' ) ORDER BY subject LIMIT 0,8   [ RunTime:0.0080s ]
SQL: SELECT COUNT(*) AS tp_count FROM `cww_course` WHERE ( edulevel = '小学' ) LIMIT 1   [ RunTime:0.0080s ]
INFO: [ view_parse ] --START--
INFO: [ template_filter ] --START--
INFO: Run Behavior\ContentReplaceBehavior [ RunTime:0.000085s ]
INFO: [ template_filter ] --END-- [ RunTime:0.000202s ]
INFO: Run Behavior\ParseTemplateBehavior [ RunTime:0.019060s ]
INFO: [ view_parse ] --END-- [ RunTime:0.019193s ]
INFO: [ view_filter ] --START--
INFO: Run Behavior\WriteHtmlCacheBehavior [ RunTime:0.000269s ]
INFO: [ view_filter ] --END-- [ RunTime:0.000356s ]
INFO: [ app_end ] --START--
INFO: Run Behavior\ShowPageTraceBehavior [ RunTime:0.000690s ]
INFO: [ app_end ] --END-- [ RunTime:0.000780s ]

[ 2016-03-22T11:44:00+08:00 ] 127.0.0.1 /index.php/Home/Teach/teach.html?id=2
INFO: [ app_init ] --START--
INFO: Run Behavior\BuildLiteBehavior [ RunTime:0.000022s ]
INFO: [ app_init ] --END-- [ RunTime:0.000368s ]
INFO: [ app_begin ] --START--
INFO: Run Behavior\ReadHtmlCacheBehavior [ RunTime:0.000462s ]
INFO: [ app_begin ] --END-- [ RunTime:0.000555s ]
INFO: [ view_parse ] --START--
INFO: [ template_filter ] --START--
INFO: Run Behavior\ContentReplaceBehavior [ RunTime:0.000095s ]
INFO: [ template_filter ] --END-- [ RunTime:0.000204s ]
NOTIC: [8] Undefined variable: first D:\Software\wamp\www\Application\Runtime\Cache\Home\abcefb4e7e8ba580fc40ced188aa07c8.php 第 71 行.
NOTIC: [8] Undefined variable: second D:\Software\wamp\www\Application\Runtime\Cache\Home\abcefb4e7e8ba580fc40ced188aa07c8.php 第 72 行.
INFO: Run Behavior\ParseTemplateBehavior [ RunTime:0.057032s ]
INFO: [ view_parse ] --END-- [ RunTime:0.057133s ]
INFO: [ view_filter ] --START--
INFO: Run Behavior\WriteHtmlCacheBehavior [ RunTime:0.000222s ]
INFO: [ view_filter ] --END-- [ RunTime:0.000303s ]
INFO: [ app_end ] --START--
INFO: Run Behavior\ShowPageTraceBehavior [ RunTime:0.000545s ]
INFO: [ app_end ] --END-- [ RunTime:0.000634s ]

[ 2016-03-22T11:44:00+08:00 ] 127.0.0.1 /index.php/Home/Forum/index.html
INFO: [ app_init ] --START--
INFO: Run Behavior\BuildLiteBehavior [ RunTime:0.000026s ]
INFO: [ app_init ] --END-- [ RunTime:0.000404s ]
INFO: [ app_begin ] --START--
INFO: Run Behavior\ReadHtmlCacheBehavior [ RunTime:0.000440s ]
INFO: [ app_begin ] --END-- [ RunTime:0.000537s ]
SQL: SHOW COLUMNS FROM `cww_forum` [ RunTime:0.0152s ]
NOTIC: [8] Use of undefined constant int - assumed 'int' D:\Software\wamp\www\Application\Home\Controller\ForumController.class.php 第 23 行.
SQL: SELECT * FROM `cww_forum` ORDER BY lastdate DESC LIMIT 0,9   [ RunTime:0.0149s ]
SQL: SELECT COUNT(*) AS tp_count FROM `cww_forum` LIMIT 1   [ RunTime:0.0142s ]
NOTIC: [8] Use of undefined constant pagination - assumed 'pagination' D:\Software\wamp\www\ThinkPHP\Library\Think\Page.class.php 第 143 行.
INFO: [ view_parse ] --START--
INFO: [ template_filter ] --START--
INFO: Run Behavior\ContentReplaceBehavior [ RunTime:0.000114s ]
INFO: [ template_filter ] --END-- [ RunTime:0.000224s ]
INFO: Run Behavior\ParseTemplateBehavior [ RunTime:0.019540s ]
INFO: [ view_parse ] --END-- [ RunTime:0.019664s ]
INFO: [ view_filter ] --START--
INFO: Run Behavior\WriteHtmlCacheBehavior [ RunTime:0.000386s ]
INFO: [ view_filter ] --END-- [ RunTime:0.000502s ]
INFO: [ app_end ] --START--
INFO: Run Behavior\ShowPageTraceBehavior [ RunTime:0.000572s ]
INFO: [ app_end ] --END-- [ RunTime:0.000668s ]

[ 2016-03-22T11:44:02+08:00 ] 127.0.0.1 /index.php/Home/Star/index.html
INFO: [ app_init ] --START--
INFO: Run Behavior\BuildLiteBehavior [ RunTime:0.000022s ]
INFO: [ app_init ] --END-- [ RunTime:0.000393s ]
INFO: [ app_begin ] --START--
INFO: Run Behavior\ReadHtmlCacheBehavior [ RunTime:0.000419s ]
INFO: [ app_begin ] --END-- [ RunTime:0.000517s ]
SQL: SHOW COLUMNS FROM `cww_star` [ RunTime:0.0082s ]
NOTIC: [8] Use of undefined constant int - assumed 'int' D:\Software\wamp\www\Application\Home\Controller\StarController.class.php 第 8 行.
SQL: SELECT DISTINCT  * FROM `cww_star` ORDER BY rand() LIMIT 0,3   [ RunTime:0.0073s ]
SQL: SELECT COUNT(*) AS tp_count FROM `cww_star` LIMIT 1   [ RunTime:0.0076s ]
NOTIC: [8] Use of undefined constant pagination - assumed 'pagination' D:\Software\wamp\www\ThinkPHP\Library\Think\Page.class.php 第 143 行.
INFO: [ view_parse ] --START--
INFO: [ template_filter ] --START--
INFO: Run Behavior\ContentReplaceBehavior [ RunTime:0.000106s ]
INFO: [ template_filter ] --END-- [ RunTime:0.000222s ]
NOTIC: [8] Undefined variable: first D:\Software\wamp\www\Application\Runtime\Cache\Home\f0794808b67f08aee547d0ea717b5572.php 第 70 行.
NOTIC: [8] Undefined variable: second D:\Software\wamp\www\Application\Runtime\Cache\Home\f0794808b67f08aee547d0ea717b5572.php 第 71 行.
INFO: Run Behavior\ParseTemplateBehavior [ RunTime:0.026016s ]
INFO: [ view_parse ] --END-- [ RunTime:0.026110s ]
INFO: [ view_filter ] --START--
INFO: Run Behavior\WriteHtmlCacheBehavior [ RunTime:0.000220s ]
INFO: [ view_filter ] --END-- [ RunTime:0.000303s ]
INFO: [ app_end ] --START--
INFO: Run Behavior\ShowPageTraceBehavior [ RunTime:0.000576s ]
INFO: [ app_end ] --END-- [ RunTime:0.000675s ]

[ 2016-03-22T12:30:14+08:00 ] 127.0.0.1 /index.php/Home/Star/index.html
INFO: [ app_init ] --START--
INFO: Run Behavior\BuildLiteBehavior [ RunTime:0.000024s ]
INFO: [ app_init ] --END-- [ RunTime:0.000763s ]
INFO: [ app_begin ] --START--
INFO: Run Behavior\ReadHtmlCacheBehavior [ RunTime:0.008511s ]
INFO: [ app_begin ] --END-- [ RunTime:0.008643s ]
SQL: SHOW COLUMNS FROM `cww_star` [ RunTime:0.0123s ]
NOTIC: [8] Use of undefined constant int - assumed 'int' D:\Software\wamp\www\Application\Home\Controller\StarController.class.php 第 8 行.
SQL: SELECT DISTINCT  * FROM `cww_star` ORDER BY rand() LIMIT 0,3   [ RunTime:0.0116s ]
SQL: SELECT COUNT(*) AS tp_count FROM `cww_star` LIMIT 1   [ RunTime:0.2232s ]
NOTIC: [8] Use of undefined constant pagination - assumed 'pagination' D:\Software\wamp\www\ThinkPHP\Library\Think\Page.class.php 第 143 行.
INFO: [ view_parse ] --START--
INFO: [ template_filter ] --START--
INFO: Run Behavior\ContentReplaceBehavior [ RunTime:0.000114s ]
INFO: [ template_filter ] --END-- [ RunTime:0.000242s ]
NOTIC: [8] Undefined variable: first D:\Software\wamp\www\Application\Runtime\Cache\Home\f0794808b67f08aee547d0ea717b5572.php 第 70 行.
NOTIC: [8] Undefined variable: second D:\Software\wamp\www\Application\Runtime\Cache\Home\f0794808b67f08aee547d0ea717b5572.php 第 71 行.
INFO: Run Behavior\ParseTemplateBehavior [ RunTime:0.100184s ]
INFO: [ view_parse ] --END-- [ RunTime:0.100294s ]
INFO: [ view_filter ] --START--
INFO: Run Behavior\WriteHtmlCacheBehavior [ RunTime:0.000629s ]
INFO: [ view_filter ] --END-- [ RunTime:0.000731s ]
INFO: [ app_end ] --START--
INFO: Run Behavior\ShowPageTraceBehavior [ RunTime:0.009038s ]
INFO: [ app_end ] --END-- [ RunTime:0.009145s ]

[ 2016-03-22T12:30:15+08:00 ] 127.0.0.1 /index.php/Home/Star/index.html
INFO: [ app_init ] --START--
INFO: Run Behavior\BuildLiteBehavior [ RunTime:0.000024s ]
INFO: [ app_init ] --END-- [ RunTime:0.000391s ]
INFO: [ app_begin ] --START--
INFO: Run Behavior\ReadHtmlCacheBehavior [ RunTime:0.000506s ]
INFO: [ app_begin ] --END-- [ RunTime:0.001019s ]
SQL: SHOW COLUMNS FROM `cww_star` [ RunTime:0.0195s ]
NOTIC: [8] Use of undefined constant int - assumed 'int' D:\Software\wamp\www\Application\Home\Controller\StarController.class.php 第 8 行.
SQL: SELECT DISTINCT  * FROM `cww_star` ORDER BY rand() LIMIT 0,3   [ RunTime:0.0184s ]
SQL: SELECT COUNT(*) AS tp_count FROM `cww_star` LIMIT 1   [ RunTime:0.0170s ]
NOTIC: [8] Use of undefined constant pagination - assumed 'pagination' D:\Software\wamp\www\ThinkPHP\Library\Think\Page.class.php 第 143 行.
INFO: [ view_parse ] --START--
INFO: [ template_filter ] --START--
INFO: Run Behavior\ContentReplaceBehavior [ RunTime:0.000081s ]
INFO: [ template_filter ] --END-- [ RunTime:0.000182s ]
NOTIC: [8] Undefined variable: first D:\Software\wamp\www\Application\Runtime\Cache\Home\f0794808b67f08aee547d0ea717b5572.php 第 70 行.
NOTIC: [8] Undefined variable: second D:\Software\wamp\www\Application\Runtime\Cache\Home\f0794808b67f08aee547d0ea717b5572.php 第 71 行.
INFO: Run Behavior\ParseTemplateBehavior [ RunTime:0.010331s ]
INFO: [ view_parse ] --END-- [ RunTime:0.010440s ]
INFO: [ view_filter ] --START--
INFO: Run Behavior\WriteHtmlCacheBehavior [ RunTime:0.000327s ]
INFO: [ view_filter ] --END-- [ RunTime:0.000421s ]
INFO: [ app_end ] --START--
INFO: Run Behavior\ShowPageTraceBehavior [ RunTime:0.000515s ]
INFO: [ app_end ] --END-- [ RunTime:0.000614s ]

[ 2016-03-22T12:30:16+08:00 ] 127.0.0.1 /index.php/Home/Star/index.html
INFO: [ app_init ] --START--
INFO: Run Behavior\BuildLiteBehavior [ RunTime:0.000021s ]
INFO: [ app_init ] --END-- [ RunTime:0.000391s ]
INFO: [ app_begin ] --START--
INFO: Run Behavior\ReadHtmlCacheBehavior [ RunTime:0.000439s ]
INFO: [ app_begin ] --END-- [ RunTime:0.000559s ]
SQL: SHOW COLUMNS FROM `cww_star` [ RunTime:0.0177s ]
NOTIC: [8] Use of undefined constant int - assumed 'int' D:\Software\wamp\www\Application\Home\Controller\StarController.class.php 第 8 行.
SQL: SELECT DISTINCT  * FROM `cww_star` ORDER BY rand() LIMIT 0,3   [ RunTime:0.0178s ]
SQL: SELECT COUNT(*) AS tp_count FROM `cww_star` LIMIT 1   [ RunTime:0.0165s ]
NOTIC: [8] Use of undefined constant pagination - assumed 'pagination' D:\Software\wamp\www\ThinkPHP\Library\Think\Page.class.php 第 143 行.
INFO: [ view_parse ] --START--
INFO: [ template_filter ] --START--
INFO: Run Behavior\ContentReplaceBehavior [ RunTime:0.000085s ]
INFO: [ template_filter ] --END-- [ RunTime:0.000189s ]
NOTIC: [8] Undefined variable: first D:\Software\wamp\www\Application\Runtime\Cache\Home\f0794808b67f08aee547d0ea717b5572.php 第 70 行.
NOTIC: [8] Undefined variable: second D:\Software\wamp\www\Application\Runtime\Cache\Home\f0794808b67f08aee547d0ea717b5572.php 第 71 行.
INFO: Run Behavior\ParseTemplateBehavior [ RunTime:0.009277s ]
INFO: [ view_parse ] --END-- [ RunTime:0.009368s ]
INFO: [ view_filter ] --START--
INFO: Run Behavior\WriteHtmlCacheBehavior [ RunTime:0.000205s ]
INFO: [ view_filter ] --END-- [ RunTime:0.000287s ]
INFO: [ app_end ] --START--
INFO: Run Behavior\ShowPageTraceBehavior [ RunTime:0.000430s ]
INFO: [ app_end ] --END-- [ RunTime:0.000516s ]

[ 2016-03-22T12:30:39+08:00 ] 127.0.0.1 /index.php/Home/Manager/managerLogin.html
INFO: [ app_init ] --START--
INFO: Run Behavior\BuildLiteBehavior [ RunTime:0.000022s ]
INFO: [ app_init ] --END-- [ RunTime:0.000407s ]
INFO: [ app_begin ] --START--
INFO: Run Behavior\ReadHtmlCacheBehavior [ RunTime:0.000508s ]
INFO: [ app_begin ] --END-- [ RunTime:0.000611s ]
INFO: [ view_parse ] --START--
INFO: [ template_filter ] --START--
INFO: Run Behavior\ContentReplaceBehavior [ RunTime:0.000149s ]
INFO: [ template_filter ] --END-- [ RunTime:0.000350s ]
INFO: Run Behavior\ParseTemplateBehavior [ RunTime:0.031419s ]
INFO: [ view_parse ] --END-- [ RunTime:0.031621s ]
INFO: [ view_filter ] --START--
INFO: Run Behavior\WriteHtmlCacheBehavior [ RunTime:0.000291s ]
INFO: [ view_filter ] --END-- [ RunTime:0.000374s ]
INFO: [ app_end ] --START--
INFO: Run Behavior\ShowPageTraceBehavior [ RunTime:0.000479s ]
INFO: [ app_end ] --END-- [ RunTime:0.000567s ]

[ 2016-03-22T12:30:44+08:00 ] 127.0.0.1 /index.php/Home/Manager/testLogin.html
INFO: [ app_init ] --START--
INFO: Run Behavior\BuildLiteBehavior [ RunTime:0.000022s ]
INFO: [ app_init ] --END-- [ RunTime:0.000374s ]
INFO: [ app_begin ] --START--
INFO: Run Behavior\ReadHtmlCacheBehavior [ RunTime:0.000768s ]
INFO: [ app_begin ] --END-- [ RunTime:0.001033s ]
SQL: SHOW COLUMNS FROM `cww_manager` [ RunTime:0.0178s ]
SQL: SELECT * FROM `cww_manager` WHERE ( username='qxg_manager' ) LIMIT 1   [ RunTime:0.0108s ]
INFO: [ app_end ] --START--
INFO: Run Behavior\ShowPageTraceBehavior [ RunTime:0.003485s ]
INFO: [ app_end ] --END-- [ RunTime:0.003756s ]

[ 2016-03-22T12:30:44+08:00 ] 127.0.0.1 /index.php/Home/Manager/manager
INFO: [ app_init ] --START--
INFO: Run Behavior\BuildLiteBehavior [ RunTime:0.000023s ]
INFO: [ app_init ] --END-- [ RunTime:0.000388s ]
INFO: [ app_begin ] --START--
INFO: Run Behavior\ReadHtmlCacheBehavior [ RunTime:0.000404s ]
INFO: [ app_begin ] --END-- [ RunTime:0.000506s ]
INFO: [ view_parse ] --START--
INFO: [ template_filter ] --START--
INFO: Run Behavior\ContentReplaceBehavior [ RunTime:0.000076s ]
INFO: [ template_filter ] --END-- [ RunTime:0.000182s ]
INFO: Run Behavior\ParseTemplateBehavior [ RunTime:0.030742s ]
INFO: [ view_parse ] --END-- [ RunTime:0.030935s ]
INFO: [ view_filter ] --START--
INFO: Run Behavior\WriteHtmlCacheBehavior [ RunTime:0.000230s ]
INFO: [ view_filter ] --END-- [ RunTime:0.000311s ]
INFO: [ app_end ] --START--
INFO: Run Behavior\ShowPageTraceBehavior [ RunTime:0.000404s ]
INFO: [ app_end ] --END-- [ RunTime:0.000566s ]

[ 2016-03-22T12:30:45+08:00 ] 127.0.0.1 /index.php/Home/Manager/starManager.html
INFO: [ app_init ] --START--
INFO: Run Behavior\BuildLiteBehavior [ RunTime:0.000022s ]
INFO: [ app_init ] --END-- [ RunTime:0.000374s ]
INFO: [ app_begin ] --START--
INFO: Run Behavior\ReadHtmlCacheBehavior [ RunTime:0.000502s ]
INFO: [ app_begin ] --END-- [ RunTime:0.000634s ]
INFO: [ view_parse ] --START--
INFO: [ template_filter ] --START--
INFO: Run Behavior\ContentReplaceBehavior [ RunTime:0.000094s ]
INFO: [ template_filter ] --END-- [ RunTime:0.000206s ]
INFO: Run Behavior\ParseTemplateBehavior [ RunTime:0.036549s ]
INFO: [ view_parse ] --END-- [ RunTime:0.036665s ]
INFO: [ view_filter ] --START--
INFO: Run Behavior\WriteHtmlCacheBehavior [ RunTime:0.000357s ]
INFO: [ view_filter ] --END-- [ RunTime:0.000453s ]
INFO: [ app_end ] --START--
INFO: Run Behavior\ShowPageTraceBehavior [ RunTime:0.000430s ]
INFO: [ app_end ] --END-- [ RunTime:0.000669s ]

[ 2016-03-22T12:31:13+08:00 ] 127.0.0.1 /index.php/Home/Manager/upload.html
INFO: [ app_init ] --START--
INFO: Run Behavior\BuildLiteBehavior [ RunTime:0.000022s ]
INFO: [ app_init ] --END-- [ RunTime:0.000439s ]
INFO: [ app_begin ] --START--
INFO: Run Behavior\ReadHtmlCacheBehavior [ RunTime:0.000587s ]
INFO: [ app_begin ] --END-- [ RunTime:0.000739s ]
NOTIC: [2] call_user_func() expects parameter 1 to be a valid callback, no array or string given D:\Software\wamp\www\ThinkPHP\Library\Think\Upload.class.php 第 170 行.
SQL: SHOW COLUMNS FROM `cww_star` [ RunTime:0.0184s ]
SQL: INSERT INTO `cww_star` (`name`,`des`,`savename`,`uploaddate`) VALUES ('哈哈','如果您说的这个是正确的话，我无话可说镇的','56f0ca90ecd26.jpg','2016-03-22 12:31:13') [ RunTime:0.0178s ]
INFO: [ view_parse ] --START--
INFO: [ template_filter ] --START--
INFO: Run Behavior\ContentReplaceBehavior [ RunTime:0.000068s ]
INFO: [ template_filter ] --END-- [ RunTime:0.000177s ]
INFO: Run Behavior\ParseTemplateBehavior [ RunTime:0.007140s ]
INFO: [ view_parse ] --END-- [ RunTime:0.007255s ]
INFO: [ view_filter ] --START--
INFO: Run Behavior\WriteHtmlCacheBehavior [ RunTime:0.000408s ]
INFO: [ view_filter ] --END-- [ RunTime:0.000501s ]
INFO: [ app_end ] --START--
INFO: Run Behavior\ShowPageTraceBehavior [ RunTime:0.000708s ]
INFO: [ app_end ] --END-- [ RunTime:0.000798s ]

[ 2016-03-22T12:31:14+08:00 ] 127.0.0.1 /index.php/Home/Manager/starManager.html
INFO: [ app_init ] --START--
INFO: Run Behavior\BuildLiteBehavior [ RunTime:0.000026s ]
INFO: [ app_init ] --END-- [ RunTime:0.000511s ]
INFO: [ app_begin ] --START--
INFO: Run Behavior\ReadHtmlCacheBehavior [ RunTime:0.000649s ]
INFO: [ app_begin ] --END-- [ RunTime:0.000761s ]
INFO: [ view_parse ] --START--
INFO: [ template_filter ] --START--
INFO: Run Behavior\ContentReplaceBehavior [ RunTime:0.000128s ]
INFO: [ template_filter ] --END-- [ RunTime:0.000269s ]
INFO: Run Behavior\ParseTemplateBehavior [ RunTime:0.011494s ]
INFO: [ view_parse ] --END-- [ RunTime:0.011624s ]
INFO: [ view_filter ] --START--
INFO: Run Behavior\WriteHtmlCacheBehavior [ RunTime:0.000468s ]
INFO: [ view_filter ] --END-- [ RunTime:0.000558s ]
INFO: [ app_end ] --START--
INFO: Run Behavior\ShowPageTraceBehavior [ RunTime:0.000724s ]
INFO: [ app_end ] --END-- [ RunTime:0.000847s ]

[ 2016-03-22T12:31:15+08:00 ] 127.0.0.1 /index.php/Home/Index/main.html
INFO: [ app_init ] --START--
INFO: Run Behavior\BuildLiteBehavior [ RunTime:0.000024s ]
INFO: [ app_init ] --END-- [ RunTime:0.000444s ]
INFO: [ app_begin ] --START--
INFO: Run Behavior\ReadHtmlCacheBehavior [ RunTime:0.000711s ]
INFO: [ app_begin ] --END-- [ RunTime:0.000843s ]
INFO: [ view_parse ] --START--
INFO: [ template_filter ] --START--
INFO: Run Behavior\ContentReplaceBehavior [ RunTime:0.000125s ]
INFO: [ template_filter ] --END-- [ RunTime:0.000263s ]
INFO: Run Behavior\ParseTemplateBehavior [ RunTime:0.029002s ]
INFO: [ view_parse ] --END-- [ RunTime:0.029128s ]
INFO: [ view_filter ] --START--
INFO: Run Behavior\WriteHtmlCacheBehavior [ RunTime:0.000615s ]
INFO: [ view_filter ] --END-- [ RunTime:0.000718s ]
INFO: [ app_end ] --START--
INFO: Run Behavior\ShowPageTraceBehavior [ RunTime:0.000733s ]
INFO: [ app_end ] --END-- [ RunTime:0.000841s ]

[ 2016-03-22T12:31:16+08:00 ] 127.0.0.1 /index.php/Home/Star/index.html
INFO: [ app_init ] --START--
INFO: Run Behavior\BuildLiteBehavior [ RunTime:0.000022s ]
INFO: [ app_init ] --END-- [ RunTime:0.000383s ]
INFO: [ app_begin ] --START--
INFO: Run Behavior\ReadHtmlCacheBehavior [ RunTime:0.000600s ]
INFO: [ app_begin ] --END-- [ RunTime:0.000709s ]
SQL: SHOW COLUMNS FROM `cww_star` [ RunTime:0.0124s ]
NOTIC: [8] Use of undefined constant int - assumed 'int' D:\Software\wamp\www\Application\Home\Controller\StarController.class.php 第 8 行.
SQL: SELECT DISTINCT  * FROM `cww_star` ORDER BY rand() LIMIT 0,3   [ RunTime:0.0116s ]
SQL: SELECT COUNT(*) AS tp_count FROM `cww_star` LIMIT 1   [ RunTime:0.0134s ]
NOTIC: [8] Use of undefined constant pagination - assumed 'pagination' D:\Software\wamp\www\ThinkPHP\Library\Think\Page.class.php 第 143 行.
INFO: [ view_parse ] --START--
INFO: [ template_filter ] --START--
INFO: Run Behavior\ContentReplaceBehavior [ RunTime:0.000109s ]
INFO: [ template_filter ] --END-- [ RunTime:0.000278s ]
NOTIC: [8] Undefined variable: first D:\Software\wamp\www\Application\Runtime\Cache\Home\f0794808b67f08aee547d0ea717b5572.php 第 70 行.
NOTIC: [8] Undefined variable: second D:\Software\wamp\www\Application\Runtime\Cache\Home\f0794808b67f08aee547d0ea717b5572.php 第 71 行.
INFO: Run Behavior\ParseTemplateBehavior [ RunTime:0.010644s ]
INFO: [ view_parse ] --END-- [ RunTime:0.010767s ]
INFO: [ view_filter ] --START--
INFO: Run Behavior\WriteHtmlCacheBehavior [ RunTime:0.000482s ]
INFO: [ view_filter ] --END-- [ RunTime:0.000573s ]
INFO: [ app_end ] --START--
INFO: Run Behavior\ShowPageTraceBehavior [ RunTime:0.000632s ]
INFO: [ app_end ] --END-- [ RunTime:0.000723s ]

[ 2016-03-22T12:31:30+08:00 ] 127.0.0.1 /index.php/Home/Star/index.html
INFO: [ app_init ] --START--
INFO: Run Behavior\BuildLiteBehavior [ RunTime:0.000023s ]
INFO: [ app_init ] --END-- [ RunTime:0.000482s ]
INFO: [ app_begin ] --START--
INFO: Run Behavior\ReadHtmlCacheBehavior [ RunTime:0.000658s ]
INFO: [ app_begin ] --END-- [ RunTime:0.000767s ]
SQL: SHOW COLUMNS FROM `cww_star` [ RunTime:0.0172s ]
NOTIC: [8] Use of undefined constant int - assumed 'int' D:\Software\wamp\www\Application\Home\Controller\StarController.class.php 第 8 行.
SQL: SELECT DISTINCT  * FROM `cww_star` ORDER BY rand() LIMIT 0,3   [ RunTime:0.0164s ]
SQL: SELECT COUNT(*) AS tp_count FROM `cww_star` LIMIT 1   [ RunTime:0.0158s ]
NOTIC: [8] Use of undefined constant pagination - assumed 'pagination' D:\Software\wamp\www\ThinkPHP\Library\Think\Page.class.php 第 143 行.
INFO: [ view_parse ] --START--
INFO: [ template_filter ] --START--
INFO: Run Behavior\ContentReplaceBehavior [ RunTime:0.000084s ]
INFO: [ template_filter ] --END-- [ RunTime:0.000194s ]
NOTIC: [8] Undefined variable: first D:\Software\wamp\www\Application\Runtime\Cache\Home\f0794808b67f08aee547d0ea717b5572.php 第 70 行.
NOTIC: [8] Undefined variable: second D:\Software\wamp\www\Application\Runtime\Cache\Home\f0794808b67f08aee547d0ea717b5572.php 第 71 行.
INFO: Run Behavior\ParseTemplateBehavior [ RunTime:0.011068s ]
INFO: [ view_parse ] --END-- [ RunTime:0.011166s ]
INFO: [ view_filter ] --START--
INFO: Run Behavior\WriteHtmlCacheBehavior [ RunTime:0.000480s ]
INFO: [ view_filter ] --END-- [ RunTime:0.000572s ]
INFO: [ app_end ] --START--
INFO: Run Behavior\ShowPageTraceBehavior [ RunTime:0.000640s ]
INFO: [ app_end ] --END-- [ RunTime:0.000728s ]

[ 2016-03-22T12:31:45+08:00 ] 127.0.0.1 /index.php/Home/Star/index.html
INFO: [ app_init ] --START--
INFO: Run Behavior\BuildLiteBehavior [ RunTime:0.000023s ]
INFO: [ app_init ] --END-- [ RunTime:0.000419s ]
INFO: [ app_begin ] --START--
INFO: Run Behavior\ReadHtmlCacheBehavior [ RunTime:0.000690s ]
INFO: [ app_begin ] --END-- [ RunTime:0.000791s ]
SQL: SHOW COLUMNS FROM `cww_star` [ RunTime:0.0120s ]
NOTIC: [8] Use of undefined constant int - assumed 'int' D:\Software\wamp\www\Application\Home\Controller\StarController.class.php 第 8 行.
SQL: SELECT DISTINCT  * FROM `cww_star` ORDER BY rand() LIMIT 0,3   [ RunTime:0.0123s ]
SQL: SELECT COUNT(*) AS tp_count FROM `cww_star` LIMIT 1   [ RunTime:0.0116s ]
NOTIC: [8] Use of undefined constant pagination - assumed 'pagination' D:\Software\wamp\www\ThinkPHP\Library\Think\Page.class.php 第 143 行.
INFO: [ view_parse ] --START--
INFO: [ template_filter ] --START--
INFO: Run Behavior\ContentReplaceBehavior [ RunTime:0.000084s ]
INFO: [ template_filter ] --END-- [ RunTime:0.000192s ]
NOTIC: [8] Undefined variable: first D:\Software\wamp\www\Application\Runtime\Cache\Home\f0794808b67f08aee547d0ea717b5572.php 第 70 行.
NOTIC: [8] Undefined variable: second D:\Software\wamp\www\Application\Runtime\Cache\Home\f0794808b67f08aee547d0ea717b5572.php 第 71 行.
INFO: Run Behavior\ParseTemplateBehavior [ RunTime:0.011031s ]
INFO: [ view_parse ] --END-- [ RunTime:0.011126s ]
INFO: [ view_filter ] --START--
INFO: Run Behavior\WriteHtmlCacheBehavior [ RunTime:0.000508s ]
INFO: [ view_filter ] --END-- [ RunTime:0.000594s ]
INFO: [ app_end ] --START--
INFO: Run Behavior\ShowPageTraceBehavior [ RunTime:0.000618s ]
INFO: [ app_end ] --END-- [ RunTime:0.000706s ]

[ 2016-03-22T12:31:45+08:00 ] 127.0.0.1 /index.php/Home/Star/index.html
INFO: [ app_init ] --START--
INFO: Run Behavior\BuildLiteBehavior [ RunTime:0.000022s ]
INFO: [ app_init ] --END-- [ RunTime:0.000391s ]
INFO: [ app_begin ] --START--
INFO: Run Behavior\ReadHtmlCacheBehavior [ RunTime:0.000611s ]
INFO: [ app_begin ] --END-- [ RunTime:0.000770s ]
SQL: SHOW COLUMNS FROM `cww_star` [ RunTime:0.0124s ]
NOTIC: [8] Use of undefined constant int - assumed 'int' D:\Software\wamp\www\Application\Home\Controller\StarController.class.php 第 8 行.
SQL: SELECT DISTINCT  * FROM `cww_star` ORDER BY rand() LIMIT 0,3   [ RunTime:0.0121s ]
SQL: SELECT COUNT(*) AS tp_count FROM `cww_star` LIMIT 1   [ RunTime:0.0126s ]
NOTIC: [8] Use of undefined constant pagination - assumed 'pagination' D:\Software\wamp\www\ThinkPHP\Library\Think\Page.class.php 第 143 行.
INFO: [ view_parse ] --START--
INFO: [ template_filter ] --START--
INFO: Run Behavior\ContentReplaceBehavior [ RunTime:0.000085s ]
INFO: [ template_filter ] --END-- [ RunTime:0.000226s ]
NOTIC: [8] Undefined variable: first D:\Software\wamp\www\Application\Runtime\Cache\Home\f0794808b67f08aee547d0ea717b5572.php 第 70 行.
NOTIC: [8] Undefined variable: second D:\Software\wamp\www\Application\Runtime\Cache\Home\f0794808b67f08aee547d0ea717b5572.php 第 71 行.
INFO: Run Behavior\ParseTemplateBehavior [ RunTime:0.011230s ]
INFO: [ view_parse ] --END-- [ RunTime:0.011365s ]
INFO: [ view_filter ] --START--
INFO: Run Behavior\WriteHtmlCacheBehavior [ RunTime:0.000261s ]
INFO: [ view_filter ] --END-- [ RunTime:0.000348s ]
INFO: [ app_end ] --START--
INFO: Run Behavior\ShowPageTraceBehavior [ RunTime:0.000450s ]
INFO: [ app_end ] --END-- [ RunTime:0.000539s ]

[ 2016-03-22T12:32:00+08:00 ] 127.0.0.1 /index.php/Home/Star/index.html
INFO: [ app_init ] --START--
INFO: Run Behavior\BuildLiteBehavior [ RunTime:0.000064s ]
INFO: [ app_init ] --END-- [ RunTime:0.000442s ]
INFO: [ app_begin ] --START--
INFO: Run Behavior\ReadHtmlCacheBehavior [ RunTime:0.000542s ]
INFO: [ app_begin ] --END-- [ RunTime:0.000775s ]
SQL: SHOW COLUMNS FROM `cww_star` [ RunTime:0.0126s ]
NOTIC: [8] Use of undefined constant int - assumed 'int' D:\Software\wamp\www\Application\Home\Controller\StarController.class.php 第 8 行.
SQL: SELECT DISTINCT  * FROM `cww_star` ORDER BY rand() LIMIT 0,3   [ RunTime:0.0119s ]
SQL: SELECT COUNT(*) AS tp_count FROM `cww_star` LIMIT 1   [ RunTime:0.0122s ]
NOTIC: [8] Use of undefined constant pagination - assumed 'pagination' D:\Software\wamp\www\ThinkPHP\Library\Think\Page.class.php 第 143 行.
INFO: [ view_parse ] --START--
INFO: [ template_filter ] --START--
INFO: Run Behavior\ContentReplaceBehavior [ RunTime:0.000100s ]
INFO: [ template_filter ] --END-- [ RunTime:0.003848s ]
NOTIC: [8] Undefined variable: first D:\Software\wamp\www\Application\Runtime\Cache\Home\f0794808b67f08aee547d0ea717b5572.php 第 70 行.
NOTIC: [8] Undefined variable: second D:\Software\wamp\www\Application\Runtime\Cache\Home\f0794808b67f08aee547d0ea717b5572.php 第 71 行.
INFO: Run Behavior\ParseTemplateBehavior [ RunTime:0.014833s ]
INFO: [ view_parse ] --END-- [ RunTime:0.014928s ]
INFO: [ view_filter ] --START--
INFO: Run Behavior\WriteHtmlCacheBehavior [ RunTime:0.000287s ]
INFO: [ view_filter ] --END-- [ RunTime:0.000412s ]
INFO: [ app_end ] --START--
INFO: Run Behavior\ShowPageTraceBehavior [ RunTime:0.000442s ]
INFO: [ app_end ] --END-- [ RunTime:0.000527s ]

[ 2016-03-22T12:32:00+08:00 ] 127.0.0.1 /index.php/Home/Star/index.html
INFO: [ app_init ] --START--
INFO: Run Behavior\BuildLiteBehavior [ RunTime:0.000021s ]
INFO: [ app_init ] --END-- [ RunTime:0.000367s ]
INFO: [ app_begin ] --START--
INFO: Run Behavior\ReadHtmlCacheBehavior [ RunTime:0.000452s ]
INFO: [ app_begin ] --END-- [ RunTime:0.000557s ]
SQL: SHOW COLUMNS FROM `cww_star` [ RunTime:0.0127s ]
NOTIC: [8] Use of undefined constant int - assumed 'int' D:\Software\wamp\www\Application\Home\Controller\StarController.class.php 第 8 行.
SQL: SELECT DISTINCT  * FROM `cww_star` ORDER BY rand() LIMIT 0,3   [ RunTime:0.0123s ]
SQL: SELECT COUNT(*) AS tp_count FROM `cww_star` LIMIT 1   [ RunTime:0.0120s ]
NOTIC: [8] Use of undefined constant pagination - assumed 'pagination' D:\Software\wamp\www\ThinkPHP\Library\Think\Page.class.php 第 143 行.
INFO: [ view_parse ] --START--
INFO: [ template_filter ] --START--
INFO: Run Behavior\ContentReplaceBehavior [ RunTime:0.000084s ]
INFO: [ template_filter ] --END-- [ RunTime:0.000186s ]
NOTIC: [8] Undefined variable: first D:\Software\wamp\www\Application\Runtime\Cache\Home\f0794808b67f08aee547d0ea717b5572.php 第 70 行.
NOTIC: [8] Undefined variable: second D:\Software\wamp\www\Application\Runtime\Cache\Home\f0794808b67f08aee547d0ea717b5572.php 第 71 行.
INFO: Run Behavior\ParseTemplateBehavior [ RunTime:0.009467s ]
INFO: [ view_parse ] --END-- [ RunTime:0.009560s ]
INFO: [ view_filter ] --START--
INFO: Run Behavior\WriteHtmlCacheBehavior [ RunTime:0.000227s ]
INFO: [ view_filter ] --END-- [ RunTime:0.000310s ]
INFO: [ app_end ] --START--
INFO: Run Behavior\ShowPageTraceBehavior [ RunTime:0.000418s ]
INFO: [ app_end ] --END-- [ RunTime:0.000505s ]

[ 2016-03-22T12:32:00+08:00 ] 127.0.0.1 /index.php/Home/Star/index.html
INFO: [ app_init ] --START--
INFO: Run Behavior\BuildLiteBehavior [ RunTime:0.000021s ]
INFO: [ app_init ] --END-- [ RunTime:0.000502s ]
INFO: [ app_begin ] --START--
INFO: Run Behavior\ReadHtmlCacheBehavior [ RunTime:0.000678s ]
INFO: [ app_begin ] --END-- [ RunTime:0.000776s ]
SQL: SHOW COLUMNS FROM `cww_star` [ RunTime:0.0152s ]
NOTIC: [8] Use of undefined constant int - assumed 'int' D:\Software\wamp\www\Application\Home\Controller\StarController.class.php 第 8 行.
SQL: SELECT DISTINCT  * FROM `cww_star` ORDER BY rand() LIMIT 0,3   [ RunTime:0.0105s ]
SQL: SELECT COUNT(*) AS tp_count FROM `cww_star` LIMIT 1   [ RunTime:0.0098s ]
NOTIC: [8] Use of undefined constant pagination - assumed 'pagination' D:\Software\wamp\www\ThinkPHP\Library\Think\Page.class.php 第 143 行.
INFO: [ view_parse ] --START--
INFO: [ template_filter ] --START--
INFO: Run Behavior\ContentReplaceBehavior [ RunTime:0.000082s ]
INFO: [ template_filter ] --END-- [ RunTime:0.000183s ]
NOTIC: [8] Undefined variable: first D:\Software\wamp\www\Application\Runtime\Cache\Home\f0794808b67f08aee547d0ea717b5572.php 第 70 行.
NOTIC: [8] Undefined variable: second D:\Software\wamp\www\Application\Runtime\Cache\Home\f0794808b67f08aee547d0ea717b5572.php 第 71 行.
INFO: Run Behavior\ParseTemplateBehavior [ RunTime:0.010884s ]
INFO: [ view_parse ] --END-- [ RunTime:0.010979s ]
INFO: [ view_filter ] --START--
INFO: Run Behavior\WriteHtmlCacheBehavior [ RunTime:0.000509s ]
INFO: [ view_filter ] --END-- [ RunTime:0.000594s ]
INFO: [ app_end ] --START--
INFO: Run Behavior\ShowPageTraceBehavior [ RunTime:0.000561s ]
INFO: [ app_end ] --END-- [ RunTime:0.000677s ]

[ 2016-03-22T12:32:22+08:00 ] 127.0.0.1 /index.php/Home/Star/index.html
INFO: [ app_init ] --START--
INFO: Run Behavior\BuildLiteBehavior [ RunTime:0.000029s ]
INFO: [ app_init ] --END-- [ RunTime:0.000427s ]
INFO: [ app_begin ] --START--
INFO: Run Behavior\ReadHtmlCacheBehavior [ RunTime:0.000726s ]
INFO: [ app_begin ] --END-- [ RunTime:0.000872s ]
SQL: SHOW COLUMNS FROM `cww_star` [ RunTime:0.0172s ]
NOTIC: [8] Use of undefined constant int - assumed 'int' D:\Software\wamp\www\Application\Home\Controller\StarController.class.php 第 8 行.
SQL: SELECT DISTINCT  * FROM `cww_star` ORDER BY rand() LIMIT 0,3   [ RunTime:0.0171s ]
SQL: SELECT COUNT(*) AS tp_count FROM `cww_star` LIMIT 1   [ RunTime:0.0172s ]
NOTIC: [8] Use of undefined constant pagination - assumed 'pagination' D:\Software\wamp\www\ThinkPHP\Library\Think\Page.class.php 第 143 行.
INFO: [ view_parse ] --START--
INFO: [ template_filter ] --START--
INFO: Run Behavior\ContentReplaceBehavior [ RunTime:0.000084s ]
INFO: [ template_filter ] --END-- [ RunTime:0.000194s ]
NOTIC: [8] Undefined variable: first D:\Software\wamp\www\Application\Runtime\Cache\Home\f0794808b67f08aee547d0ea717b5572.php 第 70 行.
NOTIC: [8] Undefined variable: second D:\Software\wamp\www\Application\Runtime\Cache\Home\f0794808b67f08aee547d0ea717b5572.php 第 71 行.
INFO: Run Behavior\ParseTemplateBehavior [ RunTime:0.012029s ]
INFO: [ view_parse ] --END-- [ RunTime:0.012151s ]
INFO: [ view_filter ] --START--
INFO: Run Behavior\WriteHtmlCacheBehavior [ RunTime:0.000307s ]
INFO: [ view_filter ] --END-- [ RunTime:0.000393s ]
INFO: [ app_end ] --START--
INFO: Run Behavior\ShowPageTraceBehavior [ RunTime:0.000559s ]
INFO: [ app_end ] --END-- [ RunTime:0.000649s ]

[ 2016-03-22T12:32:47+08:00 ] 127.0.0.1 /index.php/Home/Star/index.html
INFO: [ app_init ] --START--
INFO: Run Behavior\BuildLiteBehavior [ RunTime:0.000022s ]
INFO: [ app_init ] --END-- [ RunTime:0.000464s ]
INFO: [ app_begin ] --START--
INFO: Run Behavior\ReadHtmlCacheBehavior [ RunTime:0.000698s ]
INFO: [ app_begin ] --END-- [ RunTime:0.000809s ]
SQL: SHOW COLUMNS FROM `cww_star` [ RunTime:0.0112s ]
NOTIC: [8] Use of undefined constant int - assumed 'int' D:\Software\wamp\www\Application\Home\Controller\StarController.class.php 第 8 行.
SQL: SELECT DISTINCT  * FROM `cww_star` ORDER BY rand() LIMIT 0,3   [ RunTime:0.2227s ]
SQL: SELECT COUNT(*) AS tp_count FROM `cww_star` LIMIT 1   [ RunTime:0.0120s ]
NOTIC: [8] Use of undefined constant pagination - assumed 'pagination' D:\Software\wamp\www\ThinkPHP\Library\Think\Page.class.php 第 143 行.
INFO: [ view_parse ] --START--
INFO: [ template_filter ] --START--
INFO: Run Behavior\ContentReplaceBehavior [ RunTime:0.000084s ]
INFO: [ template_filter ] --END-- [ RunTime:0.000189s ]
NOTIC: [8] Undefined variable: first D:\Software\wamp\www\Application\Runtime\Cache\Home\f0794808b67f08aee547d0ea717b5572.php 第 70 行.
NOTIC: [8] Undefined variable: second D:\Software\wamp\www\Application\Runtime\Cache\Home\f0794808b67f08aee547d0ea717b5572.php 第 71 行.
INFO: Run Behavior\ParseTemplateBehavior [ RunTime:0.010717s ]
INFO: [ view_parse ] --END-- [ RunTime:0.010818s ]
INFO: [ view_filter ] --START--
INFO: Run Behavior\WriteHtmlCacheBehavior [ RunTime:0.000533s ]
INFO: [ view_filter ] --END-- [ RunTime:0.000633s ]
INFO: [ app_end ] --START--
INFO: Run Behavior\ShowPageTraceBehavior [ RunTime:0.000765s ]
INFO: [ app_end ] --END-- [ RunTime:0.000860s ]

[ 2016-03-22T12:33:11+08:00 ] 127.0.0.1 /index.php/Home/Star/index.html
INFO: [ app_init ] --START--
INFO: Run Behavior\BuildLiteBehavior [ RunTime:0.000035s ]
INFO: [ app_init ] --END-- [ RunTime:0.000571s ]
INFO: [ app_begin ] --START--
INFO: Run Behavior\ReadHtmlCacheBehavior [ RunTime:0.000508s ]
INFO: [ app_begin ] --END-- [ RunTime:0.000614s ]
SQL: SHOW COLUMNS FROM `cww_star` [ RunTime:0.0184s ]
NOTIC: [8] Use of undefined constant int - assumed 'int' D:\Software\wamp\www\Application\Home\Controller\StarController.class.php 第 8 行.
SQL: SELECT DISTINCT  * FROM `cww_star` ORDER BY rand() LIMIT 0,3   [ RunTime:0.0176s ]
SQL: SELECT COUNT(*) AS tp_count FROM `cww_star` LIMIT 1   [ RunTime:0.0168s ]
NOTIC: [8] Use of undefined constant pagination - assumed 'pagination' D:\Software\wamp\www\ThinkPHP\Library\Think\Page.class.php 第 143 行.
INFO: [ view_parse ] --START--
INFO: [ template_filter ] --START--
INFO: Run Behavior\ContentReplaceBehavior [ RunTime:0.000081s ]
INFO: [ template_filter ] --END-- [ RunTime:0.000181s ]
NOTIC: [8] Undefined variable: first D:\Software\wamp\www\Application\Runtime\Cache\Home\f0794808b67f08aee547d0ea717b5572.php 第 70 行.
NOTIC: [8] Undefined variable: second D:\Software\wamp\www\Application\Runtime\Cache\Home\f0794808b67f08aee547d0ea717b5572.php 第 71 行.
INFO: Run Behavior\ParseTemplateBehavior [ RunTime:0.011428s ]
INFO: [ view_parse ] --END-- [ RunTime:0.011627s ]
INFO: [ view_filter ] --START--
INFO: Run Behavior\WriteHtmlCacheBehavior [ RunTime:0.000427s ]
INFO: [ view_filter ] --END-- [ RunTime:0.000548s ]
INFO: [ app_end ] --START--
INFO: Run Behavior\ShowPageTraceBehavior [ RunTime:0.000574s ]
INFO: [ app_end ] --END-- [ RunTime:0.000696s ]

[ 2016-03-22T12:33:17+08:00 ] 127.0.0.1 /index.php/Home/Star/index.html
INFO: [ app_init ] --START--
INFO: Run Behavior\BuildLiteBehavior [ RunTime:0.000023s ]
INFO: [ app_init ] --END-- [ RunTime:0.000398s ]
INFO: [ app_begin ] --START--
INFO: Run Behavior\ReadHtmlCacheBehavior [ RunTime:0.000657s ]
INFO: [ app_begin ] --END-- [ RunTime:0.000771s ]
SQL: SHOW COLUMNS FROM `cww_star` [ RunTime:0.0164s ]
NOTIC: [8] Use of undefined constant int - assumed 'int' D:\Software\wamp\www\Application\Home\Controller\StarController.class.php 第 8 行.
SQL: SELECT DISTINCT  * FROM `cww_star` ORDER BY rand() LIMIT 0,3   [ RunTime:0.0164s ]
SQL: SELECT COUNT(*) AS tp_count FROM `cww_star` LIMIT 1   [ RunTime:0.0162s ]
NOTIC: [8] Use of undefined constant pagination - assumed 'pagination' D:\Software\wamp\www\ThinkPHP\Library\Think\Page.class.php 第 143 行.
INFO: [ view_parse ] --START--
INFO: [ template_filter ] --START--
INFO: Run Behavior\ContentReplaceBehavior [ RunTime:0.000085s ]
INFO: [ template_filter ] --END-- [ RunTime:0.000193s ]
NOTIC: [8] Undefined variable: first D:\Software\wamp\www\Application\Runtime\Cache\Home\f0794808b67f08aee547d0ea717b5572.php 第 70 行.
NOTIC: [8] Undefined variable: second D:\Software\wamp\www\Application\Runtime\Cache\Home\f0794808b67f08aee547d0ea717b5572.php 第 71 行.
INFO: Run Behavior\ParseTemplateBehavior [ RunTime:0.011710s ]
INFO: [ view_parse ] --END-- [ RunTime:0.011848s ]
INFO: [ view_filter ] --START--
INFO: Run Behavior\WriteHtmlCacheBehavior [ RunTime:0.000623s ]
INFO: [ view_filter ] --END-- [ RunTime:0.000718s ]
INFO: [ app_end ] --START--
INFO: Run Behavior\ShowPageTraceBehavior [ RunTime:0.000975s ]
INFO: [ app_end ] --END-- [ RunTime:0.001077s ]

[ 2016-03-22T12:33:37+08:00 ] 127.0.0.1 /index.php/Home/Star/index.html
INFO: [ app_init ] --START--
INFO: Run Behavior\BuildLiteBehavior [ RunTime:0.000021s ]
INFO: [ app_init ] --END-- [ RunTime:0.000416s ]
INFO: [ app_begin ] --START--
INFO: Run Behavior\ReadHtmlCacheBehavior [ RunTime:0.000698s ]
INFO: [ app_begin ] --END-- [ RunTime:0.000810s ]
SQL: SHOW COLUMNS FROM `cww_star` [ RunTime:0.0181s ]
NOTIC: [8] Use of undefined constant int - assumed 'int' D:\Software\wamp\www\Application\Home\Controller\StarController.class.php 第 8 行.
SQL: SELECT DISTINCT  * FROM `cww_star` ORDER BY rand() LIMIT 0,3   [ RunTime:0.0176s ]
SQL: SELECT COUNT(*) AS tp_count FROM `cww_star` LIMIT 1   [ RunTime:0.0169s ]
NOTIC: [8] Use of undefined constant pagination - assumed 'pagination' D:\Software\wamp\www\ThinkPHP\Library\Think\Page.class.php 第 143 行.
INFO: [ view_parse ] --START--
INFO: [ template_filter ] --START--
INFO: Run Behavior\ContentReplaceBehavior [ RunTime:0.000082s ]
INFO: [ template_filter ] --END-- [ RunTime:0.000185s ]
NOTIC: [8] Undefined variable: first D:\Software\wamp\www\Application\Runtime\Cache\Home\f0794808b67f08aee547d0ea717b5572.php 第 70 行.
NOTIC: [8] Undefined variable: second D:\Software\wamp\www\Application\Runtime\Cache\Home\f0794808b67f08aee547d0ea717b5572.php 第 71 行.
INFO: Run Behavior\ParseTemplateBehavior [ RunTime:0.009741s ]
INFO: [ view_parse ] --END-- [ RunTime:0.009844s ]
INFO: [ view_filter ] --START--
INFO: Run Behavior\WriteHtmlCacheBehavior [ RunTime:0.000222s ]
INFO: [ view_filter ] --END-- [ RunTime:0.000303s ]
INFO: [ app_end ] --START--
INFO: Run Behavior\ShowPageTraceBehavior [ RunTime:0.000759s ]
INFO: [ app_end ] --END-- [ RunTime:0.000877s ]

[ 2016-03-22T12:33:37+08:00 ] 127.0.0.1 /index.php/Home/Star/index.html
INFO: [ app_init ] --START--
INFO: Run Behavior\BuildLiteBehavior [ RunTime:0.000024s ]
INFO: [ app_init ] --END-- [ RunTime:0.000476s ]
INFO: [ app_begin ] --START--
INFO: Run Behavior\ReadHtmlCacheBehavior [ RunTime:0.000720s ]
INFO: [ app_begin ] --END-- [ RunTime:0.000841s ]
SQL: SHOW COLUMNS FROM `cww_star` [ RunTime:0.0119s ]
NOTIC: [8] Use of undefined constant int - assumed 'int' D:\Software\wamp\www\Application\Home\Controller\StarController.class.php 第 8 行.
SQL: SELECT DISTINCT  * FROM `cww_star` ORDER BY rand() LIMIT 0,3   [ RunTime:0.0138s ]
SQL: SELECT COUNT(*) AS tp_count FROM `cww_star` LIMIT 1   [ RunTime:0.0093s ]
NOTIC: [8] Use of undefined constant pagination - assumed 'pagination' D:\Software\wamp\www\ThinkPHP\Library\Think\Page.class.php 第 143 行.
INFO: [ view_parse ] --START--
INFO: [ template_filter ] --START--
INFO: Run Behavior\ContentReplaceBehavior [ RunTime:0.000083s ]
INFO: [ template_filter ] --END-- [ RunTime:0.000187s ]
NOTIC: [8] Undefined variable: first D:\Software\wamp\www\Application\Runtime\Cache\Home\f0794808b67f08aee547d0ea717b5572.php 第 70 行.
NOTIC: [8] Undefined variable: second D:\Software\wamp\www\Application\Runtime\Cache\Home\f0794808b67f08aee547d0ea717b5572.php 第 71 行.
INFO: Run Behavior\ParseTemplateBehavior [ RunTime:0.011232s ]
INFO: [ view_parse ] --END-- [ RunTime:0.011333s ]
INFO: [ view_filter ] --START--
INFO: Run Behavior\WriteHtmlCacheBehavior [ RunTime:0.000496s ]
INFO: [ view_filter ] --END-- [ RunTime:0.000591s ]
INFO: [ app_end ] --START--
INFO: Run Behavior\ShowPageTraceBehavior [ RunTime:0.000603s ]
INFO: [ app_end ] --END-- [ RunTime:0.000692s ]

[ 2016-03-22T12:33:37+08:00 ] 127.0.0.1 /index.php/Home/Star/index.html
INFO: [ app_init ] --START--
INFO: Run Behavior\BuildLiteBehavior [ RunTime:0.000022s ]
INFO: [ app_init ] --END-- [ RunTime:0.000379s ]
INFO: [ app_begin ] --START--
INFO: Run Behavior\ReadHtmlCacheBehavior [ RunTime:0.000417s ]
INFO: [ app_begin ] --END-- [ RunTime:0.000522s ]
SQL: SHOW COLUMNS FROM `cww_star` [ RunTime:0.0197s ]
NOTIC: [8] Use of undefined constant int - assumed 'int' D:\Software\wamp\www\Application\Home\Controller\StarController.class.php 第 8 行.
SQL: SELECT DISTINCT  * FROM `cww_star` ORDER BY rand() LIMIT 0,3   [ RunTime:0.0174s ]
SQL: SELECT COUNT(*) AS tp_count FROM `cww_star` LIMIT 1   [ RunTime:0.0150s ]
NOTIC: [8] Use of undefined constant pagination - assumed 'pagination' D:\Software\wamp\www\ThinkPHP\Library\Think\Page.class.php 第 143 行.
INFO: [ view_parse ] --START--
INFO: [ template_filter ] --START--
INFO: Run Behavior\ContentReplaceBehavior [ RunTime:0.000204s ]
INFO: [ template_filter ] --END-- [ RunTime:0.000340s ]
NOTIC: [8] Undefined variable: first D:\Software\wamp\www\Application\Runtime\Cache\Home\f0794808b67f08aee547d0ea717b5572.php 第 70 行.
NOTIC: [8] Undefined variable: second D:\Software\wamp\www\Application\Runtime\Cache\Home\f0794808b67f08aee547d0ea717b5572.php 第 71 行.
INFO: Run Behavior\ParseTemplateBehavior [ RunTime:0.010022s ]
INFO: [ view_parse ] --END-- [ RunTime:0.010116s ]
INFO: [ view_filter ] --START--
INFO: Run Behavior\WriteHtmlCacheBehavior [ RunTime:0.000207s ]
INFO: [ view_filter ] --END-- [ RunTime:0.000308s ]
INFO: [ app_end ] --START--
INFO: Run Behavior\ShowPageTraceBehavior [ RunTime:0.000401s ]
INFO: [ app_end ] --END-- [ RunTime:0.000489s ]

[ 2016-03-22T12:33:38+08:00 ] 127.0.0.1 /index.php/Home/Star/index.html
INFO: [ app_init ] --START--
INFO: Run Behavior\BuildLiteBehavior [ RunTime:0.000039s ]
INFO: [ app_init ] --END-- [ RunTime:0.000656s ]
INFO: [ app_begin ] --START--
INFO: Run Behavior\ReadHtmlCacheBehavior [ RunTime:0.000833s ]
INFO: [ app_begin ] --END-- [ RunTime:0.001027s ]
SQL: SHOW COLUMNS FROM `cww_star` [ RunTime:0.0128s ]
NOTIC: [8] Use of undefined constant int - assumed 'int' D:\Software\wamp\www\Application\Home\Controller\StarController.class.php 第 8 行.
SQL: SELECT DISTINCT  * FROM `cww_star` ORDER BY rand() LIMIT 0,3   [ RunTime:0.0122s ]
SQL: SELECT COUNT(*) AS tp_count FROM `cww_star` LIMIT 1   [ RunTime:0.2241s ]
NOTIC: [8] Use of undefined constant pagination - assumed 'pagination' D:\Software\wamp\www\ThinkPHP\Library\Think\Page.class.php 第 143 行.
INFO: [ view_parse ] --START--
INFO: [ template_filter ] --START--
INFO: Run Behavior\ContentReplaceBehavior [ RunTime:0.000082s ]
INFO: [ template_filter ] --END-- [ RunTime:0.000195s ]
NOTIC: [8] Undefined variable: first D:\Software\wamp\www\Application\Runtime\Cache\Home\f0794808b67f08aee547d0ea717b5572.php 第 70 行.
NOTIC: [8] Undefined variable: second D:\Software\wamp\www\Application\Runtime\Cache\Home\f0794808b67f08aee547d0ea717b5572.php 第 71 行.
INFO: Run Behavior\ParseTemplateBehavior [ RunTime:0.010428s ]
INFO: [ view_parse ] --END-- [ RunTime:0.010529s ]
INFO: [ view_filter ] --START--
INFO: Run Behavior\WriteHtmlCacheBehavior [ RunTime:0.000297s ]
INFO: [ view_filter ] --END-- [ RunTime:0.000387s ]
INFO: [ app_end ] --START--
INFO: Run Behavior\ShowPageTraceBehavior [ RunTime:0.000487s ]
INFO: [ app_end ] --END-- [ RunTime:0.000581s ]

[ 2016-03-22T12:33:40+08:00 ] 127.0.0.1 /index.php/Home/Star/index.html
INFO: [ app_init ] --START--
INFO: Run Behavior\BuildLiteBehavior [ RunTime:0.000022s ]
INFO: [ app_init ] --END-- [ RunTime:0.000351s ]
INFO: [ app_begin ] --START--
INFO: Run Behavior\ReadHtmlCacheBehavior [ RunTime:0.000395s ]
INFO: [ app_begin ] --END-- [ RunTime:0.000503s ]
SQL: SHOW COLUMNS FROM `cww_star` [ RunTime:0.0182s ]
NOTIC: [8] Use of undefined constant int - assumed 'int' D:\Software\wamp\www\Application\Home\Controller\StarController.class.php 第 8 行.
SQL: SELECT DISTINCT  * FROM `cww_star` ORDER BY rand() LIMIT 0,3   [ RunTime:0.0177s ]
SQL: SELECT COUNT(*) AS tp_count FROM `cww_star` LIMIT 1   [ RunTime:0.0169s ]
NOTIC: [8] Use of undefined constant pagination - assumed 'pagination' D:\Software\wamp\www\ThinkPHP\Library\Think\Page.class.php 第 143 行.
INFO: [ view_parse ] --START--
INFO: [ template_filter ] --START--
INFO: Run Behavior\ContentReplaceBehavior [ RunTime:0.000085s ]
INFO: [ template_filter ] --END-- [ RunTime:0.000188s ]
NOTIC: [8] Undefined variable: first D:\Software\wamp\www\Application\Runtime\Cache\Home\f0794808b67f08aee547d0ea717b5572.php 第 70 行.
NOTIC: [8] Undefined variable: second D:\Software\wamp\www\Application\Runtime\Cache\Home\f0794808b67f08aee547d0ea717b5572.php 第 71 行.
INFO: Run Behavior\ParseTemplateBehavior [ RunTime:0.009972s ]
INFO: [ view_parse ] --END-- [ RunTime:0.010088s ]
INFO: [ view_filter ] --START--
INFO: Run Behavior\WriteHtmlCacheBehavior [ RunTime:0.000271s ]
INFO: [ view_filter ] --END-- [ RunTime:0.000354s ]
INFO: [ app_end ] --START--
INFO: Run Behavior\ShowPageTraceBehavior [ RunTime:0.000399s ]
INFO: [ app_end ] --END-- [ RunTime:0.000486s ]

[ 2016-03-22T12:33:51+08:00 ] 127.0.0.1 /index.php/Home/Star/index.html
INFO: [ app_init ] --START--
INFO: Run Behavior\BuildLiteBehavior [ RunTime:0.000022s ]
INFO: [ app_init ] --END-- [ RunTime:0.000359s ]
INFO: [ app_begin ] --START--
INFO: Run Behavior\ReadHtmlCacheBehavior [ RunTime:0.000460s ]
INFO: [ app_begin ] --END-- [ RunTime:0.000563s ]
SQL: SHOW COLUMNS FROM `cww_star` [ RunTime:0.0170s ]
NOTIC: [8] Use of undefined constant int - assumed 'int' D:\Software\wamp\www\Application\Home\Controller\StarController.class.php 第 8 行.
SQL: SELECT DISTINCT  * FROM `cww_star` ORDER BY rand() LIMIT 0,3   [ RunTime:0.0168s ]
SQL: SELECT COUNT(*) AS tp_count FROM `cww_star` LIMIT 1   [ RunTime:0.0169s ]
NOTIC: [8] Use of undefined constant pagination - assumed 'pagination' D:\Software\wamp\www\ThinkPHP\Library\Think\Page.class.php 第 143 行.
INFO: [ view_parse ] --START--
INFO: [ template_filter ] --START--
INFO: Run Behavior\ContentReplaceBehavior [ RunTime:0.000082s ]
INFO: [ template_filter ] --END-- [ RunTime:0.000185s ]
NOTIC: [8] Undefined variable: first D:\Software\wamp\www\Application\Runtime\Cache\Home\f0794808b67f08aee547d0ea717b5572.php 第 70 行.
NOTIC: [8] Undefined variable: second D:\Software\wamp\www\Application\Runtime\Cache\Home\f0794808b67f08aee547d0ea717b5572.php 第 71 行.
INFO: Run Behavior\ParseTemplateBehavior [ RunTime:0.010232s ]
INFO: [ view_parse ] --END-- [ RunTime:0.010324s ]
INFO: [ view_filter ] --START--
INFO: Run Behavior\WriteHtmlCacheBehavior [ RunTime:0.000214s ]
INFO: [ view_filter ] --END-- [ RunTime:0.000299s ]
INFO: [ app_end ] --START--
INFO: Run Behavior\ShowPageTraceBehavior [ RunTime:0.000437s ]
INFO: [ app_end ] --END-- [ RunTime:0.000547s ]

[ 2016-03-22T12:33:59+08:00 ] 127.0.0.1 /index.php/Home/Star/index.html
INFO: [ app_init ] --START--
INFO: Run Behavior\BuildLiteBehavior [ RunTime:0.000022s ]
INFO: [ app_init ] --END-- [ RunTime:0.000371s ]
INFO: [ app_begin ] --START--
INFO: Run Behavior\ReadHtmlCacheBehavior [ RunTime:0.000479s ]
INFO: [ app_begin ] --END-- [ RunTime:0.000576s ]
SQL: SHOW COLUMNS FROM `cww_star` [ RunTime:0.0189s ]
NOTIC: [8] Use of undefined constant int - assumed 'int' D:\Software\wamp\www\Application\Home\Controller\StarController.class.php 第 8 行.
SQL: SELECT DISTINCT  * FROM `cww_star` ORDER BY rand() LIMIT 0,3   [ RunTime:0.0181s ]
SQL: SELECT COUNT(*) AS tp_count FROM `cww_star` LIMIT 1   [ RunTime:0.0189s ]
NOTIC: [8] Use of undefined constant pagination - assumed 'pagination' D:\Software\wamp\www\ThinkPHP\Library\Think\Page.class.php 第 143 行.
INFO: [ view_parse ] --START--
INFO: [ template_filter ] --START--
INFO: Run Behavior\ContentReplaceBehavior [ RunTime:0.000085s ]
INFO: [ template_filter ] --END-- [ RunTime:0.000198s ]
NOTIC: [8] Undefined variable: first D:\Software\wamp\www\Application\Runtime\Cache\Home\f0794808b67f08aee547d0ea717b5572.php 第 70 行.
NOTIC: [8] Undefined variable: second D:\Software\wamp\www\Application\Runtime\Cache\Home\f0794808b67f08aee547d0ea717b5572.php 第 71 行.
INFO: Run Behavior\ParseTemplateBehavior [ RunTime:0.010590s ]
INFO: [ view_parse ] --END-- [ RunTime:0.010689s ]
INFO: [ view_filter ] --START--
INFO: Run Behavior\WriteHtmlCacheBehavior [ RunTime:0.000276s ]
INFO: [ view_filter ] --END-- [ RunTime:0.000358s ]
INFO: [ app_end ] --START--
INFO: Run Behavior\ShowPageTraceBehavior [ RunTime:0.000515s ]
INFO: [ app_end ] --END-- [ RunTime:0.000604s ]

[ 2016-03-22T12:34:24+08:00 ] 127.0.0.1 /index.php/Home/Star/index.html
INFO: [ app_init ] --START--
INFO: Run Behavior\BuildLiteBehavior [ RunTime:0.000021s ]
INFO: [ app_init ] --END-- [ RunTime:0.000381s ]
INFO: [ app_begin ] --START--
INFO: Run Behavior\ReadHtmlCacheBehavior [ RunTime:0.000415s ]
INFO: [ app_begin ] --END-- [ RunTime:0.000516s ]
SQL: SHOW COLUMNS FROM `cww_star` [ RunTime:0.0191s ]
NOTIC: [8] Use of undefined constant int - assumed 'int' D:\Software\wamp\www\Application\Home\Controller\StarController.class.php 第 8 行.
SQL: SELECT DISTINCT  * FROM `cww_star` ORDER BY rand() LIMIT 0,3   [ RunTime:0.0187s ]
SQL: SELECT COUNT(*) AS tp_count FROM `cww_star` LIMIT 1   [ RunTime:0.0178s ]
NOTIC: [8] Use of undefined constant pagination - assumed 'pagination' D:\Software\wamp\www\ThinkPHP\Library\Think\Page.class.php 第 143 行.
INFO: [ view_parse ] --START--
INFO: [ template_filter ] --START--
INFO: Run Behavior\ContentReplaceBehavior [ RunTime:0.000083s ]
INFO: [ template_filter ] --END-- [ RunTime:0.000187s ]
NOTIC: [8] Undefined variable: first D:\Software\wamp\www\Application\Runtime\Cache\Home\f0794808b67f08aee547d0ea717b5572.php 第 70 行.
NOTIC: [8] Undefined variable: second D:\Software\wamp\www\Application\Runtime\Cache\Home\f0794808b67f08aee547d0ea717b5572.php 第 71 行.
INFO: Run Behavior\ParseTemplateBehavior [ RunTime:0.009320s ]
INFO: [ view_parse ] --END-- [ RunTime:0.009431s ]
INFO: [ view_filter ] --START--
INFO: Run Behavior\WriteHtmlCacheBehavior [ RunTime:0.000231s ]
INFO: [ view_filter ] --END-- [ RunTime:0.000342s ]
INFO: [ app_end ] --START--
INFO: Run Behavior\ShowPageTraceBehavior [ RunTime:0.000785s ]
INFO: [ app_end ] --END-- [ RunTime:0.000924s ]

[ 2016-03-22T12:34:37+08:00 ] 127.0.0.1 /index.php/Home/Star/index.html
INFO: [ app_init ] --START--
INFO: Run Behavior\BuildLiteBehavior [ RunTime:0.000025s ]
INFO: [ app_init ] --END-- [ RunTime:0.000391s ]
INFO: [ app_begin ] --START--
INFO: Run Behavior\ReadHtmlCacheBehavior [ RunTime:0.000636s ]
INFO: [ app_begin ] --END-- [ RunTime:0.000802s ]
SQL: SHOW COLUMNS FROM `cww_star` [ RunTime:0.0124s ]
NOTIC: [8] Use of undefined constant int - assumed 'int' D:\Software\wamp\www\Application\Home\Controller\StarController.class.php 第 8 行.
SQL: SELECT DISTINCT  * FROM `cww_star` ORDER BY rand() LIMIT 0,3   [ RunTime:0.0124s ]
SQL: SELECT COUNT(*) AS tp_count FROM `cww_star` LIMIT 1   [ RunTime:0.0119s ]
NOTIC: [8] Use of undefined constant pagination - assumed 'pagination' D:\Software\wamp\www\ThinkPHP\Library\Think\Page.class.php 第 143 行.
INFO: [ view_parse ] --START--
INFO: [ template_filter ] --START--
INFO: Run Behavior\ContentReplaceBehavior [ RunTime:0.000098s ]
INFO: [ template_filter ] --END-- [ RunTime:0.000272s ]
NOTIC: [8] Undefined variable: first D:\Software\wamp\www\Application\Runtime\Cache\Home\f0794808b67f08aee547d0ea717b5572.php 第 70 行.
NOTIC: [8] Undefined variable: second D:\Software\wamp\www\Application\Runtime\Cache\Home\f0794808b67f08aee547d0ea717b5572.php 第 71 行.
INFO: Run Behavior\ParseTemplateBehavior [ RunTime:0.016652s ]
INFO: [ view_parse ] --END-- [ RunTime:0.016802s ]
INFO: [ view_filter ] --START--
INFO: Run Behavior\WriteHtmlCacheBehavior [ RunTime:0.000703s ]
INFO: [ view_filter ] --END-- [ RunTime:0.000838s ]
INFO: [ app_end ] --START--
INFO: Run Behavior\ShowPageTraceBehavior [ RunTime:0.001052s ]
INFO: [ app_end ] --END-- [ RunTime:0.001204s ]

[ 2016-03-22T12:34:37+08:00 ] 127.0.0.1 /index.php/Home/Star/index.html
INFO: [ app_init ] --START--
INFO: Run Behavior\BuildLiteBehavior [ RunTime:0.000072s ]
INFO: [ app_init ] --END-- [ RunTime:0.000608s ]
INFO: [ app_begin ] --START--
INFO: Run Behavior\ReadHtmlCacheBehavior [ RunTime:0.000438s ]
INFO: [ app_begin ] --END-- [ RunTime:0.000544s ]
SQL: SHOW COLUMNS FROM `cww_star` [ RunTime:0.0128s ]
NOTIC: [8] Use of undefined constant int - assumed 'int' D:\Software\wamp\www\Application\Home\Controller\StarController.class.php 第 8 行.
SQL: SELECT DISTINCT  * FROM `cww_star` ORDER BY rand() LIMIT 0,3   [ RunTime:0.0127s ]
SQL: SELECT COUNT(*) AS tp_count FROM `cww_star` LIMIT 1   [ RunTime:0.0117s ]
NOTIC: [8] Use of undefined constant pagination - assumed 'pagination' D:\Software\wamp\www\ThinkPHP\Library\Think\Page.class.php 第 143 行.
INFO: [ view_parse ] --START--
INFO: [ template_filter ] --START--
INFO: Run Behavior\ContentReplaceBehavior [ RunTime:0.000082s ]
INFO: [ template_filter ] --END-- [ RunTime:0.000183s ]
NOTIC: [8] Undefined variable: first D:\Software\wamp\www\Application\Runtime\Cache\Home\f0794808b67f08aee547d0ea717b5572.php 第 70 行.
NOTIC: [8] Undefined variable: second D:\Software\wamp\www\Application\Runtime\Cache\Home\f0794808b67f08aee547d0ea717b5572.php 第 71 行.
INFO: Run Behavior\ParseTemplateBehavior [ RunTime:0.010826s ]
INFO: [ view_parse ] --END-- [ RunTime:0.010959s ]
INFO: [ view_filter ] --START--
INFO: Run Behavior\WriteHtmlCacheBehavior [ RunTime:0.000253s ]
INFO: [ view_filter ] --END-- [ RunTime:0.000359s ]
INFO: [ app_end ] --START--
INFO: Run Behavior\ShowPageTraceBehavior [ RunTime:0.000600s ]
INFO: [ app_end ] --END-- [ RunTime:0.000689s ]

[ 2016-03-22T12:34:38+08:00 ] 127.0.0.1 /index.php/Home/Star/index.html
INFO: [ app_init ] --START--
INFO: Run Behavior\BuildLiteBehavior [ RunTime:0.000021s ]
INFO: [ app_init ] --END-- [ RunTime:0.000391s ]
INFO: [ app_begin ] --START--
INFO: Run Behavior\ReadHtmlCacheBehavior [ RunTime:0.000561s ]
INFO: [ app_begin ] --END-- [ RunTime:0.000663s ]
SQL: SHOW COLUMNS FROM `cww_star` [ RunTime:0.0182s ]
NOTIC: [8] Use of undefined constant int - assumed 'int' D:\Software\wamp\www\Application\Home\Controller\StarController.class.php 第 8 行.
SQL: SELECT DISTINCT  * FROM `cww_star` ORDER BY rand() LIMIT 0,3   [ RunTime:0.0181s ]
SQL: SELECT COUNT(*) AS tp_count FROM `cww_star` LIMIT 1   [ RunTime:0.0172s ]
NOTIC: [8] Use of undefined constant pagination - assumed 'pagination' D:\Software\wamp\www\ThinkPHP\Library\Think\Page.class.php 第 143 行.
INFO: [ view_parse ] --START--
INFO: [ template_filter ] --START--
INFO: Run Behavior\ContentReplaceBehavior [ RunTime:0.000086s ]
INFO: [ template_filter ] --END-- [ RunTime:0.000203s ]
NOTIC: [8] Undefined variable: first D:\Software\wamp\www\Application\Runtime\Cache\Home\f0794808b67f08aee547d0ea717b5572.php 第 70 行.
NOTIC: [8] Undefined variable: second D:\Software\wamp\www\Application\Runtime\Cache\Home\f0794808b67f08aee547d0ea717b5572.php 第 71 行.
INFO: Run Behavior\ParseTemplateBehavior [ RunTime:0.012259s ]
INFO: [ view_parse ] --END-- [ RunTime:0.012415s ]
INFO: [ view_filter ] --START--
INFO: Run Behavior\WriteHtmlCacheBehavior [ RunTime:0.000306s ]
INFO: [ view_filter ] --END-- [ RunTime:0.000397s ]
INFO: [ app_end ] --START--
INFO: Run Behavior\ShowPageTraceBehavior [ RunTime:0.000545s ]
INFO: [ app_end ] --END-- [ RunTime:0.000646s ]

[ 2016-03-22T12:34:38+08:00 ] 127.0.0.1 /index.php/Home/Star/index.html
INFO: [ app_init ] --START--
INFO: Run Behavior\BuildLiteBehavior [ RunTime:0.000045s ]
INFO: [ app_init ] --END-- [ RunTime:0.000611s ]
INFO: [ app_begin ] --START--
INFO: Run Behavior\ReadHtmlCacheBehavior [ RunTime:0.000480s ]
INFO: [ app_begin ] --END-- [ RunTime:0.000595s ]
SQL: SHOW COLUMNS FROM `cww_star` [ RunTime:0.0123s ]
NOTIC: [8] Use of undefined constant int - assumed 'int' D:\Software\wamp\www\Application\Home\Controller\StarController.class.php 第 8 行.
SQL: SELECT DISTINCT  * FROM `cww_star` ORDER BY rand() LIMIT 0,3   [ RunTime:0.2233s ]
SQL: SELECT COUNT(*) AS tp_count FROM `cww_star` LIMIT 1   [ RunTime:0.0114s ]
NOTIC: [8] Use of undefined constant pagination - assumed 'pagination' D:\Software\wamp\www\ThinkPHP\Library\Think\Page.class.php 第 143 行.
INFO: [ view_parse ] --START--
INFO: [ template_filter ] --START--
INFO: Run Behavior\ContentReplaceBehavior [ RunTime:0.000083s ]
INFO: [ template_filter ] --END-- [ RunTime:0.000183s ]
NOTIC: [8] Undefined variable: first D:\Software\wamp\www\Application\Runtime\Cache\Home\f0794808b67f08aee547d0ea717b5572.php 第 70 行.
NOTIC: [8] Undefined variable: second D:\Software\wamp\www\Application\Runtime\Cache\Home\f0794808b67f08aee547d0ea717b5572.php 第 71 行.
INFO: Run Behavior\ParseTemplateBehavior [ RunTime:0.009825s ]
INFO: [ view_parse ] --END-- [ RunTime:0.009917s ]
INFO: [ view_filter ] --START--
INFO: Run Behavior\WriteHtmlCacheBehavior [ RunTime:0.000265s ]
INFO: [ view_filter ] --END-- [ RunTime:0.000347s ]
INFO: [ app_end ] --START--
INFO: Run Behavior\ShowPageTraceBehavior [ RunTime:0.000523s ]
INFO: [ app_end ] --END-- [ RunTime:0.000616s ]

[ 2016-03-22T12:34:38+08:00 ] 127.0.0.1 /index.php/Home/Star/index.html
INFO: [ app_init ] --START--
INFO: Run Behavior\BuildLiteBehavior [ RunTime:0.000023s ]
INFO: [ app_init ] --END-- [ RunTime:0.000522s ]
INFO: [ app_begin ] --START--
INFO: Run Behavior\ReadHtmlCacheBehavior [ RunTime:0.000737s ]
INFO: [ app_begin ] --END-- [ RunTime:0.000857s ]
SQL: SHOW COLUMNS FROM `cww_star` [ RunTime:0.0125s ]
NOTIC: [8] Use of undefined constant int - assumed 'int' D:\Software\wamp\www\Application\Home\Controller\StarController.class.php 第 8 行.
SQL: SELECT DISTINCT  * FROM `cww_star` ORDER BY rand() LIMIT 0,3   [ RunTime:0.0116s ]
SQL: SELECT COUNT(*) AS tp_count FROM `cww_star` LIMIT 1   [ RunTime:0.2244s ]
NOTIC: [8] Use of undefined constant pagination - assumed 'pagination' D:\Software\wamp\www\ThinkPHP\Library\Think\Page.class.php 第 143 行.
INFO: [ view_parse ] --START--
INFO: [ template_filter ] --START--
INFO: Run Behavior\ContentReplaceBehavior [ RunTime:0.000082s ]
INFO: [ template_filter ] --END-- [ RunTime:0.000188s ]
NOTIC: [8] Undefined variable: first D:\Software\wamp\www\Application\Runtime\Cache\Home\f0794808b67f08aee547d0ea717b5572.php 第 70 行.
NOTIC: [8] Undefined variable: second D:\Software\wamp\www\Application\Runtime\Cache\Home\f0794808b67f08aee547d0ea717b5572.php 第 71 行.
INFO: Run Behavior\ParseTemplateBehavior [ RunTime:0.010963s ]
INFO: [ view_parse ] --END-- [ RunTime:0.011060s ]
INFO: [ view_filter ] --START--
INFO: Run Behavior\WriteHtmlCacheBehavior [ RunTime:0.000421s ]
INFO: [ view_filter ] --END-- [ RunTime:0.000508s ]
INFO: [ app_end ] --START--
INFO: Run Behavior\ShowPageTraceBehavior [ RunTime:0.000667s ]
INFO: [ app_end ] --END-- [ RunTime:0.000772s ]

[ 2016-03-22T12:34:39+08:00 ] 127.0.0.1 /index.php/Home/Star/index.html
INFO: [ app_init ] --START--
INFO: Run Behavior\BuildLiteBehavior [ RunTime:0.000022s ]
INFO: [ app_init ] --END-- [ RunTime:0.000376s ]
INFO: [ app_begin ] --START--
INFO: Run Behavior\ReadHtmlCacheBehavior [ RunTime:0.000765s ]
INFO: [ app_begin ] --END-- [ RunTime:0.001101s ]
SQL: SHOW COLUMNS FROM `cww_star` [ RunTime:0.0180s ]
NOTIC: [8] Use of undefined constant int - assumed 'int' D:\Software\wamp\www\Application\Home\Controller\StarController.class.php 第 8 行.
SQL: SELECT DISTINCT  * FROM `cww_star` ORDER BY rand() LIMIT 0,3   [ RunTime:0.0179s ]
SQL: SELECT COUNT(*) AS tp_count FROM `cww_star` LIMIT 1   [ RunTime:0.0174s ]
NOTIC: [8] Use of undefined constant pagination - assumed 'pagination' D:\Software\wamp\www\ThinkPHP\Library\Think\Page.class.php 第 143 行.
INFO: [ view_parse ] --START--
INFO: [ template_filter ] --START--
INFO: Run Behavior\ContentReplaceBehavior [ RunTime:0.000084s ]
INFO: [ template_filter ] --END-- [ RunTime:0.000196s ]
NOTIC: [8] Undefined variable: first D:\Software\wamp\www\Application\Runtime\Cache\Home\f0794808b67f08aee547d0ea717b5572.php 第 70 行.
NOTIC: [8] Undefined variable: second D:\Software\wamp\www\Application\Runtime\Cache\Home\f0794808b67f08aee547d0ea717b5572.php 第 71 行.
INFO: Run Behavior\ParseTemplateBehavior [ RunTime:0.010376s ]
INFO: [ view_parse ] --END-- [ RunTime:0.010469s ]
INFO: [ view_filter ] --START--
INFO: Run Behavior\WriteHtmlCacheBehavior [ RunTime:0.000483s ]
INFO: [ view_filter ] --END-- [ RunTime:0.000567s ]
INFO: [ app_end ] --START--
INFO: Run Behavior\ShowPageTraceBehavior [ RunTime:0.000623s ]
INFO: [ app_end ] --END-- [ RunTime:0.000710s ]

[ 2016-03-22T12:34:43+08:00 ] 127.0.0.1 /index.php/Home/Manager/managerLogin.html
INFO: [ app_init ] --START--
INFO: Run Behavior\BuildLiteBehavior [ RunTime:0.000021s ]
INFO: [ app_init ] --END-- [ RunTime:0.000401s ]
INFO: [ app_begin ] --START--
INFO: Run Behavior\ReadHtmlCacheBehavior [ RunTime:0.000920s ]
INFO: [ app_begin ] --END-- [ RunTime:0.001064s ]
INFO: [ view_parse ] --START--
INFO: [ template_filter ] --START--
INFO: Run Behavior\ContentReplaceBehavior [ RunTime:0.000075s ]
INFO: [ template_filter ] --END-- [ RunTime:0.000185s ]
INFO: Run Behavior\ParseTemplateBehavior [ RunTime:0.006740s ]
INFO: [ view_parse ] --END-- [ RunTime:0.006845s ]
INFO: [ view_filter ] --START--
INFO: Run Behavior\WriteHtmlCacheBehavior [ RunTime:0.000419s ]
INFO: [ view_filter ] --END-- [ RunTime:0.000567s ]
INFO: [ app_end ] --START--
INFO: Run Behavior\ShowPageTraceBehavior [ RunTime:0.000657s ]
INFO: [ app_end ] --END-- [ RunTime:0.000747s ]

[ 2016-03-22T12:34:49+08:00 ] 127.0.0.1 /index.php/Home/Manager/testLogin.html
INFO: [ app_init ] --START--
INFO: Run Behavior\BuildLiteBehavior [ RunTime:0.000024s ]
INFO: [ app_init ] --END-- [ RunTime:0.000641s ]
INFO: [ app_begin ] --START--
INFO: Run Behavior\ReadHtmlCacheBehavior [ RunTime:0.001716s ]
INFO: [ app_begin ] --END-- [ RunTime:0.002031s ]
SQL: SHOW COLUMNS FROM `cww_manager` [ RunTime:0.0102s ]
SQL: SELECT * FROM `cww_manager` WHERE ( username='qxg_manager' ) LIMIT 1   [ RunTime:0.0117s ]
INFO: [ app_end ] --START--
INFO: Run Behavior\ShowPageTraceBehavior [ RunTime:0.001127s ]
INFO: [ app_end ] --END-- [ RunTime:0.001247s ]

[ 2016-03-22T12:34:49+08:00 ] 127.0.0.1 /index.php/Home/Manager/manager
INFO: [ app_init ] --START--
INFO: Run Behavior\BuildLiteBehavior [ RunTime:0.000040s ]
INFO: [ app_init ] --END-- [ RunTime:0.000945s ]
INFO: [ app_begin ] --START--
INFO: Run Behavior\ReadHtmlCacheBehavior [ RunTime:0.001949s ]
INFO: [ app_begin ] --END-- [ RunTime:0.002396s ]
INFO: [ view_parse ] --START--
INFO: [ template_filter ] --START--
INFO: Run Behavior\ContentReplaceBehavior [ RunTime:0.000142s ]
INFO: [ template_filter ] --END-- [ RunTime:0.000327s ]
INFO: Run Behavior\ParseTemplateBehavior [ RunTime:0.013832s ]
INFO: [ view_parse ] --END-- [ RunTime:0.014012s ]
INFO: [ view_filter ] --START--
INFO: Run Behavior\WriteHtmlCacheBehavior [ RunTime:0.000485s ]
INFO: [ view_filter ] --END-- [ RunTime:0.000665s ]
INFO: [ app_end ] --START--
INFO: Run Behavior\ShowPageTraceBehavior [ RunTime:0.000658s ]
INFO: [ app_end ] --END-- [ RunTime:0.000757s ]

[ 2016-03-22T12:34:50+08:00 ] 127.0.0.1 /index.php/Home/Manager/starManager.html
INFO: [ app_init ] --START--
INFO: Run Behavior\BuildLiteBehavior [ RunTime:0.000022s ]
INFO: [ app_init ] --END-- [ RunTime:0.000399s ]
INFO: [ app_begin ] --START--
INFO: Run Behavior\ReadHtmlCacheBehavior [ RunTime:0.001032s ]
INFO: [ app_begin ] --END-- [ RunTime:0.001206s ]
INFO: [ view_parse ] --START--
INFO: [ template_filter ] --START--
INFO: Run Behavior\ContentReplaceBehavior [ RunTime:0.000100s ]
INFO: [ template_filter ] --END-- [ RunTime:0.000218s ]
INFO: Run Behavior\ParseTemplateBehavior [ RunTime:0.009864s ]
INFO: [ view_parse ] --END-- [ RunTime:0.010014s ]
INFO: [ view_filter ] --START--
INFO: Run Behavior\WriteHtmlCacheBehavior [ RunTime:0.000590s ]
INFO: [ view_filter ] --END-- [ RunTime:0.000720s ]
INFO: [ app_end ] --START--
INFO: Run Behavior\ShowPageTraceBehavior [ RunTime:0.000644s ]
INFO: [ app_end ] --END-- [ RunTime:0.000759s ]

[ 2016-03-22T12:34:54+08:00 ] 127.0.0.1 /index.php/Home/Manager/upload.html
INFO: [ app_init ] --START--
INFO: Run Behavior\BuildLiteBehavior [ RunTime:0.000101s ]
INFO: [ app_init ] --END-- [ RunTime:0.001066s ]
INFO: [ app_begin ] --START--
INFO: Run Behavior\ReadHtmlCacheBehavior [ RunTime:0.000823s ]
INFO: [ app_begin ] --END-- [ RunTime:0.000963s ]
NOTIC: [2] call_user_func() expects parameter 1 to be a valid callback, no array or string given D:\Software\wamp\www\ThinkPHP\Library\Think\Upload.class.php 第 170 行.
SQL: SHOW COLUMNS FROM `cww_star` [ RunTime:0.0117s ]
SQL: INSERT INTO `cww_star` (`name`,`des`,`savename`,`uploaddate`) VALUES ('dafa','dfadsf','56f0cb6e98c09.jpg','2016-03-22 12:34:54') [ RunTime:0.0127s ]
INFO: [ view_parse ] --START--
INFO: [ template_filter ] --START--
INFO: Run Behavior\ContentReplaceBehavior [ RunTime:0.000068s ]
INFO: [ template_filter ] --END-- [ RunTime:0.000187s ]
INFO: Run Behavior\ParseTemplateBehavior [ RunTime:0.007286s ]
INFO: [ view_parse ] --END-- [ RunTime:0.007448s ]
INFO: [ view_filter ] --START--
INFO: Run Behavior\WriteHtmlCacheBehavior [ RunTime:0.000429s ]
INFO: [ view_filter ] --END-- [ RunTime:0.000540s ]
INFO: [ app_end ] --START--
INFO: Run Behavior\ShowPageTraceBehavior [ RunTime:0.000723s ]
INFO: [ app_end ] --END-- [ RunTime:0.000820s ]

[ 2016-03-22T12:34:55+08:00 ] 127.0.0.1 /index.php/Home/Manager/starManager.html
INFO: [ app_init ] --START--
INFO: Run Behavior\BuildLiteBehavior [ RunTime:0.000022s ]
INFO: [ app_init ] --END-- [ RunTime:0.000428s ]
INFO: [ app_begin ] --START--
INFO: Run Behavior\ReadHtmlCacheBehavior [ RunTime:0.000607s ]
INFO: [ app_begin ] --END-- [ RunTime:0.000710s ]
INFO: [ view_parse ] --START--
INFO: [ template_filter ] --START--
INFO: Run Behavior\ContentReplaceBehavior [ RunTime:0.000091s ]
INFO: [ template_filter ] --END-- [ RunTime:0.000208s ]
INFO: Run Behavior\ParseTemplateBehavior [ RunTime:0.010115s ]
INFO: [ view_parse ] --END-- [ RunTime:0.010229s ]
INFO: [ view_filter ] --START--
INFO: Run Behavior\WriteHtmlCacheBehavior [ RunTime:0.000460s ]
INFO: [ view_filter ] --END-- [ RunTime:0.000553s ]
INFO: [ app_end ] --START--
INFO: Run Behavior\ShowPageTraceBehavior [ RunTime:0.000616s ]
INFO: [ app_end ] --END-- [ RunTime:0.000735s ]

[ 2016-03-22T12:34:57+08:00 ] 127.0.0.1 /index.php/Home/Index/main.html
INFO: [ app_init ] --START--
INFO: Run Behavior\BuildLiteBehavior [ RunTime:0.000023s ]
INFO: [ app_init ] --END-- [ RunTime:0.000497s ]
INFO: [ app_begin ] --START--
INFO: Run Behavior\ReadHtmlCacheBehavior [ RunTime:0.000678s ]
INFO: [ app_begin ] --END-- [ RunTime:0.000797s ]
INFO: [ view_parse ] --START--
INFO: [ template_filter ] --START--
INFO: Run Behavior\ContentReplaceBehavior [ RunTime:0.000084s ]
INFO: [ template_filter ] --END-- [ RunTime:0.000195s ]
INFO: Run Behavior\ParseTemplateBehavior [ RunTime:0.009708s ]
INFO: [ view_parse ] --END-- [ RunTime:0.009845s ]
INFO: [ view_filter ] --START--
INFO: Run Behavior\WriteHtmlCacheBehavior [ RunTime:0.000424s ]
INFO: [ view_filter ] --END-- [ RunTime:0.000578s ]
INFO: [ app_end ] --START--
INFO: Run Behavior\ShowPageTraceBehavior [ RunTime:0.000616s ]
INFO: [ app_end ] --END-- [ RunTime:0.000710s ]

[ 2016-03-22T12:34:59+08:00 ] 127.0.0.1 /index.php/Home/Star/index.html
INFO: [ app_init ] --START--
INFO: Run Behavior\BuildLiteBehavior [ RunTime:0.000021s ]
INFO: [ app_init ] --END-- [ RunTime:0.000398s ]
INFO: [ app_begin ] --START--
INFO: Run Behavior\ReadHtmlCacheBehavior [ RunTime:0.000610s ]
INFO: [ app_begin ] --END-- [ RunTime:0.000718s ]
SQL: SHOW COLUMNS FROM `cww_star` [ RunTime:0.6442s ]
NOTIC: [8] Use of undefined constant int - assumed 'int' D:\Software\wamp\www\Application\Home\Controller\StarController.class.php 第 8 行.
SQL: SELECT DISTINCT  * FROM `cww_star` ORDER BY rand() LIMIT 0,3   [ RunTime:0.0118s ]
SQL: SELECT COUNT(*) AS tp_count FROM `cww_star` LIMIT 1   [ RunTime:0.0114s ]
NOTIC: [8] Use of undefined constant pagination - assumed 'pagination' D:\Software\wamp\www\ThinkPHP\Library\Think\Page.class.php 第 143 行.
INFO: [ view_parse ] --START--
INFO: [ template_filter ] --START--
INFO: Run Behavior\ContentReplaceBehavior [ RunTime:0.000140s ]
INFO: [ template_filter ] --END-- [ RunTime:0.000342s ]
NOTIC: [8] Undefined variable: first D:\Software\wamp\www\Application\Runtime\Cache\Home\f0794808b67f08aee547d0ea717b5572.php 第 70 行.
NOTIC: [8] Undefined variable: second D:\Software\wamp\www\Application\Runtime\Cache\Home\f0794808b67f08aee547d0ea717b5572.php 第 71 行.
INFO: Run Behavior\ParseTemplateBehavior [ RunTime:0.015139s ]
INFO: [ view_parse ] --END-- [ RunTime:0.015450s ]
INFO: [ view_filter ] --START--
INFO: Run Behavior\WriteHtmlCacheBehavior [ RunTime:0.000538s ]
INFO: [ view_filter ] --END-- [ RunTime:0.000634s ]
INFO: [ app_end ] --START--
INFO: Run Behavior\ShowPageTraceBehavior [ RunTime:0.000631s ]
INFO: [ app_end ] --END-- [ RunTime:0.000740s ]

[ 2016-03-22T12:35:04+08:00 ] 127.0.0.1 /index.php/Home/Star/index/p/2.html
INFO: [ app_init ] --START--
INFO: Run Behavior\BuildLiteBehavior [ RunTime:0.000021s ]
INFO: [ app_init ] --END-- [ RunTime:0.000471s ]
INFO: [ app_begin ] --START--
INFO: Run Behavior\ReadHtmlCacheBehavior [ RunTime:0.000629s ]
INFO: [ app_begin ] --END-- [ RunTime:0.000734s ]
SQL: SHOW COLUMNS FROM `cww_star` [ RunTime:0.0187s ]
NOTIC: [8] Use of undefined constant int - assumed 'int' D:\Software\wamp\www\Application\Home\Controller\StarController.class.php 第 8 行.
SQL: SELECT DISTINCT  * FROM `cww_star` ORDER BY rand() LIMIT 3,3   [ RunTime:0.0172s ]
SQL: SELECT COUNT(*) AS tp_count FROM `cww_star` LIMIT 1   [ RunTime:0.0180s ]
NOTIC: [8] Use of undefined constant pagination - assumed 'pagination' D:\Software\wamp\www\ThinkPHP\Library\Think\Page.class.php 第 143 行.
INFO: [ view_parse ] --START--
INFO: [ template_filter ] --START--
INFO: Run Behavior\ContentReplaceBehavior [ RunTime:0.000087s ]
INFO: [ template_filter ] --END-- [ RunTime:0.000203s ]
NOTIC: [8] Undefined variable: first D:\Software\wamp\www\Application\Runtime\Cache\Home\f0794808b67f08aee547d0ea717b5572.php 第 70 行.
NOTIC: [8] Undefined variable: second D:\Software\wamp\www\Application\Runtime\Cache\Home\f0794808b67f08aee547d0ea717b5572.php 第 71 行.
INFO: Run Behavior\ParseTemplateBehavior [ RunTime:0.012437s ]
INFO: [ view_parse ] --END-- [ RunTime:0.012577s ]
INFO: [ view_filter ] --START--
INFO: Run Behavior\WriteHtmlCacheBehavior [ RunTime:0.000535s ]
INFO: [ view_filter ] --END-- [ RunTime:0.000628s ]
INFO: [ app_end ] --START--
INFO: Run Behavior\ShowPageTraceBehavior [ RunTime:0.000668s ]
INFO: [ app_end ] --END-- [ RunTime:0.000790s ]

[ 2016-03-22T12:35:06+08:00 ] 127.0.0.1 /index.php/Home/Star/index/p/1.html
INFO: [ app_init ] --START--
INFO: Run Behavior\BuildLiteBehavior [ RunTime:0.000022s ]
INFO: [ app_init ] --END-- [ RunTime:0.000392s ]
INFO: [ app_begin ] --START--
INFO: Run Behavior\ReadHtmlCacheBehavior [ RunTime:0.000812s ]
INFO: [ app_begin ] --END-- [ RunTime:0.000919s ]
SQL: SHOW COLUMNS FROM `cww_star` [ RunTime:0.0170s ]
NOTIC: [8] Use of undefined constant int - assumed 'int' D:\Software\wamp\www\Application\Home\Controller\StarController.class.php 第 8 行.
SQL: SELECT DISTINCT  * FROM `cww_star` ORDER BY rand() LIMIT 0,3   [ RunTime:0.0126s ]
SQL: SELECT COUNT(*) AS tp_count FROM `cww_star` LIMIT 1   [ RunTime:0.0117s ]
NOTIC: [8] Use of undefined constant pagination - assumed 'pagination' D:\Software\wamp\www\ThinkPHP\Library\Think\Page.class.php 第 143 行.
INFO: [ view_parse ] --START--
INFO: [ template_filter ] --START--
INFO: Run Behavior\ContentReplaceBehavior [ RunTime:0.000101s ]
INFO: [ template_filter ] --END-- [ RunTime:0.000220s ]
NOTIC: [8] Undefined variable: first D:\Software\wamp\www\Application\Runtime\Cache\Home\f0794808b67f08aee547d0ea717b5572.php 第 70 行.
NOTIC: [8] Undefined variable: second D:\Software\wamp\www\Application\Runtime\Cache\Home\f0794808b67f08aee547d0ea717b5572.php 第 71 行.
INFO: Run Behavior\ParseTemplateBehavior [ RunTime:0.010890s ]
INFO: [ view_parse ] --END-- [ RunTime:0.011002s ]
INFO: [ view_filter ] --START--
INFO: Run Behavior\WriteHtmlCacheBehavior [ RunTime:0.000710s ]
INFO: [ view_filter ] --END-- [ RunTime:0.000873s ]
INFO: [ app_end ] --START--
INFO: Run Behavior\ShowPageTraceBehavior [ RunTime:0.001342s ]
INFO: [ app_end ] --END-- [ RunTime:0.001497s ]

[ 2016-03-22T12:35:09+08:00 ] 127.0.0.1 /index.php/Home/Star/index/p/2.html
INFO: [ app_init ] --START--
INFO: Run Behavior\BuildLiteBehavior [ RunTime:0.000022s ]
INFO: [ app_init ] --END-- [ RunTime:0.000400s ]
INFO: [ app_begin ] --START--
INFO: Run Behavior\ReadHtmlCacheBehavior [ RunTime:0.000644s ]
INFO: [ app_begin ] --END-- [ RunTime:0.000755s ]
SQL: SHOW COLUMNS FROM `cww_star` [ RunTime:0.4369s ]
NOTIC: [8] Use of undefined constant int - assumed 'int' D:\Software\wamp\www\Application\Home\Controller\StarController.class.php 第 8 行.
SQL: SELECT DISTINCT  * FROM `cww_star` ORDER BY rand() LIMIT 3,3   [ RunTime:0.0116s ]
SQL: SELECT COUNT(*) AS tp_count FROM `cww_star` LIMIT 1   [ RunTime:0.0114s ]
NOTIC: [8] Use of undefined constant pagination - assumed 'pagination' D:\Software\wamp\www\ThinkPHP\Library\Think\Page.class.php 第 143 行.
INFO: [ view_parse ] --START--
INFO: [ template_filter ] --START--
INFO: Run Behavior\ContentReplaceBehavior [ RunTime:0.000087s ]
INFO: [ template_filter ] --END-- [ RunTime:0.000200s ]
NOTIC: [8] Undefined variable: first D:\Software\wamp\www\Application\Runtime\Cache\Home\f0794808b67f08aee547d0ea717b5572.php 第 70 行.
NOTIC: [8] Undefined variable: second D:\Software\wamp\www\Application\Runtime\Cache\Home\f0794808b67f08aee547d0ea717b5572.php 第 71 行.
INFO: Run Behavior\ParseTemplateBehavior [ RunTime:0.011086s ]
INFO: [ view_parse ] --END-- [ RunTime:0.011186s ]
INFO: [ view_filter ] --START--
INFO: Run Behavior\WriteHtmlCacheBehavior [ RunTime:0.000496s ]
INFO: [ view_filter ] --END-- [ RunTime:0.000585s ]
INFO: [ app_end ] --START--
INFO: Run Behavior\ShowPageTraceBehavior [ RunTime:0.000604s ]
INFO: [ app_end ] --END-- [ RunTime:0.000696s ]

[ 2016-03-22T12:35:42+08:00 ] 127.0.0.1 /index.php/Home/Star/index/p/2.html
INFO: [ app_init ] --START--
INFO: Run Behavior\BuildLiteBehavior [ RunTime:0.000021s ]
INFO: [ app_init ] --END-- [ RunTime:0.000428s ]
INFO: [ app_begin ] --START--
INFO: Run Behavior\ReadHtmlCacheBehavior [ RunTime:0.000639s ]
INFO: [ app_begin ] --END-- [ RunTime:0.000747s ]
SQL: SHOW COLUMNS FROM `cww_star` [ RunTime:0.0117s ]
NOTIC: [8] Use of undefined constant int - assumed 'int' D:\Software\wamp\www\Application\Home\Controller\StarController.class.php 第 8 行.
SQL: SELECT DISTINCT  * FROM `cww_star` ORDER BY uploaddate DESC LIMIT 3,3   [ RunTime:0.0118s ]
SQL: SELECT COUNT(*) AS tp_count FROM `cww_star` LIMIT 1   [ RunTime:0.0114s ]
NOTIC: [8] Use of undefined constant pagination - assumed 'pagination' D:\Software\wamp\www\ThinkPHP\Library\Think\Page.class.php 第 143 行.
INFO: [ view_parse ] --START--
INFO: [ template_filter ] --START--
INFO: Run Behavior\ContentReplaceBehavior [ RunTime:0.000088s ]
INFO: [ template_filter ] --END-- [ RunTime:0.000201s ]
NOTIC: [8] Undefined variable: first D:\Software\wamp\www\Application\Runtime\Cache\Home\f0794808b67f08aee547d0ea717b5572.php 第 70 行.
NOTIC: [8] Undefined variable: second D:\Software\wamp\www\Application\Runtime\Cache\Home\f0794808b67f08aee547d0ea717b5572.php 第 71 行.
INFO: Run Behavior\ParseTemplateBehavior [ RunTime:0.011708s ]
INFO: [ view_parse ] --END-- [ RunTime:0.011810s ]
INFO: [ view_filter ] --START--
INFO: Run Behavior\WriteHtmlCacheBehavior [ RunTime:0.000561s ]
INFO: [ view_filter ] --END-- [ RunTime:0.000656s ]
INFO: [ app_end ] --START--
INFO: Run Behavior\ShowPageTraceBehavior [ RunTime:0.000690s ]
INFO: [ app_end ] --END-- [ RunTime:0.000791s ]

[ 2016-03-22T12:35:43+08:00 ] 127.0.0.1 /index.php/Home/Star/index/p/1.html
INFO: [ app_init ] --START--
INFO: Run Behavior\BuildLiteBehavior [ RunTime:0.000034s ]
INFO: [ app_init ] --END-- [ RunTime:0.000429s ]
INFO: [ app_begin ] --START--
INFO: Run Behavior\ReadHtmlCacheBehavior [ RunTime:0.000599s ]
INFO: [ app_begin ] --END-- [ RunTime:0.000699s ]
SQL: SHOW COLUMNS FROM `cww_star` [ RunTime:0.0133s ]
NOTIC: [8] Use of undefined constant int - assumed 'int' D:\Software\wamp\www\Application\Home\Controller\StarController.class.php 第 8 行.
SQL: SELECT DISTINCT  * FROM `cww_star` ORDER BY uploaddate DESC LIMIT 0,3   [ RunTime:0.0118s ]
SQL: SELECT COUNT(*) AS tp_count FROM `cww_star` LIMIT 1   [ RunTime:0.0122s ]
NOTIC: [8] Use of undefined constant pagination - assumed 'pagination' D:\Software\wamp\www\ThinkPHP\Library\Think\Page.class.php 第 143 行.
INFO: [ view_parse ] --START--
INFO: [ template_filter ] --START--
INFO: Run Behavior\ContentReplaceBehavior [ RunTime:0.000084s ]
INFO: [ template_filter ] --END-- [ RunTime:0.000184s ]
NOTIC: [8] Undefined variable: first D:\Software\wamp\www\Application\Runtime\Cache\Home\f0794808b67f08aee547d0ea717b5572.php 第 70 行.
NOTIC: [8] Undefined variable: second D:\Software\wamp\www\Application\Runtime\Cache\Home\f0794808b67f08aee547d0ea717b5572.php 第 71 行.
INFO: Run Behavior\ParseTemplateBehavior [ RunTime:0.011250s ]
INFO: [ view_parse ] --END-- [ RunTime:0.011344s ]
INFO: [ view_filter ] --START--
INFO: Run Behavior\WriteHtmlCacheBehavior [ RunTime:0.000464s ]
INFO: [ view_filter ] --END-- [ RunTime:0.000549s ]
INFO: [ app_end ] --START--
INFO: Run Behavior\ShowPageTraceBehavior [ RunTime:0.000646s ]
INFO: [ app_end ] --END-- [ RunTime:0.000733s ]

[ 2016-03-22T12:35:49+08:00 ] 127.0.0.1 /index.php/Home/Star/index/p/2.html
INFO: [ app_init ] --START--
INFO: Run Behavior\BuildLiteBehavior [ RunTime:0.000031s ]
INFO: [ app_init ] --END-- [ RunTime:0.000393s ]
INFO: [ app_begin ] --START--
INFO: Run Behavior\ReadHtmlCacheBehavior [ RunTime:0.000413s ]
INFO: [ app_begin ] --END-- [ RunTime:0.000517s ]
SQL: SHOW COLUMNS FROM `cww_star` [ RunTime:0.0144s ]
NOTIC: [8] Use of undefined constant int - assumed 'int' D:\Software\wamp\www\Application\Home\Controller\StarController.class.php 第 8 行.
SQL: SELECT DISTINCT  * FROM `cww_star` ORDER BY uploaddate DESC LIMIT 3,3   [ RunTime:0.0137s ]
SQL: SELECT COUNT(*) AS tp_count FROM `cww_star` LIMIT 1   [ RunTime:0.0115s ]
NOTIC: [8] Use of undefined constant pagination - assumed 'pagination' D:\Software\wamp\www\ThinkPHP\Library\Think\Page.class.php 第 143 行.
INFO: [ view_parse ] --START--
INFO: [ template_filter ] --START--
INFO: Run Behavior\ContentReplaceBehavior [ RunTime:0.000083s ]
INFO: [ template_filter ] --END-- [ RunTime:0.000188s ]
NOTIC: [8] Undefined variable: first D:\Software\wamp\www\Application\Runtime\Cache\Home\f0794808b67f08aee547d0ea717b5572.php 第 70 行.
NOTIC: [8] Undefined variable: second D:\Software\wamp\www\Application\Runtime\Cache\Home\f0794808b67f08aee547d0ea717b5572.php 第 71 行.
INFO: Run Behavior\ParseTemplateBehavior [ RunTime:0.010105s ]
INFO: [ view_parse ] --END-- [ RunTime:0.010200s ]
INFO: [ view_filter ] --START--
INFO: Run Behavior\WriteHtmlCacheBehavior [ RunTime:0.000251s ]
INFO: [ view_filter ] --END-- [ RunTime:0.000333s ]
INFO: [ app_end ] --START--
INFO: Run Behavior\ShowPageTraceBehavior [ RunTime:0.000539s ]
INFO: [ app_end ] --END-- [ RunTime:0.000630s ]

[ 2016-03-22T12:35:52+08:00 ] 127.0.0.1 /index.php/Home/Star/index/p/2.html
INFO: [ app_init ] --START--
INFO: Run Behavior\BuildLiteBehavior [ RunTime:0.000038s ]
INFO: [ app_init ] --END-- [ RunTime:0.000623s ]
INFO: [ app_begin ] --START--
INFO: Run Behavior\ReadHtmlCacheBehavior [ RunTime:0.000933s ]
INFO: [ app_begin ] --END-- [ RunTime:0.001103s ]
SQL: SHOW COLUMNS FROM `cww_star` [ RunTime:0.0141s ]
NOTIC: [8] Use of undefined constant int - assumed 'int' D:\Software\wamp\www\Application\Home\Controller\StarController.class.php 第 8 行.
SQL: SELECT DISTINCT  * FROM `cww_star` ORDER BY uploaddate DESC LIMIT 3,3   [ RunTime:0.0147s ]
SQL: SELECT COUNT(*) AS tp_count FROM `cww_star` LIMIT 1   [ RunTime:0.0127s ]
NOTIC: [8] Use of undefined constant pagination - assumed 'pagination' D:\Software\wamp\www\ThinkPHP\Library\Think\Page.class.php 第 143 行.
INFO: [ view_parse ] --START--
INFO: [ template_filter ] --START--
INFO: Run Behavior\ContentReplaceBehavior [ RunTime:0.000108s ]
INFO: [ template_filter ] --END-- [ RunTime:0.000227s ]
NOTIC: [8] Undefined variable: first D:\Software\wamp\www\Application\Runtime\Cache\Home\f0794808b67f08aee547d0ea717b5572.php 第 70 行.
NOTIC: [8] Undefined variable: second D:\Software\wamp\www\Application\Runtime\Cache\Home\f0794808b67f08aee547d0ea717b5572.php 第 71 行.
INFO: Run Behavior\ParseTemplateBehavior [ RunTime:0.014184s ]
INFO: [ view_parse ] --END-- [ RunTime:0.014430s ]
INFO: [ view_filter ] --START--
INFO: Run Behavior\WriteHtmlCacheBehavior [ RunTime:0.001175s ]
INFO: [ view_filter ] --END-- [ RunTime:0.001561s ]
INFO: [ app_end ] --START--
INFO: Run Behavior\ShowPageTraceBehavior [ RunTime:0.001555s ]
INFO: [ app_end ] --END-- [ RunTime:0.001730s ]

[ 2016-03-22T12:35:54+08:00 ] 127.0.0.1 /index.php/Home/Star/index/p/1.html
INFO: [ app_init ] --START--
INFO: Run Behavior\BuildLiteBehavior [ RunTime:0.000022s ]
INFO: [ app_init ] --END-- [ RunTime:0.000388s ]
INFO: [ app_begin ] --START--
INFO: Run Behavior\ReadHtmlCacheBehavior [ RunTime:0.000637s ]
INFO: [ app_begin ] --END-- [ RunTime:0.000731s ]
SQL: SHOW COLUMNS FROM `cww_star` [ RunTime:0.0183s ]
NOTIC: [8] Use of undefined constant int - assumed 'int' D:\Software\wamp\www\Application\Home\Controller\StarController.class.php 第 8 行.
SQL: SELECT DISTINCT  * FROM `cww_star` ORDER BY uploaddate DESC LIMIT 0,3   [ RunTime:0.0192s ]
SQL: SELECT COUNT(*) AS tp_count FROM `cww_star` LIMIT 1   [ RunTime:0.0173s ]
NOTIC: [8] Use of undefined constant pagination - assumed 'pagination' D:\Software\wamp\www\ThinkPHP\Library\Think\Page.class.php 第 143 行.
INFO: [ view_parse ] --START--
INFO: [ template_filter ] --START--
INFO: Run Behavior\ContentReplaceBehavior [ RunTime:0.000150s ]
INFO: [ template_filter ] --END-- [ RunTime:0.000255s ]
NOTIC: [8] Undefined variable: first D:\Software\wamp\www\Application\Runtime\Cache\Home\f0794808b67f08aee547d0ea717b5572.php 第 70 行.
NOTIC: [8] Undefined variable: second D:\Software\wamp\www\Application\Runtime\Cache\Home\f0794808b67f08aee547d0ea717b5572.php 第 71 行.
INFO: Run Behavior\ParseTemplateBehavior [ RunTime:0.010390s ]
INFO: [ view_parse ] --END-- [ RunTime:0.010484s ]
INFO: [ view_filter ] --START--
INFO: Run Behavior\WriteHtmlCacheBehavior [ RunTime:0.000411s ]
INFO: [ view_filter ] --END-- [ RunTime:0.000493s ]
INFO: [ app_end ] --START--
INFO: Run Behavior\ShowPageTraceBehavior [ RunTime:0.000573s ]
INFO: [ app_end ] --END-- [ RunTime:0.000659s ]

[ 2016-03-22T12:35:56+08:00 ] 127.0.0.1 /index.php/Home/Star/index/p/2.html
INFO: [ app_init ] --START--
INFO: Run Behavior\BuildLiteBehavior [ RunTime:0.000021s ]
INFO: [ app_init ] --END-- [ RunTime:0.000380s ]
INFO: [ app_begin ] --START--
INFO: Run Behavior\ReadHtmlCacheBehavior [ RunTime:0.000663s ]
INFO: [ app_begin ] --END-- [ RunTime:0.000763s ]
SQL: SHOW COLUMNS FROM `cww_star` [ RunTime:0.0200s ]
NOTIC: [8] Use of undefined constant int - assumed 'int' D:\Software\wamp\www\Application\Home\Controller\StarController.class.php 第 8 行.
SQL: SELECT DISTINCT  * FROM `cww_star` ORDER BY uploaddate DESC LIMIT 3,3   [ RunTime:0.0173s ]
SQL: SELECT COUNT(*) AS tp_count FROM `cww_star` LIMIT 1   [ RunTime:0.0168s ]
NOTIC: [8] Use of undefined constant pagination - assumed 'pagination' D:\Software\wamp\www\ThinkPHP\Library\Think\Page.class.php 第 143 行.
INFO: [ view_parse ] --START--
INFO: [ template_filter ] --START--
INFO: Run Behavior\ContentReplaceBehavior [ RunTime:0.000128s ]
INFO: [ template_filter ] --END-- [ RunTime:0.000279s ]
NOTIC: [8] Undefined variable: first D:\Software\wamp\www\Application\Runtime\Cache\Home\f0794808b67f08aee547d0ea717b5572.php 第 70 行.
NOTIC: [8] Undefined variable: second D:\Software\wamp\www\Application\Runtime\Cache\Home\f0794808b67f08aee547d0ea717b5572.php 第 71 行.
INFO: Run Behavior\ParseTemplateBehavior [ RunTime:0.012466s ]
INFO: [ view_parse ] --END-- [ RunTime:0.012593s ]
INFO: [ view_filter ] --START--
INFO: Run Behavior\WriteHtmlCacheBehavior [ RunTime:0.000706s ]
INFO: [ view_filter ] --END-- [ RunTime:0.000839s ]
INFO: [ app_end ] --START--
INFO: Run Behavior\ShowPageTraceBehavior [ RunTime:0.000872s ]
INFO: [ app_end ] --END-- [ RunTime:0.001011s ]

[ 2016-03-22T12:35:58+08:00 ] 127.0.0.1 /index.php/Home/Star/index/p/1.html
INFO: [ app_init ] --START--
INFO: Run Behavior\BuildLiteBehavior [ RunTime:0.000038s ]
INFO: [ app_init ] --END-- [ RunTime:0.000752s ]
INFO: [ app_begin ] --START--
INFO: Run Behavior\ReadHtmlCacheBehavior [ RunTime:0.000739s ]
INFO: [ app_begin ] --END-- [ RunTime:0.000853s ]
SQL: SHOW COLUMNS FROM `cww_star` [ RunTime:0.0192s ]
NOTIC: [8] Use of undefined constant int - assumed 'int' D:\Software\wamp\www\Application\Home\Controller\StarController.class.php 第 8 行.
SQL: SELECT DISTINCT  * FROM `cww_star` ORDER BY uploaddate DESC LIMIT 0,3   [ RunTime:0.0172s ]
SQL: SELECT COUNT(*) AS tp_count FROM `cww_star` LIMIT 1   [ RunTime:0.0175s ]
NOTIC: [8] Use of undefined constant pagination - assumed 'pagination' D:\Software\wamp\www\ThinkPHP\Library\Think\Page.class.php 第 143 行.
INFO: [ view_parse ] --START--
INFO: [ template_filter ] --START--
INFO: Run Behavior\ContentReplaceBehavior [ RunTime:0.000086s ]
INFO: [ template_filter ] --END-- [ RunTime:0.000187s ]
NOTIC: [8] Undefined variable: first D:\Software\wamp\www\Application\Runtime\Cache\Home\f0794808b67f08aee547d0ea717b5572.php 第 70 行.
NOTIC: [8] Undefined variable: second D:\Software\wamp\www\Application\Runtime\Cache\Home\f0794808b67f08aee547d0ea717b5572.php 第 71 行.
INFO: Run Behavior\ParseTemplateBehavior [ RunTime:0.010805s ]
INFO: [ view_parse ] --END-- [ RunTime:0.010921s ]
INFO: [ view_filter ] --START--
INFO: Run Behavior\WriteHtmlCacheBehavior [ RunTime:0.000400s ]
INFO: [ view_filter ] --END-- [ RunTime:0.000484s ]
INFO: [ app_end ] --START--
INFO: Run Behavior\ShowPageTraceBehavior [ RunTime:0.000731s ]
INFO: [ app_end ] --END-- [ RunTime:0.000860s ]

[ 2016-03-22T12:36:02+08:00 ] 127.0.0.1 /index.php/Home/Star/index/p/2.html
INFO: [ app_init ] --START--
INFO: Run Behavior\BuildLiteBehavior [ RunTime:0.000022s ]
INFO: [ app_init ] --END-- [ RunTime:0.000404s ]
INFO: [ app_begin ] --START--
INFO: Run Behavior\ReadHtmlCacheBehavior [ RunTime:0.000662s ]
INFO: [ app_begin ] --END-- [ RunTime:0.000784s ]
SQL: SHOW COLUMNS FROM `cww_star` [ RunTime:0.0216s ]
NOTIC: [8] Use of undefined constant int - assumed 'int' D:\Software\wamp\www\Application\Home\Controller\StarController.class.php 第 8 行.
SQL: SELECT DISTINCT  * FROM `cww_star` ORDER BY uploaddate DESC LIMIT 3,3   [ RunTime:0.0176s ]
SQL: SELECT COUNT(*) AS tp_count FROM `cww_star` LIMIT 1   [ RunTime:0.0173s ]
NOTIC: [8] Use of undefined constant pagination - assumed 'pagination' D:\Software\wamp\www\ThinkPHP\Library\Think\Page.class.php 第 143 行.
INFO: [ view_parse ] --START--
INFO: [ template_filter ] --START--
INFO: Run Behavior\ContentReplaceBehavior [ RunTime:0.000082s ]
INFO: [ template_filter ] --END-- [ RunTime:0.000234s ]
NOTIC: [8] Undefined variable: first D:\Software\wamp\www\Application\Runtime\Cache\Home\f0794808b67f08aee547d0ea717b5572.php 第 70 行.
NOTIC: [8] Undefined variable: second D:\Software\wamp\www\Application\Runtime\Cache\Home\f0794808b67f08aee547d0ea717b5572.php 第 71 行.
INFO: Run Behavior\ParseTemplateBehavior [ RunTime:0.011954s ]
INFO: [ view_parse ] --END-- [ RunTime:0.012046s ]
INFO: [ view_filter ] --START--
INFO: Run Behavior\WriteHtmlCacheBehavior [ RunTime:0.000554s ]
INFO: [ view_filter ] --END-- [ RunTime:0.000647s ]
INFO: [ app_end ] --START--
INFO: Run Behavior\ShowPageTraceBehavior [ RunTime:0.000772s ]
INFO: [ app_end ] --END-- [ RunTime:0.000869s ]

